<?xml version="1.0" encoding="UTF-8"?>
<coverage generated="1773031343356" clover="3.2.0">
  <project timestamp="1773031343356" name="All files">
    <metrics statements="3052" coveredstatements="2873" conditionals="2473" coveredconditionals="1959" methods="397" coveredmethods="338" elements="5922" coveredelements="5170" complexity="0" loc="3052" ncloc="3052" packages="4" files="23" classes="23"/>
    <package name="middleware">
      <metrics statements="32" coveredstatements="32" conditionals="22" coveredconditionals="22" methods="6" coveredmethods="6"/>
      <file name="authenticateToken.js" path="C:\DEV\listed_backend\middleware\authenticateToken.js">
        <metrics statements="14" coveredstatements="14" conditionals="8" coveredconditionals="8" methods="2" coveredmethods="2"/>
        <line num="1" count="15" type="stmt"/>
        <line num="2" count="15" type="stmt"/>
        <line num="6" count="6" type="stmt"/>
        <line num="7" count="6" type="cond" truecount="2" falsecount="0"/>
        <line num="9" count="6" type="cond" truecount="2" falsecount="0"/>
        <line num="11" count="4" type="stmt"/>
        <line num="12" count="4" type="cond" truecount="2" falsecount="0"/>
        <line num="13" count="2" type="cond" truecount="2" falsecount="0"/>
        <line num="14" count="1" type="stmt"/>
        <line num="16" count="1" type="stmt"/>
        <line num="18" count="2" type="stmt"/>
        <line num="19" count="2" type="stmt"/>
        <line num="20" count="2" type="stmt"/>
        <line num="24" count="15" type="stmt"/>
      </file>
      <file name="requireAdmin.js" path="C:\DEV\listed_backend\middleware\requireAdmin.js">
        <metrics statements="4" coveredstatements="4" conditionals="2" coveredconditionals="2" methods="1" coveredmethods="1"/>
        <line num="1" count="2" type="stmt"/>
        <line num="3" count="5" type="stmt"/>
        <line num="5" count="5" type="cond" truecount="2" falsecount="0"/>
        <line num="6" count="4" type="stmt"/>
      </file>
      <file name="requireVerifiedAgent.js" path="C:\DEV\listed_backend\middleware\requireVerifiedAgent.js">
        <metrics statements="14" coveredstatements="14" conditionals="12" coveredconditionals="12" methods="3" coveredmethods="3"/>
        <line num="1" count="1" type="stmt"/>
        <line num="4" count="1" type="stmt"/>
        <line num="5" count="9" type="stmt"/>
        <line num="6" count="9" type="stmt"/>
        <line num="7" count="9" type="cond" truecount="2" falsecount="0"/>
        <line num="9" count="8" type="stmt"/>
        <line num="16" count="8" type="cond" truecount="2" falsecount="0"/>
        <line num="17" count="7" type="cond" truecount="2" falsecount="0"/>
        <line num="19" count="6" type="stmt"/>
        <line num="23" count="6" type="cond" truecount="2" falsecount="0"/>
        <line num="25" count="6" type="cond" truecount="2" falsecount="0"/>
        <line num="27" count="4" type="cond" truecount="2" falsecount="0"/>
        <line num="28" count="2" type="stmt"/>
        <line num="36" count="2" type="stmt"/>
      </file>
    </package>
    <package name="routes">
      <metrics statements="2575" coveredstatements="2415" conditionals="2133" coveredconditionals="1660" methods="314" coveredmethods="258"/>
      <file name="admin.js" path="C:\DEV\listed_backend\routes\admin.js">
        <metrics statements="137" coveredstatements="130" conditionals="62" coveredconditionals="55" methods="17" coveredmethods="16"/>
        <line num="1" count="1" type="stmt"/>
        <line num="2" count="1" type="stmt"/>
        <line num="3" count="1" type="stmt"/>
        <line num="4" count="1" type="stmt"/>
        <line num="5" count="1" type="stmt"/>
        <line num="8" count="1" type="stmt"/>
        <line num="9" count="2" type="stmt"/>
        <line num="44" count="2" type="stmt"/>
        <line num="45" count="2" type="cond" truecount="2" falsecount="0"/>
        <line num="46" count="1" type="stmt"/>
        <line num="51" count="1" type="stmt"/>
        <line num="52" count="3" type="stmt"/>
        <line num="53" count="3" type="stmt"/>
        <line num="55" count="3" type="stmt"/>
        <line num="67" count="3" type="cond" truecount="2" falsecount="0"/>
        <line num="68" count="1" type="stmt"/>
        <line num="71" count="1" type="stmt"/>
        <line num="73" count="2" type="cond" truecount="2" falsecount="0"/>
        <line num="74" count="1" type="stmt"/>
        <line num="80" count="1" type="stmt"/>
        <line num="81" count="3" type="stmt"/>
        <line num="82" count="3" type="stmt"/>
        <line num="83" count="3" type="cond" truecount="2" falsecount="0"/>
        <line num="85" count="3" type="stmt"/>
        <line num="97" count="3" type="cond" truecount="2" falsecount="0"/>
        <line num="98" count="2" type="cond" truecount="2" falsecount="0"/>
        <line num="99" count="1" type="stmt"/>
        <line num="105" count="1" type="stmt"/>
        <line num="106" count="2" type="stmt"/>
        <line num="134" count="2" type="stmt"/>
        <line num="135" count="2" type="cond" truecount="2" falsecount="0"/>
        <line num="136" count="1" type="stmt"/>
        <line num="137" count="1" type="stmt"/>
        <line num="139" count="1" type="stmt"/>
        <line num="144" count="1" type="stmt"/>
        <line num="145" count="3" type="stmt"/>
        <line num="146" count="3" type="stmt"/>
        <line num="147" count="3" type="cond" truecount="2" falsecount="0"/>
        <line num="149" count="3" type="stmt"/>
        <line num="159" count="3" type="cond" truecount="2" falsecount="0"/>
        <line num="160" count="2" type="cond" truecount="2" falsecount="0"/>
        <line num="161" count="1" type="stmt"/>
        <line num="164" count="1" type="stmt"/>
        <line num="165" count="1" type="stmt"/>
        <line num="171" count="1" type="stmt"/>
        <line num="172" count="2" type="stmt"/>
        <line num="173" count="2" type="stmt"/>
        <line num="174" count="2" type="cond" truecount="2" falsecount="0"/>
        <line num="176" count="2" type="stmt"/>
        <line num="186" count="2" type="cond" truecount="1" falsecount="1"/>
        <line num="187" count="2" type="cond" truecount="2" falsecount="0"/>
        <line num="188" count="1" type="stmt"/>
        <line num="194" count="1" type="stmt"/>
        <line num="195" count="4" type="stmt"/>
        <line num="197" count="4" type="cond" truecount="2" falsecount="0"/>
        <line num="198" count="1" type="stmt"/>
        <line num="201" count="3" type="stmt"/>
        <line num="203" count="3" type="stmt"/>
        <line num="204" count="3" type="stmt"/>
        <line num="206" count="3" type="cond" truecount="4" falsecount="0"/>
        <line num="207" count="1" type="stmt"/>
        <line num="208" count="1" type="stmt"/>
        <line num="211" count="3" type="stmt"/>
        <line num="268" count="3" type="stmt"/>
        <line num="269" count="2" type="stmt"/>
        <line num="271" count="1" type="stmt"/>
        <line num="272" count="1" type="stmt"/>
        <line num="277" count="1" type="stmt"/>
        <line num="278" count="4" type="stmt"/>
        <line num="280" count="4" type="cond" truecount="2" falsecount="0"/>
        <line num="281" count="1" type="stmt"/>
        <line num="284" count="3" type="stmt"/>
        <line num="287" count="3" type="stmt"/>
        <line num="300" count="3" type="cond" truecount="2" falsecount="0"/>
        <line num="301" count="1" type="stmt"/>
        <line num="304" count="2" type="stmt"/>
        <line num="306" count="2" type="cond" truecount="2" falsecount="0"/>
        <line num="307" count="1" type="stmt"/>
        <line num="311" count="1" type="stmt"/>
        <line num="330" count="1" type="stmt"/>
        <line num="331" count="1" type="stmt"/>
        <line num="332" count="1" type="stmt"/>
        <line num="333" count="1" type="stmt"/>
        <line num="335" count="1" type="stmt"/>
        <line num="336" count="1" type="stmt"/>
        <line num="337" count="1" type="stmt"/>
        <line num="338" count="1" type="stmt"/>
        <line num="339" count="1" type="stmt"/>
        <line num="340" count="1" type="stmt"/>
        <line num="342" count="1" type="stmt"/>
        <line num="343" count="1" type="stmt"/>
        <line num="344" count="1" type="stmt"/>
        <line num="345" count="1" type="stmt"/>
        <line num="347" count="1" type="stmt"/>
        <line num="348" count="1" type="stmt"/>
        <line num="350" count="1" type="cond" truecount="1" falsecount="1"/>
        <line num="351" count="0" type="stmt"/>
        <line num="353" count="1" type="stmt"/>
        <line num="354" count="1" type="stmt"/>
        <line num="355" count="1" type="stmt"/>
        <line num="356" count="1" type="cond" truecount="1" falsecount="1"/>
        <line num="358" count="1" type="stmt"/>
        <line num="359" count="1" type="cond" truecount="1" falsecount="1"/>
        <line num="361" count="1" type="cond" truecount="1" falsecount="1"/>
        <line num="362" count="0" type="cond" truecount="0" falsecount="2"/>
        <line num="363" count="0" type="stmt"/>
        <line num="366" count="1" type="stmt"/>
        <line num="370" count="1" type="stmt"/>
        <line num="371" count="1" type="stmt"/>
        <line num="372" count="1" type="stmt"/>
        <line num="375" count="1" type="stmt"/>
        <line num="376" count="1" type="stmt"/>
        <line num="377" count="1" type="stmt"/>
        <line num="379" count="0" type="stmt"/>
        <line num="380" count="0" type="stmt"/>
        <line num="385" count="1" type="stmt"/>
        <line num="386" count="3" type="stmt"/>
        <line num="388" count="3" type="cond" truecount="2" falsecount="0"/>
        <line num="389" count="1" type="stmt"/>
        <line num="392" count="2" type="stmt"/>
        <line num="393" count="2" type="stmt"/>
        <line num="395" count="2" type="cond" truecount="2" falsecount="0"/>
        <line num="396" count="1" type="stmt"/>
        <line num="399" count="1" type="stmt"/>
        <line num="404" count="1" type="stmt"/>
        <line num="406" count="0" type="stmt"/>
        <line num="407" count="0" type="stmt"/>
        <line num="412" count="1" type="stmt"/>
        <line num="413" count="3" type="stmt"/>
        <line num="415" count="3" type="cond" truecount="2" falsecount="0"/>
        <line num="416" count="1" type="stmt"/>
        <line num="419" count="2" type="stmt"/>
        <line num="421" count="2" type="stmt"/>
        <line num="423" count="1" type="stmt"/>
        <line num="425" count="1" type="stmt"/>
        <line num="426" count="1" type="stmt"/>
        <line num="430" count="1" type="stmt"/>
      </file>
      <file name="agents.js" path="C:\DEV\listed_backend\routes\agents.js">
        <metrics statements="197" coveredstatements="194" conditionals="208" coveredconditionals="170" methods="22" coveredmethods="22"/>
        <line num="1" count="1" type="stmt"/>
        <line num="2" count="1" type="stmt"/>
        <line num="3" count="1" type="stmt"/>
        <line num="4" count="1" type="stmt"/>
        <line num="5" count="1" type="stmt"/>
        <line num="6" count="1" type="stmt"/>
        <line num="9" count="1" type="stmt"/>
        <line num="24" count="12" type="stmt"/>
        <line num="26" count="12" type="cond" truecount="8" falsecount="0"/>
        <line num="27" count="1" type="stmt"/>
        <line num="31" count="11" type="stmt"/>
        <line num="32" count="11" type="cond" truecount="4" falsecount="0"/>
        <line num="33" count="1" type="stmt"/>
        <line num="36" count="10" type="stmt"/>
        <line num="37" count="10" type="cond" truecount="2" falsecount="0"/>
        <line num="40" count="10" type="cond" truecount="2" falsecount="0"/>
        <line num="41" count="10" type="cond" truecount="1" falsecount="1"/>
        <line num="42" count="2" type="cond" truecount="1" falsecount="1"/>
        <line num="45" count="2" type="stmt"/>
        <line num="48" count="10" type="stmt"/>
        <line num="49" count="10" type="stmt"/>
        <line num="51" count="10" type="stmt"/>
        <line num="53" count="10" type="cond" truecount="4" falsecount="0"/>
        <line num="54" count="6" type="cond" truecount="1" falsecount="1"/>
        <line num="55" count="6" type="cond" truecount="2" falsecount="0"/>
        <line num="56" count="6" type="cond" truecount="2" falsecount="0"/>
        <line num="57" count="6" type="cond" truecount="2" falsecount="0"/>
        <line num="58" count="6" type="cond" truecount="1" falsecount="1"/>
        <line num="60" count="6" type="cond" truecount="2" falsecount="0"/>
        <line num="61" count="1" type="stmt"/>
        <line num="63" count="5" type="cond" truecount="2" falsecount="0"/>
        <line num="64" count="1" type="stmt"/>
        <line num="68" count="4" type="cond" truecount="2" falsecount="0"/>
        <line num="69" count="1" type="cond" truecount="3" falsecount="1"/>
        <line num="70" count="1" type="stmt"/>
        <line num="74" count="3" type="cond" truecount="2" falsecount="0"/>
        <line num="75" count="2" type="cond" truecount="2" falsecount="0"/>
        <line num="76" count="1" type="stmt"/>
        <line num="78" count="1" type="cond" truecount="1" falsecount="1"/>
        <line num="79" count="1" type="stmt"/>
        <line num="83" count="1" type="stmt"/>
        <line num="92" count="5" type="stmt"/>
        <line num="93" count="5" type="stmt"/>
        <line num="94" count="5" type="cond" truecount="1" falsecount="1"/>
        <line num="95" count="5" type="stmt"/>
        <line num="96" count="5" type="stmt"/>
        <line num="100" count="5" type="cond" truecount="4" falsecount="0"/>
        <line num="103" count="5" type="stmt"/>
        <line num="104" count="5" type="cond" truecount="2" falsecount="0"/>
        <line num="105" count="1" type="stmt"/>
        <line num="106" count="1" type="stmt"/>
        <line num="109" count="4" type="stmt"/>
        <line num="110" count="2" type="stmt"/>
        <line num="111" count="2" type="stmt"/>
        <line num="112" count="2" type="stmt"/>
        <line num="116" count="4" type="stmt"/>
        <line num="117" count="4" type="cond" truecount="1" falsecount="1"/>
        <line num="119" count="4" type="stmt"/>
        <line num="130" count="4" type="stmt"/>
        <line num="146" count="4" type="stmt"/>
        <line num="147" count="4" type="cond" truecount="2" falsecount="0"/>
        <line num="150" count="2" type="stmt"/>
        <line num="153" count="2" type="cond" truecount="4" falsecount="0"/>
        <line num="154" count="1" type="stmt"/>
        <line num="160" count="1" type="stmt"/>
        <line num="169" count="1" type="stmt"/>
        <line num="170" count="1" type="cond" truecount="1" falsecount="1"/>
        <line num="174" count="2" type="cond" truecount="1" falsecount="1"/>
        <line num="175" count="2" type="stmt"/>
        <line num="178" count="2" type="stmt"/>
        <line num="179" count="2" type="stmt"/>
        <line num="181" count="0" type="stmt"/>
        <line num="184" count="2" type="stmt"/>
        <line num="192" count="2" type="stmt"/>
        <line num="195" count="2" type="cond" truecount="4" falsecount="0"/>
        <line num="196" count="1" type="stmt"/>
        <line num="199" count="1" type="stmt"/>
        <line num="204" count="0" type="stmt"/>
        <line num="205" count="0" type="stmt"/>
        <line num="210" count="1" type="stmt"/>
        <line num="211" count="6" type="stmt"/>
        <line num="212" count="6" type="stmt"/>
        <line num="214" count="6" type="cond" truecount="4" falsecount="0"/>
        <line num="215" count="1" type="stmt"/>
        <line num="218" count="5" type="stmt"/>
        <line num="219" count="5" type="cond" truecount="4" falsecount="0"/>
        <line num="220" count="1" type="stmt"/>
        <line num="223" count="4" type="cond" truecount="2" falsecount="0"/>
        <line num="224" count="1" type="stmt"/>
        <line num="227" count="3" type="stmt"/>
        <line num="234" count="3" type="cond" truecount="2" falsecount="0"/>
        <line num="235" count="2" type="cond" truecount="2" falsecount="0"/>
        <line num="236" count="1" type="stmt"/>
        <line num="242" count="1" type="stmt"/>
        <line num="243" count="3" type="stmt"/>
        <line num="244" count="3" type="stmt"/>
        <line num="245" count="3" type="stmt"/>
        <line num="253" count="2" type="cond" truecount="2" falsecount="0"/>
        <line num="255" count="1" type="stmt"/>
        <line num="256" count="1" type="stmt"/>
        <line num="261" count="1" type="stmt"/>
        <line num="262" count="11" type="stmt"/>
        <line num="263" count="11" type="stmt"/>
        <line num="271" count="11" type="cond" truecount="1" falsecount="1"/>
        <line num="274" count="11" type="stmt"/>
        <line num="281" count="10" type="cond" truecount="2" falsecount="0"/>
        <line num="283" count="9" type="stmt"/>
        <line num="284" count="9" type="stmt"/>
        <line num="285" count="9" type="cond" truecount="2" falsecount="0"/>
        <line num="286" count="1" type="stmt"/>
        <line num="290" count="8" type="stmt"/>
        <line num="291" count="8" type="cond" truecount="1" falsecount="1"/>
        <line num="292" count="8" type="cond" truecount="2" falsecount="0"/>
        <line num="294" count="7" type="cond" truecount="2" falsecount="0"/>
        <line num="295" count="7" type="cond" truecount="2" falsecount="0"/>
        <line num="297" count="6" type="cond" truecount="2" falsecount="0"/>
        <line num="298" count="6" type="cond" truecount="2" falsecount="0"/>
        <line num="299" count="6" type="cond" truecount="1" falsecount="1"/>
        <line num="301" count="6" type="cond" truecount="2" falsecount="0"/>
        <line num="302" count="1" type="cond" truecount="3" falsecount="1"/>
        <line num="303" count="1" type="stmt"/>
        <line num="307" count="5" type="cond" truecount="2" falsecount="0"/>
        <line num="308" count="2" type="cond" truecount="2" falsecount="0"/>
        <line num="309" count="1" type="cond" truecount="1" falsecount="1"/>
        <line num="313" count="3" type="stmt"/>
        <line num="322" count="3" type="cond" truecount="2" falsecount="0"/>
        <line num="324" count="3" type="stmt"/>
        <line num="333" count="3" type="cond" truecount="4" falsecount="2"/>
        <line num="341" count="3" type="stmt"/>
        <line num="342" count="3" type="stmt"/>
        <line num="343" count="3" type="stmt"/>
        <line num="345" count="3" type="cond" truecount="2" falsecount="0"/>
        <line num="346" count="2" type="stmt"/>
        <line num="364" count="1" type="stmt"/>
        <line num="366" count="1" type="stmt"/>
        <line num="378" count="1" type="stmt"/>
        <line num="381" count="2" type="cond" truecount="1" falsecount="1"/>
        <line num="382" count="2" type="stmt"/>
        <line num="393" count="2" type="stmt"/>
        <line num="394" count="2" type="stmt"/>
        <line num="396" count="2" type="stmt"/>
        <line num="398" count="1" type="stmt"/>
        <line num="399" count="1" type="stmt"/>
        <line num="400" count="1" type="stmt"/>
        <line num="401" count="1" type="stmt"/>
        <line num="404" count="1" type="stmt"/>
        <line num="405" count="1" type="stmt"/>
        <line num="410" count="1" type="stmt"/>
        <line num="411" count="7" type="stmt"/>
        <line num="412" count="7" type="stmt"/>
        <line num="413" count="7" type="stmt"/>
        <line num="415" count="7" type="cond" truecount="4" falsecount="0"/>
        <line num="416" count="1" type="stmt"/>
        <line num="420" count="6" type="cond" truecount="2" falsecount="0"/>
        <line num="421" count="1" type="stmt"/>
        <line num="425" count="5" type="cond" truecount="1" falsecount="1"/>
        <line num="427" count="5" type="cond" truecount="2" falsecount="0"/>
        <line num="428" count="1" type="stmt"/>
        <line num="436" count="5" type="stmt"/>
        <line num="441" count="4" type="cond" truecount="4" falsecount="0"/>
        <line num="442" count="1" type="stmt"/>
        <line num="445" count="3" type="stmt"/>
        <line num="446" count="3" type="stmt"/>
        <line num="448" count="3" type="cond" truecount="2" falsecount="0"/>
        <line num="449" count="1" type="stmt"/>
        <line num="453" count="2" type="stmt"/>
        <line num="461" count="2" type="cond" truecount="4" falsecount="0"/>
        <line num="462" count="1" type="stmt"/>
        <line num="465" count="1" type="stmt"/>
        <line num="468" count="1" type="stmt"/>
        <line num="477" count="1" type="stmt"/>
        <line num="484" count="1" type="stmt"/>
        <line num="485" count="1" type="stmt"/>
        <line num="490" count="1" type="stmt"/>
        <line num="491" count="3" type="stmt"/>
        <line num="493" count="3" type="stmt"/>
        <line num="501" count="3" type="cond" truecount="2" falsecount="0"/>
        <line num="502" count="2" type="cond" truecount="4" falsecount="0"/>
        <line num="503" count="1" type="stmt"/>
        <line num="509" count="1" type="stmt"/>
        <line num="510" count="6" type="stmt"/>
        <line num="511" count="6" type="stmt"/>
        <line num="513" count="6" type="stmt"/>
        <line num="521" count="5" type="cond" truecount="2" falsecount="0"/>
        <line num="523" count="4" type="stmt"/>
        <line num="524" count="4" type="stmt"/>
        <line num="526" count="4" type="cond" truecount="2" falsecount="0"/>
        <line num="528" count="3" type="cond" truecount="2" falsecount="0"/>
        <line num="529" count="1" type="stmt"/>
        <line num="532" count="2" type="stmt"/>
        <line num="541" count="2" type="cond" truecount="2" falsecount="0"/>
        <line num="542" count="2" type="cond" truecount="2" falsecount="0"/>
        <line num="544" count="1" type="stmt"/>
        <line num="554" count="1" type="stmt"/>
        <line num="556" count="1" type="stmt"/>
        <line num="557" count="1" type="stmt"/>
        <line num="561" count="1" type="stmt"/>
      </file>
      <file name="ai.js" path="C:\DEV\listed_backend\routes\ai.js">
        <metrics statements="270" coveredstatements="253" conditionals="406" coveredconditionals="282" methods="46" coveredmethods="34"/>
        <line num="5" count="1" type="stmt"/>
        <line num="6" count="1" type="stmt"/>
        <line num="7" count="1" type="stmt"/>
        <line num="8" count="1" type="stmt"/>
        <line num="9" count="1" type="stmt"/>
        <line num="10" count="1" type="stmt"/>
        <line num="11" count="1" type="stmt"/>
        <line num="12" count="1" type="stmt"/>
        <line num="13" count="1" type="stmt"/>
        <line num="17" count="11" type="stmt"/>
        <line num="18" count="11" type="cond" truecount="2" falsecount="0"/>
        <line num="19" count="11" type="cond" truecount="2" falsecount="0"/>
        <line num="21" count="4" type="stmt"/>
        <line num="22" count="4" type="cond" truecount="1" falsecount="1"/>
        <line num="23" count="4" type="stmt"/>
        <line num="30" count="0" type="cond" truecount="0" falsecount="2"/>
        <line num="33" count="1" type="stmt"/>
        <line num="40" count="0" type="stmt"/>
        <line num="41" count="0" type="stmt"/>
        <line num="44" count="1" type="stmt"/>
        <line num="51" count="0" type="stmt"/>
        <line num="52" count="0" type="stmt"/>
        <line num="55" count="1" type="stmt"/>
        <line num="58" count="0" type="cond" truecount="0" falsecount="2"/>
        <line num="62" count="0" type="stmt"/>
        <line num="63" count="0" type="stmt"/>
        <line num="68" count="52" type="stmt"/>
        <line num="69" count="52" type="cond" truecount="2" falsecount="0"/>
        <line num="75" count="5" type="stmt"/>
        <line num="76" count="5" type="stmt"/>
        <line num="77" count="5" type="stmt"/>
        <line num="78" count="5" type="cond" truecount="2" falsecount="0"/>
        <line num="81" count="4" type="stmt"/>
        <line num="82" count="0" type="stmt"/>
        <line num="83" count="0" type="stmt"/>
        <line num="84" count="0" type="stmt"/>
        <line num="85" count="0" type="stmt"/>
        <line num="88" count="4" type="stmt"/>
        <line num="95" count="4" type="stmt"/>
        <line num="96" count="4" type="stmt"/>
        <line num="100" count="1" type="stmt"/>
        <line num="105" count="1" type="stmt"/>
        <line num="122" count="1" type="stmt"/>
        <line num="123" count="5" type="stmt"/>
        <line num="125" count="5" type="stmt"/>
        <line num="127" count="5" type="cond" truecount="4" falsecount="0"/>
        <line num="128" count="1" type="stmt"/>
        <line num="131" count="4" type="cond" truecount="1" falsecount="3"/>
        <line num="132" count="4" type="cond" truecount="1" falsecount="1"/>
        <line num="135" count="4" type="stmt"/>
        <line num="136" count="4" type="cond" truecount="2" falsecount="2"/>
        <line num="137" count="0" type="stmt"/>
        <line num="138" count="0" type="cond" truecount="0" falsecount="4"/>
        <line num="142" count="4" type="cond" truecount="1" falsecount="1"/>
        <line num="146" count="4" type="stmt"/>
        <line num="161" count="4" type="cond" truecount="2" falsecount="0"/>
        <line num="162" count="4" type="cond" truecount="2" falsecount="0"/>
        <line num="163" count="4" type="cond" truecount="4" falsecount="2"/>
        <line num="169" count="4" type="cond" truecount="1" falsecount="1"/>
        <line num="176" count="4" type="stmt"/>
        <line num="177" count="20" type="cond" truecount="1" falsecount="1"/>
        <line num="178" count="4" type="cond" truecount="1" falsecount="1"/>
        <line num="183" count="4" type="stmt"/>
        <line num="184" count="4" type="stmt"/>
        <line num="185" count="4" type="stmt"/>
        <line num="186" count="4" type="cond" truecount="1" falsecount="1"/>
        <line num="190" count="4" type="stmt"/>
        <line num="207" count="4" type="stmt"/>
        <line num="209" count="4" type="stmt"/>
        <line num="215" count="2" type="stmt"/>
        <line num="216" count="2" type="cond" truecount="2" falsecount="0"/>
        <line num="217" count="1" type="stmt"/>
        <line num="218" count="1" type="stmt"/>
        <line num="219" count="1" type="cond" truecount="1" falsecount="1"/>
        <line num="220" count="0" type="stmt"/>
        <line num="224" count="2" type="stmt"/>
        <line num="226" count="2" type="stmt"/>
        <line num="227" count="2" type="cond" truecount="2" falsecount="0"/>
        <line num="228" count="1" type="stmt"/>
        <line num="230" count="1" type="stmt"/>
        <line num="237" count="1" type="stmt"/>
        <line num="238" count="16" type="stmt"/>
        <line num="240" count="16" type="stmt"/>
        <line num="241" count="16" type="stmt"/>
        <line num="242" count="16" type="cond" truecount="5" falsecount="0"/>
        <line num="243" count="1" type="stmt"/>
        <line num="246" count="15" type="stmt"/>
        <line num="248" count="15" type="cond" truecount="5" falsecount="0"/>
        <line num="249" count="1" type="stmt"/>
        <line num="253" count="14" type="stmt"/>
        <line num="254" count="14" type="stmt"/>
        <line num="255" count="42" type="cond" truecount="6" falsecount="0"/>
        <line num="256" count="42" type="cond" truecount="4" falsecount="0"/>
        <line num="257" count="1" type="cond" truecount="2" falsecount="2"/>
        <line num="258" count="1" type="cond" truecount="3" falsecount="3"/>
        <line num="260" count="41" type="cond" truecount="2" falsecount="0"/>
        <line num="261" count="1" type="cond" truecount="1" falsecount="1"/>
        <line num="263" count="40" type="cond" truecount="2" falsecount="0"/>
        <line num="264" count="1" type="cond" truecount="2" falsecount="2"/>
        <line num="266" count="39" type="stmt"/>
        <line num="270" count="14" type="stmt"/>
        <line num="271" count="42" type="stmt"/>
        <line num="272" count="14" type="stmt"/>
        <line num="273" count="40" type="stmt"/>
        <line num="274" count="42" type="cond" truecount="2" falsecount="0"/>
        <line num="275" count="40" type="cond" truecount="2" falsecount="0"/>
        <line num="278" count="14" type="stmt"/>
        <line num="279" count="14" type="cond" truecount="2" falsecount="0"/>
        <line num="280" count="14" type="cond" truecount="4" falsecount="0"/>
        <line num="282" count="14" type="stmt"/>
        <line num="290" count="14" type="stmt"/>
        <line num="291" count="14" type="cond" truecount="2" falsecount="0"/>
        <line num="292" count="3" type="stmt"/>
        <line num="293" count="3" type="stmt"/>
        <line num="348" count="3" type="cond" truecount="1" falsecount="1"/>
        <line num="351" count="14" type="cond" truecount="2" falsecount="0"/>
        <line num="352" count="14" type="cond" truecount="2" falsecount="0"/>
        <line num="353" count="14" type="cond" truecount="1" falsecount="1"/>
        <line num="358" count="14" type="stmt"/>
        <line num="359" count="14" type="cond" truecount="2" falsecount="0"/>
        <line num="360" count="3" type="stmt"/>
        <line num="362" count="3" type="stmt"/>
        <line num="363" count="3" type="stmt"/>
        <line num="364" count="3" type="stmt"/>
        <line num="365" count="3" type="cond" truecount="2" falsecount="0"/>
        <line num="366" count="1" type="cond" truecount="2" falsecount="4"/>
        <line num="367" count="1" type="cond" truecount="1" falsecount="1"/>
        <line num="368" count="1" type="cond" truecount="3" falsecount="3"/>
        <line num="369" count="1" type="cond" truecount="3" falsecount="1"/>
        <line num="370" count="1" type="cond" truecount="4" falsecount="4"/>
        <line num="372" count="3" type="cond" truecount="2" falsecount="0"/>
        <line num="373" count="3" type="cond" truecount="2" falsecount="0"/>
        <line num="374" count="3" type="cond" truecount="2" falsecount="0"/>
        <line num="375" count="3" type="cond" truecount="2" falsecount="0"/>
        <line num="376" count="3" type="cond" truecount="2" falsecount="0"/>
        <line num="377" count="1" type="stmt"/>
        <line num="383" count="14" type="stmt"/>
        <line num="384" count="14" type="cond" truecount="4" falsecount="0"/>
        <line num="385" count="3" type="stmt"/>
        <line num="392" count="3" type="cond" truecount="2" falsecount="0"/>
        <line num="393" count="2" type="stmt"/>
        <line num="394" count="2" type="stmt"/>
        <line num="395" count="2" type="cond" truecount="2" falsecount="0"/>
        <line num="396" count="1" type="stmt"/>
        <line num="397" count="1" type="cond" truecount="1" falsecount="1"/>
        <line num="398" count="1" type="stmt"/>
        <line num="401" count="1" type="stmt"/>
        <line num="404" count="3" type="cond" truecount="2" falsecount="0"/>
        <line num="405" count="2" type="cond" truecount="2" falsecount="0"/>
        <line num="409" count="14" type="stmt"/>
        <line num="410" count="14" type="stmt"/>
        <line num="411" count="14" type="stmt"/>
        <line num="413" count="14" type="cond" truecount="4" falsecount="0"/>
        <line num="476" count="14" type="stmt"/>
        <line num="478" count="14" type="stmt"/>
        <line num="484" count="12" type="stmt"/>
        <line num="485" count="12" type="stmt"/>
        <line num="486" count="12" type="stmt"/>
        <line num="487" count="12" type="stmt"/>
        <line num="490" count="40" type="stmt"/>
        <line num="491" count="12" type="stmt"/>
        <line num="494" count="12" type="stmt"/>
        <line num="495" count="12" type="cond" truecount="4" falsecount="0"/>
        <line num="496" count="1" type="stmt"/>
        <line num="497" count="1" type="stmt"/>
        <line num="498" count="1" type="stmt"/>
        <line num="499" count="1" type="cond" truecount="1" falsecount="1"/>
        <line num="500" count="1" type="stmt"/>
        <line num="501" count="11" type="cond" truecount="4" falsecount="0"/>
        <line num="502" count="1" type="stmt"/>
        <line num="506" count="12" type="stmt"/>
        <line num="507" count="12" type="cond" truecount="2" falsecount="0"/>
        <line num="508" count="1" type="stmt"/>
        <line num="509" count="1" type="stmt"/>
        <line num="510" count="1" type="stmt"/>
        <line num="511" count="11" type="cond" truecount="2" falsecount="0"/>
        <line num="512" count="1" type="stmt"/>
        <line num="516" count="12" type="stmt"/>
        <line num="524" count="30" type="stmt"/>
        <line num="525" count="12" type="cond" truecount="2" falsecount="0"/>
        <line num="527" count="6" type="stmt"/>
        <line num="529" count="12" type="cond" truecount="2" falsecount="0"/>
        <line num="531" count="4" type="stmt"/>
        <line num="533" count="12" type="stmt"/>
        <line num="535" count="12" type="cond" truecount="2" falsecount="0"/>
        <line num="536" count="1" type="stmt"/>
        <line num="539" count="11" type="stmt"/>
        <line num="540" count="11" type="cond" truecount="2" falsecount="0"/>
        <line num="541" count="11" type="cond" truecount="2" falsecount="0"/>
        <line num="542" count="11" type="stmt"/>
        <line num="544" count="2" type="stmt"/>
        <line num="545" count="2" type="cond" truecount="2" falsecount="0"/>
        <line num="546" count="1" type="stmt"/>
        <line num="548" count="1" type="stmt"/>
        <line num="555" count="1" type="stmt"/>
        <line num="556" count="8" type="stmt"/>
        <line num="557" count="8" type="cond" truecount="2" falsecount="0"/>
        <line num="558" count="8" type="stmt"/>
        <line num="560" count="8" type="cond" truecount="5" falsecount="0"/>
        <line num="561" count="1" type="stmt"/>
        <line num="565" count="7" type="stmt"/>
        <line num="566" count="7" type="cond" truecount="2" falsecount="0"/>
        <line num="568" count="2" type="stmt"/>
        <line num="571" count="2" type="stmt"/>
        <line num="575" count="2" type="stmt"/>
        <line num="579" count="7" type="stmt"/>
        <line num="580" count="7" type="cond" truecount="6" falsecount="0"/>
        <line num="581" count="1" type="stmt"/>
        <line num="582" count="1" type="cond" truecount="1" falsecount="1"/>
        <line num="583" count="1" type="stmt"/>
        <line num="584" count="1" type="stmt"/>
        <line num="589" count="1" type="cond" truecount="1" falsecount="1"/>
        <line num="590" count="1" type="stmt"/>
        <line num="592" count="1" type="cond" truecount="1" falsecount="1"/>
        <line num="594" count="1" type="cond" truecount="2" falsecount="2"/>
        <line num="600" count="7" type="stmt"/>
        <line num="601" count="7" type="cond" truecount="2" falsecount="0"/>
        <line num="602" count="2" type="stmt"/>
        <line num="603" count="2" type="stmt"/>
        <line num="607" count="2" type="cond" truecount="2" falsecount="0"/>
        <line num="608" count="1" type="stmt"/>
        <line num="613" count="7" type="stmt"/>
        <line num="640" count="7" type="cond" truecount="2" falsecount="0"/>
        <line num="642" count="2" type="stmt"/>
        <line num="645" count="6" type="stmt"/>
        <line num="648" count="7" type="stmt"/>
        <line num="654" count="5" type="cond" truecount="2" falsecount="0"/>
        <line num="655" count="2" type="stmt"/>
        <line num="660" count="5" type="stmt"/>
        <line num="662" count="2" type="stmt"/>
        <line num="663" count="2" type="cond" truecount="2" falsecount="0"/>
        <line num="664" count="1" type="stmt"/>
        <line num="666" count="1" type="stmt"/>
        <line num="675" count="1" type="stmt"/>
        <line num="676" count="3" type="stmt"/>
        <line num="677" count="3" type="stmt"/>
        <line num="678" count="3" type="cond" truecount="4" falsecount="0"/>
        <line num="679" count="1" type="stmt"/>
        <line num="684" count="2" type="stmt"/>
        <line num="685" count="2" type="stmt"/>
        <line num="687" count="0" type="stmt"/>
        <line num="688" count="0" type="stmt"/>
        <line num="693" count="1" type="stmt"/>
        <line num="694" count="2" type="stmt"/>
        <line num="695" count="2" type="stmt"/>
        <line num="696" count="2" type="cond" truecount="1" falsecount="1"/>
        <line num="708" count="2" type="stmt"/>
        <line num="710" count="2" type="stmt"/>
        <line num="734" count="1" type="stmt"/>
        <line num="736" count="1" type="stmt"/>
        <line num="738" count="1" type="stmt"/>
        <line num="739" count="1" type="stmt"/>
        <line num="744" count="1" type="stmt"/>
        <line num="745" count="3" type="stmt"/>
        <line num="746" count="3" type="stmt"/>
        <line num="747" count="3" type="cond" truecount="2" falsecount="0"/>
        <line num="749" count="2" type="stmt"/>
        <line num="753" count="1" type="stmt"/>
        <line num="755" count="1" type="stmt"/>
        <line num="756" count="1" type="stmt"/>
        <line num="761" count="1" type="stmt"/>
        <line num="762" count="3" type="stmt"/>
        <line num="763" count="3" type="stmt"/>
        <line num="764" count="3" type="stmt"/>
        <line num="765" count="2" type="cond" truecount="2" falsecount="0"/>
        <line num="766" count="1" type="stmt"/>
        <line num="773" count="2" type="stmt"/>
        <line num="775" count="1" type="stmt"/>
        <line num="776" count="1" type="stmt"/>
        <line num="780" count="1" type="stmt"/>
      </file>
      <file name="appointments.js" path="C:\DEV\listed_backend\routes\appointments.js">
        <metrics statements="471" coveredstatements="446" conditionals="291" coveredconditionals="256" methods="46" coveredmethods="34"/>
        <line num="1" count="1" type="stmt"/>
        <line num="2" count="1" type="stmt"/>
        <line num="3" count="1" type="stmt"/>
        <line num="4" count="1" type="stmt"/>
        <line num="5" count="1" type="stmt"/>
        <line num="9" count="9" type="stmt"/>
        <line num="10" count="9" type="cond" truecount="2" falsecount="0"/>
        <line num="15" count="23" type="stmt"/>
        <line num="16" count="3" type="cond" truecount="1" falsecount="1"/>
        <line num="17" count="3" type="stmt"/>
        <line num="18" count="3" type="stmt"/>
        <line num="19" count="3" type="cond" truecount="2" falsecount="0"/>
        <line num="25" count="9" type="stmt"/>
        <line num="29" count="9" type="cond" truecount="2" falsecount="0"/>
        <line num="30" count="3" type="stmt"/>
        <line num="31" count="3" type="stmt"/>
        <line num="32" count="3" type="stmt"/>
        <line num="36" count="1" type="stmt"/>
        <line num="37" count="4" type="stmt"/>
        <line num="38" count="4" type="stmt"/>
        <line num="41" count="4" type="stmt"/>
        <line num="45" count="3" type="cond" truecount="5" falsecount="0"/>
        <line num="46" count="1" type="stmt"/>
        <line num="49" count="2" type="stmt"/>
        <line num="50" count="2" type="cond" truecount="4" falsecount="0"/>
        <line num="51" count="1" type="stmt"/>
        <line num="55" count="1" type="stmt"/>
        <line num="59" count="1" type="cond" truecount="2" falsecount="0"/>
        <line num="62" count="1" type="stmt"/>
        <line num="63" count="1" type="stmt"/>
        <line num="64" count="1" type="cond" truecount="1" falsecount="1"/>
        <line num="65" count="1" type="stmt"/>
        <line num="66" count="1" type="cond" truecount="1" falsecount="1"/>
        <line num="72" count="1" type="stmt"/>
        <line num="73" count="1" type="cond" truecount="1" falsecount="1"/>
        <line num="74" count="1" type="stmt"/>
        <line num="81" count="1" type="stmt"/>
        <line num="82" count="1" type="cond" truecount="3" falsecount="1"/>
        <line num="83" count="1" type="stmt"/>
        <line num="84" count="1" type="cond" truecount="1" falsecount="1"/>
        <line num="85" count="1" type="stmt"/>
        <line num="88" count="1" type="stmt"/>
        <line num="96" count="1" type="stmt"/>
        <line num="98" count="1" type="stmt"/>
        <line num="99" count="1" type="stmt"/>
        <line num="104" count="1" type="stmt"/>
        <line num="105" count="3" type="stmt"/>
        <line num="106" count="3" type="stmt"/>
        <line num="107" count="3" type="stmt"/>
        <line num="109" count="3" type="stmt"/>
        <line num="115" count="2" type="cond" truecount="2" falsecount="0"/>
        <line num="116" count="1" type="stmt"/>
        <line num="122" count="2" type="stmt"/>
        <line num="124" count="1" type="stmt"/>
        <line num="125" count="1" type="stmt"/>
        <line num="130" count="1" type="stmt"/>
        <line num="131" count="3" type="stmt"/>
        <line num="132" count="3" type="stmt"/>
        <line num="133" count="3" type="stmt"/>
        <line num="134" count="3" type="cond" truecount="4" falsecount="0"/>
        <line num="135" count="1" type="stmt"/>
        <line num="137" count="2" type="stmt"/>
        <line num="141" count="1" type="stmt"/>
        <line num="143" count="1" type="stmt"/>
        <line num="144" count="1" type="stmt"/>
        <line num="149" count="1" type="stmt"/>
        <line num="150" count="2" type="stmt"/>
        <line num="151" count="2" type="stmt"/>
        <line num="152" count="2" type="stmt"/>
        <line num="154" count="2" type="stmt"/>
        <line num="159" count="2" type="cond" truecount="2" falsecount="0"/>
        <line num="160" count="1" type="stmt"/>
        <line num="163" count="1" type="stmt"/>
        <line num="168" count="1" type="stmt"/>
        <line num="170" count="0" type="stmt"/>
        <line num="171" count="0" type="stmt"/>
        <line num="176" count="1" type="stmt"/>
        <line num="177" count="7" type="stmt"/>
        <line num="178" count="7" type="stmt"/>
        <line num="179" count="7" type="stmt"/>
        <line num="181" count="7" type="cond" truecount="5" falsecount="0"/>
        <line num="182" count="1" type="stmt"/>
        <line num="186" count="6" type="stmt"/>
        <line num="191" count="5" type="cond" truecount="2" falsecount="0"/>
        <line num="192" count="1" type="stmt"/>
        <line num="195" count="4" type="stmt"/>
        <line num="196" count="4" type="stmt"/>
        <line num="199" count="4" type="cond" truecount="2" falsecount="0"/>
        <line num="200" count="1" type="stmt"/>
        <line num="204" count="3" type="stmt"/>
        <line num="205" count="3" type="cond" truecount="1" falsecount="1"/>
        <line num="206" count="0" type="stmt"/>
        <line num="210" count="3" type="stmt"/>
        <line num="221" count="3" type="cond" truecount="2" falsecount="0"/>
        <line num="222" count="1" type="stmt"/>
        <line num="226" count="2" type="cond" truecount="2" falsecount="0"/>
        <line num="227" count="1" type="stmt"/>
        <line num="231" count="1" type="stmt"/>
        <line num="238" count="1" type="stmt"/>
        <line num="239" count="1" type="stmt"/>
        <line num="243" count="1" type="cond" truecount="1" falsecount="1"/>
        <line num="245" count="1" type="stmt"/>
        <line num="256" count="0" type="stmt"/>
        <line num="260" count="1" type="stmt"/>
        <line num="261" count="1" type="stmt"/>
        <line num="267" count="0" type="stmt"/>
        <line num="270" count="1" type="stmt"/>
        <line num="276" count="1" type="stmt"/>
        <line num="277" count="1" type="stmt"/>
        <line num="282" count="1" type="stmt"/>
        <line num="283" count="12" type="stmt"/>
        <line num="284" count="12" type="stmt"/>
        <line num="285" count="12" type="stmt"/>
        <line num="287" count="12" type="cond" truecount="6" falsecount="0"/>
        <line num="288" count="1" type="stmt"/>
        <line num="292" count="11" type="stmt"/>
        <line num="296" count="10" type="cond" truecount="5" falsecount="0"/>
        <line num="297" count="1" type="stmt"/>
        <line num="301" count="9" type="stmt"/>
        <line num="305" count="9" type="cond" truecount="2" falsecount="0"/>
        <line num="306" count="1" type="stmt"/>
        <line num="308" count="8" type="cond" truecount="2" falsecount="0"/>
        <line num="309" count="1" type="stmt"/>
        <line num="313" count="7" type="stmt"/>
        <line num="314" count="7" type="cond" truecount="1" falsecount="1"/>
        <line num="315" count="0" type="stmt"/>
        <line num="319" count="7" type="stmt"/>
        <line num="326" count="7" type="cond" truecount="2" falsecount="0"/>
        <line num="327" count="1" type="stmt"/>
        <line num="331" count="6" type="stmt"/>
        <line num="337" count="6" type="stmt"/>
        <line num="338" count="6" type="cond" truecount="2" falsecount="0"/>
        <line num="339" count="1" type="stmt"/>
        <line num="347" count="6" type="stmt"/>
        <line num="351" count="6" type="cond" truecount="4" falsecount="1"/>
        <line num="352" count="6" type="stmt"/>
        <line num="353" count="6" type="stmt"/>
        <line num="354" count="6" type="stmt"/>
        <line num="355" count="6" type="stmt"/>
        <line num="356" count="6" type="cond" truecount="2" falsecount="0"/>
        <line num="357" count="6" type="cond" truecount="2" falsecount="0"/>
        <line num="358" count="6" type="stmt"/>
        <line num="360" count="6" type="cond" truecount="4" falsecount="0"/>
        <line num="362" count="1" type="stmt"/>
        <line num="366" count="1" type="stmt"/>
        <line num="367" count="1" type="stmt"/>
        <line num="368" count="1" type="stmt"/>
        <line num="369" count="1" type="stmt"/>
        <line num="370" count="1" type="cond" truecount="1" falsecount="1"/>
        <line num="372" count="1" type="stmt"/>
        <line num="376" count="5" type="stmt"/>
        <line num="380" count="5" type="cond" truecount="2" falsecount="0"/>
        <line num="381" count="1" type="stmt"/>
        <line num="385" count="1" type="stmt"/>
        <line num="386" count="1" type="stmt"/>
        <line num="387" count="1" type="stmt"/>
        <line num="388" count="1" type="stmt"/>
        <line num="389" count="1" type="stmt"/>
        <line num="390" count="1" type="cond" truecount="3" falsecount="1"/>
        <line num="391" count="1" type="stmt"/>
        <line num="392" count="1" type="cond" truecount="1" falsecount="1"/>
        <line num="394" count="1" type="cond" truecount="1" falsecount="1"/>
        <line num="396" count="1" type="stmt"/>
        <line num="400" count="4" type="cond" truecount="2" falsecount="0"/>
        <line num="401" count="1" type="stmt"/>
        <line num="406" count="3" type="stmt"/>
        <line num="413" count="3" type="stmt"/>
        <line num="414" count="3" type="stmt"/>
        <line num="415" count="3" type="stmt"/>
        <line num="416" count="3" type="stmt"/>
        <line num="417" count="3" type="stmt"/>
        <line num="419" count="3" type="stmt"/>
        <line num="430" count="0" type="stmt"/>
        <line num="434" count="3" type="cond" truecount="2" falsecount="0"/>
        <line num="435" count="2" type="stmt"/>
        <line num="436" count="2" type="stmt"/>
        <line num="442" count="0" type="stmt"/>
        <line num="446" count="3" type="stmt"/>
        <line num="448" count="1" type="stmt"/>
        <line num="449" count="1" type="stmt"/>
        <line num="454" count="1" type="stmt"/>
        <line num="455" count="5" type="stmt"/>
        <line num="456" count="5" type="stmt"/>
        <line num="457" count="5" type="stmt"/>
        <line num="459" count="5" type="stmt"/>
        <line num="464" count="4" type="cond" truecount="2" falsecount="0"/>
        <line num="465" count="1" type="stmt"/>
        <line num="468" count="3" type="stmt"/>
        <line num="471" count="3" type="cond" truecount="2" falsecount="0"/>
        <line num="472" count="1" type="stmt"/>
        <line num="475" count="2" type="cond" truecount="2" falsecount="0"/>
        <line num="476" count="1" type="stmt"/>
        <line num="479" count="1" type="stmt"/>
        <line num="485" count="1" type="stmt"/>
        <line num="486" count="1" type="stmt"/>
        <line num="490" count="1" type="cond" truecount="1" falsecount="1"/>
        <line num="492" count="1" type="stmt"/>
        <line num="503" count="0" type="stmt"/>
        <line num="506" count="1" type="stmt"/>
        <line num="508" count="1" type="stmt"/>
        <line num="509" count="1" type="stmt"/>
        <line num="514" count="1" type="stmt"/>
        <line num="515" count="4" type="stmt"/>
        <line num="516" count="4" type="stmt"/>
        <line num="517" count="4" type="stmt"/>
        <line num="519" count="4" type="stmt"/>
        <line num="520" count="4" type="stmt"/>
        <line num="522" count="4" type="cond" truecount="2" falsecount="0"/>
        <line num="523" count="1" type="stmt"/>
        <line num="524" count="1" type="stmt"/>
        <line num="525" count="3" type="cond" truecount="2" falsecount="0"/>
        <line num="526" count="1" type="stmt"/>
        <line num="527" count="1" type="stmt"/>
        <line num="529" count="2" type="stmt"/>
        <line num="530" count="2" type="stmt"/>
        <line num="533" count="4" type="stmt"/>
        <line num="556" count="4" type="stmt"/>
        <line num="557" count="3" type="stmt"/>
        <line num="559" count="1" type="stmt"/>
        <line num="560" count="1" type="stmt"/>
        <line num="565" count="1" type="stmt"/>
        <line num="566" count="3" type="stmt"/>
        <line num="567" count="3" type="stmt"/>
        <line num="568" count="3" type="stmt"/>
        <line num="570" count="3" type="stmt"/>
        <line num="594" count="3" type="stmt"/>
        <line num="596" count="2" type="cond" truecount="2" falsecount="0"/>
        <line num="597" count="1" type="stmt"/>
        <line num="600" count="1" type="stmt"/>
        <line num="602" count="1" type="stmt"/>
        <line num="603" count="1" type="stmt"/>
        <line num="608" count="1" type="stmt"/>
        <line num="609" count="5" type="stmt"/>
        <line num="610" count="5" type="stmt"/>
        <line num="611" count="5" type="stmt"/>
        <line num="613" count="5" type="stmt"/>
        <line num="618" count="4" type="cond" truecount="2" falsecount="0"/>
        <line num="619" count="1" type="stmt"/>
        <line num="622" count="3" type="stmt"/>
        <line num="624" count="3" type="cond" truecount="2" falsecount="0"/>
        <line num="625" count="1" type="stmt"/>
        <line num="628" count="2" type="cond" truecount="2" falsecount="0"/>
        <line num="629" count="1" type="stmt"/>
        <line num="632" count="1" type="stmt"/>
        <line num="638" count="1" type="stmt"/>
        <line num="639" count="1" type="stmt"/>
        <line num="650" count="0" type="stmt"/>
        <line num="653" count="1" type="stmt"/>
        <line num="655" count="1" type="stmt"/>
        <line num="656" count="1" type="stmt"/>
        <line num="661" count="1" type="stmt"/>
        <line num="662" count="7" type="stmt"/>
        <line num="663" count="7" type="stmt"/>
        <line num="664" count="7" type="stmt"/>
        <line num="665" count="7" type="stmt"/>
        <line num="667" count="7" type="stmt"/>
        <line num="672" count="6" type="cond" truecount="2" falsecount="0"/>
        <line num="673" count="1" type="stmt"/>
        <line num="676" count="5" type="stmt"/>
        <line num="679" count="5" type="cond" truecount="4" falsecount="0"/>
        <line num="680" count="1" type="stmt"/>
        <line num="683" count="4" type="cond" truecount="4" falsecount="0"/>
        <line num="684" count="2" type="stmt"/>
        <line num="687" count="2" type="stmt"/>
        <line num="693" count="2" type="cond" truecount="2" falsecount="0"/>
        <line num="697" count="2" type="stmt"/>
        <line num="698" count="2" type="stmt"/>
        <line num="709" count="0" type="stmt"/>
        <line num="712" count="2" type="stmt"/>
        <line num="714" count="1" type="stmt"/>
        <line num="715" count="1" type="stmt"/>
        <line num="720" count="1" type="stmt"/>
        <line num="721" count="5" type="stmt"/>
        <line num="722" count="5" type="stmt"/>
        <line num="723" count="5" type="stmt"/>
        <line num="725" count="5" type="stmt"/>
        <line num="730" count="4" type="cond" truecount="2" falsecount="0"/>
        <line num="731" count="1" type="stmt"/>
        <line num="734" count="3" type="stmt"/>
        <line num="737" count="3" type="cond" truecount="2" falsecount="0"/>
        <line num="738" count="1" type="stmt"/>
        <line num="741" count="2" type="cond" truecount="2" falsecount="0"/>
        <line num="742" count="1" type="stmt"/>
        <line num="745" count="1" type="stmt"/>
        <line num="750" count="1" type="stmt"/>
        <line num="752" count="1" type="stmt"/>
        <line num="753" count="1" type="stmt"/>
        <line num="760" count="1" type="stmt"/>
        <line num="761" count="5" type="stmt"/>
        <line num="762" count="5" type="stmt"/>
        <line num="763" count="5" type="stmt"/>
        <line num="766" count="5" type="cond" truecount="2" falsecount="0"/>
        <line num="767" count="5" type="stmt"/>
        <line num="772" count="4" type="cond" truecount="2" falsecount="0"/>
        <line num="775" count="3" type="cond" truecount="4" falsecount="0"/>
        <line num="776" count="4" type="cond" truecount="3" falsecount="0"/>
        <line num="778" count="3" type="cond" truecount="2" falsecount="0"/>
        <line num="780" count="2" type="stmt"/>
        <line num="781" count="2" type="cond" truecount="2" falsecount="0"/>
        <line num="782" count="2" type="stmt"/>
        <line num="783" count="2" type="stmt"/>
        <line num="784" count="2" type="stmt"/>
        <line num="785" count="2" type="cond" truecount="2" falsecount="0"/>
        <line num="787" count="2" type="stmt"/>
        <line num="789" count="2" type="stmt"/>
        <line num="790" count="2" type="stmt"/>
        <line num="791" count="2" type="stmt"/>
        <line num="792" count="2" type="stmt"/>
        <line num="795" count="2" type="stmt"/>
        <line num="799" count="2" type="stmt"/>
        <line num="802" count="2" type="stmt"/>
        <line num="803" count="2" type="cond" truecount="2" falsecount="0"/>
        <line num="804" count="1" type="stmt"/>
        <line num="808" count="1" type="stmt"/>
        <line num="812" count="2" type="stmt"/>
        <line num="817" count="2" type="stmt"/>
        <line num="818" count="2" type="stmt"/>
        <line num="819" count="2" type="stmt"/>
        <line num="820" count="2" type="cond" truecount="4" falsecount="1"/>
        <line num="821" count="2" type="stmt"/>
        <line num="826" count="0" type="stmt"/>
        <line num="828" count="1" type="stmt"/>
        <line num="829" count="1" type="stmt"/>
        <line num="846" count="6" type="stmt"/>
        <line num="847" count="6" type="stmt"/>
        <line num="848" count="6" type="cond" truecount="2" falsecount="0"/>
        <line num="849" count="1" type="stmt"/>
        <line num="853" count="5" type="cond" truecount="2" falsecount="0"/>
        <line num="854" count="5" type="cond" truecount="2" falsecount="0"/>
        <line num="856" count="5" type="stmt"/>
        <line num="858" count="5" type="cond" truecount="1" falsecount="1"/>
        <line num="859" count="0" type="stmt"/>
        <line num="863" count="5" type="cond" truecount="2" falsecount="0"/>
        <line num="864" count="5" type="stmt"/>
        <line num="869" count="4" type="stmt"/>
        <line num="871" count="4" type="cond" truecount="2" falsecount="0"/>
        <line num="872" count="1" type="stmt"/>
        <line num="876" count="3" type="cond" truecount="4" falsecount="0"/>
        <line num="877" count="4" type="cond" truecount="3" falsecount="0"/>
        <line num="879" count="3" type="cond" truecount="4" falsecount="0"/>
        <line num="881" count="3" type="cond" truecount="2" falsecount="0"/>
        <line num="882" count="1" type="stmt"/>
        <line num="885" count="2" type="stmt"/>
        <line num="886" count="2" type="cond" truecount="2" falsecount="0"/>
        <line num="887" count="2" type="stmt"/>
        <line num="890" count="2" type="stmt"/>
        <line num="895" count="2" type="stmt"/>
        <line num="898" count="2" type="stmt"/>
        <line num="899" count="2" type="cond" truecount="2" falsecount="0"/>
        <line num="900" count="1" type="stmt"/>
        <line num="906" count="1" type="stmt"/>
        <line num="910" count="2" type="stmt"/>
        <line num="916" count="2" type="stmt"/>
        <line num="917" count="2" type="stmt"/>
        <line num="918" count="2" type="stmt"/>
        <line num="919" count="2" type="cond" truecount="2" falsecount="0"/>
        <line num="922" count="2" type="stmt"/>
        <line num="923" count="2" type="stmt"/>
        <line num="924" count="2" type="stmt"/>
        <line num="925" count="2" type="stmt"/>
        <line num="927" count="2" type="stmt"/>
        <line num="928" count="6" type="stmt"/>
        <line num="929" count="6" type="stmt"/>
        <line num="930" count="6" type="stmt"/>
        <line num="931" count="6" type="stmt"/>
        <line num="932" count="6" type="stmt"/>
        <line num="933" count="6" type="cond" truecount="1" falsecount="1"/>
        <line num="935" count="6" type="stmt"/>
        <line num="941" count="2" type="stmt"/>
        <line num="943" count="1" type="stmt"/>
        <line num="944" count="1" type="stmt"/>
        <line num="949" count="1" type="stmt"/>
        <line num="950" count="1" type="stmt"/>
        <line num="955" count="1" type="stmt"/>
        <line num="956" count="4" type="stmt"/>
        <line num="957" count="4" type="stmt"/>
        <line num="958" count="4" type="cond" truecount="2" falsecount="0"/>
        <line num="959" count="4" type="cond" truecount="2" falsecount="0"/>
        <line num="962" count="4" type="cond" truecount="2" falsecount="0"/>
        <line num="963" count="4" type="stmt"/>
        <line num="967" count="3" type="cond" truecount="4" falsecount="0"/>
        <line num="968" count="3" type="cond" truecount="2" falsecount="0"/>
        <line num="969" count="1" type="stmt"/>
        <line num="972" count="2" type="stmt"/>
        <line num="973" count="2" type="stmt"/>
        <line num="974" count="2" type="stmt"/>
        <line num="975" count="2" type="cond" truecount="2" falsecount="0"/>
        <line num="978" count="2" type="stmt"/>
        <line num="979" count="2" type="stmt"/>
        <line num="980" count="28" type="stmt"/>
        <line num="981" count="28" type="stmt"/>
        <line num="982" count="28" type="stmt"/>
        <line num="986" count="2" type="stmt"/>
        <line num="991" count="2" type="stmt"/>
        <line num="992" count="2" type="stmt"/>
        <line num="993" count="0" type="cond" truecount="0" falsecount="2"/>
        <line num="994" count="0" type="cond" truecount="0" falsecount="2"/>
        <line num="995" count="0" type="stmt"/>
        <line num="999" count="2" type="stmt"/>
        <line num="1000" count="2" type="cond" truecount="2" falsecount="0"/>
        <line num="1001" count="2" type="stmt"/>
        <line num="1002" count="1" type="cond" truecount="1" falsecount="1"/>
        <line num="1003" count="1" type="stmt"/>
        <line num="1009" count="1" type="stmt"/>
        <line num="1010" count="0" type="cond" truecount="0" falsecount="2"/>
        <line num="1011" count="0" type="cond" truecount="0" falsecount="2"/>
        <line num="1012" count="0" type="stmt"/>
        <line num="1018" count="2" type="stmt"/>
        <line num="1022" count="2" type="stmt"/>
        <line num="1023" count="2" type="stmt"/>
        <line num="1024" count="0" type="cond" truecount="0" falsecount="2"/>
        <line num="1025" count="0" type="cond" truecount="0" falsecount="2"/>
        <line num="1026" count="0" type="stmt"/>
        <line num="1030" count="2" type="stmt"/>
        <line num="1031" count="2" type="stmt"/>
        <line num="1032" count="2" type="stmt"/>
        <line num="1034" count="2" type="stmt"/>
        <line num="1035" count="4" type="cond" truecount="2" falsecount="0"/>
        <line num="1036" count="4" type="cond" truecount="2" falsecount="0"/>
        <line num="1037" count="4" type="cond" truecount="2" falsecount="0"/>
        <line num="1038" count="4" type="stmt"/>
        <line num="1040" count="4" type="stmt"/>
        <line num="1041" count="4" type="stmt"/>
        <line num="1043" count="4" type="stmt"/>
        <line num="1044" count="12" type="stmt"/>
        <line num="1045" count="12" type="stmt"/>
        <line num="1046" count="12" type="stmt"/>
        <line num="1047" count="12" type="stmt"/>
        <line num="1048" count="12" type="stmt"/>
        <line num="1049" count="12" type="cond" truecount="2" falsecount="0"/>
        <line num="1050" count="12" type="cond" truecount="4" falsecount="0"/>
        <line num="1052" count="12" type="stmt"/>
        <line num="1053" count="12" type="cond" truecount="2" falsecount="0"/>
        <line num="1056" count="4" type="cond" truecount="2" falsecount="0"/>
        <line num="1057" count="2" type="stmt"/>
        <line num="1061" count="0" type="stmt"/>
        <line num="1063" count="1" type="stmt"/>
        <line num="1064" count="1" type="stmt"/>
        <line num="1069" count="1" type="stmt"/>
        <line num="1070" count="9" type="stmt"/>
        <line num="1071" count="9" type="stmt"/>
        <line num="1072" count="9" type="stmt"/>
        <line num="1073" count="9" type="stmt"/>
        <line num="1075" count="9" type="cond" truecount="4" falsecount="0"/>
        <line num="1076" count="1" type="stmt"/>
        <line num="1080" count="8" type="stmt"/>
        <line num="1081" count="8" type="cond" truecount="1" falsecount="1"/>
        <line num="1082" count="0" type="stmt"/>
        <line num="1085" count="8" type="stmt"/>
        <line num="1090" count="7" type="cond" truecount="2" falsecount="0"/>
        <line num="1091" count="1" type="stmt"/>
        <line num="1094" count="6" type="stmt"/>
        <line num="1097" count="6" type="cond" truecount="4" falsecount="0"/>
        <line num="1098" count="1" type="stmt"/>
        <line num="1102" count="5" type="cond" truecount="4" falsecount="0"/>
        <line num="1103" count="1" type="stmt"/>
        <line num="1107" count="4" type="stmt"/>
        <line num="1118" count="4" type="cond" truecount="2" falsecount="0"/>
        <line num="1119" count="1" type="stmt"/>
        <line num="1123" count="3" type="cond" truecount="2" falsecount="0"/>
        <line num="1124" count="1" type="stmt"/>
        <line num="1128" count="2" type="cond" truecount="2" falsecount="0"/>
        <line num="1130" count="2" type="stmt"/>
        <line num="1142" count="2" type="cond" truecount="1" falsecount="1"/>
        <line num="1146" count="2" type="stmt"/>
        <line num="1147" count="2" type="stmt"/>
        <line num="1158" count="0" type="stmt"/>
        <line num="1161" count="2" type="stmt"/>
        <line num="1163" count="1" type="stmt"/>
        <line num="1164" count="1" type="stmt"/>
        <line num="1168" count="1" type="stmt"/>
      </file>
      <file name="auth.js" path="C:\DEV\listed_backend\routes\auth.js">
        <metrics statements="255" coveredstatements="223" conditionals="162" coveredconditionals="143" methods="37" coveredmethods="21"/>
        <line num="1" count="1" type="stmt"/>
        <line num="2" count="1" type="stmt"/>
        <line num="3" count="1" type="stmt"/>
        <line num="4" count="1" type="stmt"/>
        <line num="5" count="1" type="stmt"/>
        <line num="6" count="1" type="stmt"/>
        <line num="7" count="1" type="stmt"/>
        <line num="8" count="1" type="stmt"/>
        <line num="9" count="1" type="stmt"/>
        <line num="24" count="1" type="stmt"/>
        <line num="26" count="1" type="stmt"/>
        <line num="27" count="1" type="stmt"/>
        <line num="28" count="1" type="stmt"/>
        <line num="30" count="1" type="stmt"/>
        <line num="35" count="0" type="stmt"/>
        <line num="36" count="0" type="stmt"/>
        <line num="39" count="1" type="stmt"/>
        <line num="44" count="0" type="stmt"/>
        <line num="45" count="0" type="stmt"/>
        <line num="48" count="1" type="stmt"/>
        <line num="53" count="0" type="stmt"/>
        <line num="54" count="0" type="stmt"/>
        <line num="57" count="1" type="stmt"/>
        <line num="62" count="0" type="stmt"/>
        <line num="63" count="0" type="stmt"/>
        <line num="66" count="1" type="stmt"/>
        <line num="71" count="0" type="stmt"/>
        <line num="72" count="0" type="stmt"/>
        <line num="75" count="1" type="stmt"/>
        <line num="80" count="0" type="stmt"/>
        <line num="81" count="0" type="stmt"/>
        <line num="84" count="1" type="stmt"/>
        <line num="87" count="1" type="stmt"/>
        <line num="88" count="5" type="stmt"/>
        <line num="89" count="5" type="cond" truecount="6" falsecount="0"/>
        <line num="90" count="1" type="stmt"/>
        <line num="92" count="4" type="stmt"/>
        <line num="93" count="4" type="stmt"/>
        <line num="96" count="4" type="stmt"/>
        <line num="101" count="4" type="stmt"/>
        <line num="105" count="4" type="cond" truecount="2" falsecount="0"/>
        <line num="106" count="1" type="cond" truecount="1" falsecount="1"/>
        <line num="107" count="1" type="stmt"/>
        <line num="109" count="0" type="stmt"/>
        <line num="110" count="0" type="stmt"/>
        <line num="113" count="3" type="stmt"/>
        <line num="114" count="3" type="stmt"/>
        <line num="115" count="3" type="cond" truecount="1" falsecount="1"/>
        <line num="117" count="3" type="stmt"/>
        <line num="121" count="3" type="cond" truecount="2" falsecount="0"/>
        <line num="122" count="1" type="stmt"/>
        <line num="123" count="1" type="stmt"/>
        <line num="126" count="2" type="stmt"/>
        <line num="127" count="2" type="stmt"/>
        <line num="129" count="1" type="stmt"/>
        <line num="130" count="1" type="stmt"/>
        <line num="134" count="1" type="stmt"/>
        <line num="145" count="0" type="stmt"/>
        <line num="146" count="0" type="stmt"/>
        <line num="151" count="1" type="stmt"/>
        <line num="152" count="8" type="stmt"/>
        <line num="153" count="8" type="cond" truecount="4" falsecount="0"/>
        <line num="155" count="7" type="stmt"/>
        <line num="161" count="7" type="stmt"/>
        <line num="162" count="7" type="cond" truecount="2" falsecount="0"/>
        <line num="163" count="6" type="cond" truecount="2" falsecount="0"/>
        <line num="165" count="5" type="stmt"/>
        <line num="166" count="5" type="cond" truecount="4" falsecount="0"/>
        <line num="167" count="1" type="stmt"/>
        <line num="169" count="4" type="stmt"/>
        <line num="170" count="4" type="stmt"/>
        <line num="172" count="4" type="cond" truecount="2" falsecount="0"/>
        <line num="173" count="1" type="stmt"/>
        <line num="175" count="3" type="cond" truecount="2" falsecount="0"/>
        <line num="176" count="1" type="stmt"/>
        <line num="179" count="2" type="stmt"/>
        <line num="183" count="2" type="cond" truecount="2" falsecount="0"/>
        <line num="186" count="1" type="stmt"/>
        <line num="192" count="1" type="stmt"/>
        <line num="198" count="1" type="stmt"/>
        <line num="199" count="1" type="cond" truecount="1" falsecount="1"/>
        <line num="201" count="1" type="stmt"/>
        <line num="226" count="1" type="stmt"/>
        <line num="231" count="0" type="stmt"/>
        <line num="232" count="0" type="stmt"/>
        <line num="235" count="1" type="stmt"/>
        <line num="238" count="1" type="stmt"/>
        <line num="239" count="7" type="stmt"/>
        <line num="240" count="7" type="cond" truecount="2" falsecount="0"/>
        <line num="242" count="6" type="stmt"/>
        <line num="243" count="6" type="cond" truecount="2" falsecount="0"/>
        <line num="244" count="5" type="cond" truecount="2" falsecount="0"/>
        <line num="245" count="4" type="cond" truecount="2" falsecount="0"/>
        <line num="247" count="3" type="stmt"/>
        <line num="248" count="3" type="cond" truecount="1" falsecount="1"/>
        <line num="250" count="3" type="stmt"/>
        <line num="254" count="3" type="cond" truecount="2" falsecount="0"/>
        <line num="255" count="2" type="stmt"/>
        <line num="256" count="2" type="stmt"/>
        <line num="257" count="1" type="stmt"/>
        <line num="259" count="1" type="stmt"/>
        <line num="260" count="1" type="stmt"/>
        <line num="268" count="1" type="stmt"/>
        <line num="269" count="5" type="stmt"/>
        <line num="270" count="5" type="stmt"/>
        <line num="278" count="5" type="stmt"/>
        <line num="279" count="5" type="cond" truecount="2" falsecount="0"/>
        <line num="280" count="1" type="stmt"/>
        <line num="281" count="1" type="stmt"/>
        <line num="283" count="4" type="cond" truecount="4" falsecount="0"/>
        <line num="284" count="1" type="stmt"/>
        <line num="286" count="3" type="stmt"/>
        <line num="287" count="3" type="stmt"/>
        <line num="288" count="3" type="cond" truecount="2" falsecount="0"/>
        <line num="289" count="1" type="stmt"/>
        <line num="295" count="2" type="cond" truecount="2" falsecount="0"/>
        <line num="297" count="1" type="stmt"/>
        <line num="303" count="1" type="stmt"/>
        <line num="309" count="1" type="stmt"/>
        <line num="310" count="1" type="cond" truecount="1" falsecount="1"/>
        <line num="312" count="1" type="stmt"/>
        <line num="336" count="1" type="stmt"/>
        <line num="337" count="8" type="stmt"/>
        <line num="338" count="8" type="cond" truecount="1" falsecount="1"/>
        <line num="339" count="8" type="cond" truecount="2" falsecount="0"/>
        <line num="341" count="7" type="cond" truecount="1" falsecount="1"/>
        <line num="342" count="0" type="stmt"/>
        <line num="343" count="0" type="stmt"/>
        <line num="348" count="7" type="stmt"/>
        <line num="349" count="7" type="stmt"/>
        <line num="354" count="1" type="stmt"/>
        <line num="355" count="1" type="stmt"/>
        <line num="357" count="6" type="stmt"/>
        <line num="358" count="6" type="cond" truecount="2" falsecount="0"/>
        <line num="368" count="5" type="stmt"/>
        <line num="370" count="5" type="cond" truecount="4" falsecount="0"/>
        <line num="371" count="1" type="stmt"/>
        <line num="375" count="4" type="stmt"/>
        <line num="382" count="4" type="stmt"/>
        <line num="383" count="4" type="cond" truecount="2" falsecount="0"/>
        <line num="384" count="1" type="stmt"/>
        <line num="385" count="1" type="stmt"/>
        <line num="389" count="3" type="cond" truecount="4" falsecount="0"/>
        <line num="390" count="1" type="stmt"/>
        <line num="393" count="2" type="stmt"/>
        <line num="394" count="2" type="stmt"/>
        <line num="396" count="2" type="stmt"/>
        <line num="400" count="2" type="cond" truecount="2" falsecount="3"/>
        <line num="401" count="2" type="stmt"/>
        <line num="402" count="2" type="cond" truecount="2" falsecount="0"/>
        <line num="403" count="1" type="stmt"/>
        <line num="404" count="1" type="stmt"/>
        <line num="406" count="1" type="stmt"/>
        <line num="420" count="1" type="stmt"/>
        <line num="422" count="2" type="stmt"/>
        <line num="426" count="1" type="stmt"/>
        <line num="429" count="0" type="stmt"/>
        <line num="430" count="0" type="stmt"/>
        <line num="435" count="1" type="stmt"/>
        <line num="436" count="2" type="stmt"/>
        <line num="438" count="2" type="stmt"/>
        <line num="456" count="2" type="stmt"/>
        <line num="457" count="2" type="cond" truecount="4" falsecount="0"/>
        <line num="458" count="1" type="stmt"/>
        <line num="460" count="1" type="stmt"/>
        <line num="462" count="1" type="stmt"/>
        <line num="481" count="1" type="stmt"/>
        <line num="486" count="3" type="stmt"/>
        <line num="487" count="3" type="cond" truecount="2" falsecount="0"/>
        <line num="489" count="3" type="cond" truecount="2" falsecount="0"/>
        <line num="491" count="2" type="stmt"/>
        <line num="496" count="2" type="cond" truecount="4" falsecount="0"/>
        <line num="497" count="1" type="stmt"/>
        <line num="500" count="1" type="stmt"/>
        <line num="502" count="1" type="stmt"/>
        <line num="503" count="1" type="stmt"/>
        <line num="505" count="1" type="cond" truecount="1" falsecount="1"/>
        <line num="507" count="1" type="stmt"/>
        <line num="512" count="1" type="stmt"/>
        <line num="520" count="1" type="stmt"/>
        <line num="521" count="1" type="cond" truecount="1" falsecount="1"/>
        <line num="522" count="1" type="stmt"/>
        <line num="525" count="1" type="stmt"/>
        <line num="527" count="0" type="stmt"/>
        <line num="528" count="0" type="stmt"/>
        <line num="534" count="1" type="stmt"/>
        <line num="535" count="7" type="stmt"/>
        <line num="536" count="7" type="cond" truecount="2" falsecount="0"/>
        <line num="537" count="7" type="cond" truecount="1" falsecount="1"/>
        <line num="539" count="7" type="cond" truecount="4" falsecount="0"/>
        <line num="540" count="1" type="stmt"/>
        <line num="543" count="6" type="stmt"/>
        <line num="545" count="6" type="stmt"/>
        <line num="556" count="5" type="cond" truecount="2" falsecount="0"/>
        <line num="558" count="4" type="stmt"/>
        <line num="559" count="4" type="cond" truecount="2" falsecount="0"/>
        <line num="560" count="3" type="cond" truecount="2" falsecount="0"/>
        <line num="561" count="1" type="stmt"/>
        <line num="565" count="2" type="stmt"/>
        <line num="568" count="2" type="stmt"/>
        <line num="569" count="2" type="stmt"/>
        <line num="570" count="2" type="stmt"/>
        <line num="572" count="2" type="stmt"/>
        <line num="577" count="2" type="cond" truecount="2" falsecount="0"/>
        <line num="578" count="1" type="stmt"/>
        <line num="579" count="1" type="stmt"/>
        <line num="580" count="1" type="stmt"/>
        <line num="583" count="1" type="stmt"/>
        <line num="588" count="1" type="stmt"/>
        <line num="589" count="1" type="stmt"/>
        <line num="591" count="1" type="stmt"/>
        <line num="593" count="0" type="stmt"/>
        <line num="594" count="0" type="stmt"/>
        <line num="595" count="0" type="stmt"/>
        <line num="596" count="0" type="stmt"/>
        <line num="599" count="1" type="stmt"/>
        <line num="600" count="1" type="stmt"/>
        <line num="606" count="1" type="stmt"/>
        <line num="611" count="0" type="stmt"/>
        <line num="612" count="0" type="stmt"/>
        <line num="616" count="1" type="stmt"/>
        <line num="617" count="4" type="stmt"/>
        <line num="618" count="4" type="cond" truecount="1" falsecount="1"/>
        <line num="619" count="4" type="cond" truecount="2" falsecount="0"/>
        <line num="621" count="3" type="stmt"/>
        <line num="622" count="2" type="cond" truecount="2" falsecount="0"/>
        <line num="623" count="1" type="stmt"/>
        <line num="626" count="1" type="stmt"/>
        <line num="628" count="1" type="stmt"/>
        <line num="634" count="1" type="stmt"/>
        <line num="641" count="1" type="stmt"/>
        <line num="643" count="1" type="stmt"/>
        <line num="644" count="1" type="stmt"/>
        <line num="649" count="1" type="stmt"/>
        <line num="650" count="3" type="stmt"/>
        <line num="651" count="3" type="cond" truecount="1" falsecount="1"/>
        <line num="652" count="3" type="cond" truecount="2" falsecount="0"/>
        <line num="653" count="2" type="stmt"/>
        <line num="655" count="2" type="stmt"/>
        <line num="657" count="1" type="stmt"/>
        <line num="658" count="1" type="stmt"/>
        <line num="663" count="1" type="stmt"/>
        <line num="664" count="5" type="stmt"/>
        <line num="665" count="5" type="cond" truecount="2" falsecount="0"/>
        <line num="666" count="5" type="cond" truecount="2" falsecount="0"/>
        <line num="668" count="4" type="stmt"/>
        <line num="671" count="4" type="stmt"/>
        <line num="683" count="4" type="cond" truecount="2" falsecount="0"/>
        <line num="685" count="3" type="stmt"/>
        <line num="686" count="3" type="cond" truecount="2" falsecount="0"/>
        <line num="687" count="2" type="cond" truecount="2" falsecount="0"/>
        <line num="689" count="1" type="stmt"/>
        <line num="691" count="0" type="stmt"/>
        <line num="692" count="0" type="stmt"/>
        <line num="696" count="1" type="stmt"/>
      </file>
      <file name="chat.js" path="C:\DEV\listed_backend\routes\chat.js">
        <metrics statements="127" coveredstatements="121" conditionals="94" coveredconditionals="83" methods="14" coveredmethods="14"/>
        <line num="1" count="1" type="stmt"/>
        <line num="2" count="1" type="stmt"/>
        <line num="3" count="1" type="stmt"/>
        <line num="4" count="1" type="stmt"/>
        <line num="5" count="1" type="stmt"/>
        <line num="8" count="1" type="stmt"/>
        <line num="9" count="5" type="stmt"/>
        <line num="10" count="5" type="stmt"/>
        <line num="11" count="5" type="stmt"/>
        <line num="17" count="5" type="stmt"/>
        <line num="18" count="5" type="cond" truecount="4" falsecount="0"/>
        <line num="19" count="3" type="stmt"/>
        <line num="20" count="3" type="cond" truecount="4" falsecount="0"/>
        <line num="21" count="1" type="stmt"/>
        <line num="23" count="2" type="cond" truecount="2" falsecount="0"/>
        <line num="24" count="2" type="stmt"/>
        <line num="29" count="1" type="stmt"/>
        <line num="30" count="7" type="stmt"/>
        <line num="31" count="7" type="stmt"/>
        <line num="32" count="7" type="cond" truecount="2" falsecount="0"/>
        <line num="34" count="6" type="cond" truecount="2" falsecount="0"/>
        <line num="35" count="6" type="cond" truecount="2" falsecount="0"/>
        <line num="36" count="6" type="stmt"/>
        <line num="38" count="6" type="stmt"/>
        <line num="39" count="6" type="stmt"/>
        <line num="40" count="6" type="cond" truecount="2" falsecount="0"/>
        <line num="41" count="1" type="stmt"/>
[...]
        <line num="68" count="3" type="stmt"/>
        <line num="69" count="3" type="stmt"/>
        <line num="70" count="3" type="stmt"/>
        <line num="72" count="3" type="stmt"/>
        <line num="73" count="3" type="stmt"/>
        <line num="74" count="3" type="stmt"/>
        <line num="75" count="3" type="cond" truecount="1" falsecount="1"/>
        <line num="77" count="3" type="stmt"/>
        <line num="78" count="3" type="stmt"/>
        <line num="79" count="3" type="stmt"/>
        <line num="80" count="3" type="stmt"/>
        <line num="87" count="23" type="stmt"/>
        <line num="88" count="23" type="stmt"/>
        <line num="89" count="23" type="stmt"/>
        <line num="90" count="23" type="stmt"/>
        <line num="91" count="23" type="stmt"/>
        <line num="93" count="23" type="stmt"/>
        <line num="99" count="10" type="stmt"/>
        <line num="100" count="10" type="cond" truecount="2" falsecount="0"/>
        <line num="102" count="7" type="stmt"/>
        <line num="103" count="7" type="cond" truecount="2" falsecount="0"/>
        <line num="105" count="6" type="stmt"/>
        <line num="111" count="6" type="stmt"/>
        <line num="117" count="6" type="cond" truecount="2" falsecount="0"/>
        <line num="118" count="4" type="stmt"/>
        <line num="119" count="4" type="stmt"/>
        <line num="120" count="4" type="cond" truecount="1" falsecount="1"/>
        <line num="121" count="0" type="stmt"/>
        <line num="122" count="4" type="stmt"/>
        <line num="123" count="4" type="cond" truecount="1" falsecount="1"/>
        <line num="124" count="4" type="stmt"/>
        <line num="127" count="2" type="stmt"/>
        <line num="129" count="2" type="stmt"/>
        <line num="130" count="2" type="stmt"/>
        <line num="131" count="2" type="cond" truecount="1" falsecount="1"/>
        <line num="132" count="2" type="stmt"/>
        <line num="137" count="8" type="stmt"/>
        <line num="138" count="8" type="cond" truecount="1" falsecount="1"/>
        <line num="140" count="8" type="stmt"/>
        <line num="150" count="8" type="stmt"/>
        <line num="159" count="8" type="cond" truecount="2" falsecount="0"/>
        <line num="161" count="2" type="stmt"/>
        <line num="162" count="2" type="stmt"/>
        <line num="163" count="2" type="cond" truecount="1" falsecount="1"/>
        <line num="164" count="2" type="stmt"/>
        <line num="169" count="4" type="stmt"/>
        <line num="170" count="4" type="cond" truecount="1" falsecount="1"/>
        <line num="172" count="4" type="stmt"/>
        <line num="182" count="4" type="stmt"/>
        <line num="191" count="4" type="cond" truecount="2" falsecount="0"/>
        <line num="193" count="1" type="stmt"/>
        <line num="194" count="1" type="stmt"/>
        <line num="195" count="1" type="cond" truecount="1" falsecount="1"/>
        <line num="196" count="1" type="stmt"/>
        <line num="201" count="5" type="stmt"/>
        <line num="202" count="5" type="cond" truecount="1" falsecount="1"/>
        <line num="204" count="5" type="stmt"/>
        <line num="205" count="5" type="cond" truecount="1" falsecount="1"/>
        <line num="209" count="5" type="stmt"/>
        <line num="210" count="5" type="stmt"/>
        <line num="211" count="10" type="cond" truecount="2" falsecount="0"/>
        <line num="212" count="10" type="stmt"/>
        <line num="213" count="10" type="cond" truecount="3" falsecount="1"/>
        <line num="215" count="0" type="stmt"/>
        <line num="217" count="10" type="stmt"/>
        <line num="221" count="5" type="cond" truecount="3" falsecount="1"/>
        <line num="222" count="0" type="stmt"/>
        <line num="224" count="5" type="cond" truecount="1" falsecount="1"/>
        <line num="225" count="0" type="stmt"/>
        <line num="228" count="5" type="stmt"/>
        <line num="234" count="5" type="stmt"/>
        <line num="240" count="5" type="cond" truecount="2" falsecount="0"/>
        <line num="241" count="4" type="stmt"/>
        <line num="242" count="4" type="stmt"/>
        <line num="243" count="4" type="cond" truecount="1" falsecount="1"/>
        <line num="244" count="0" type="stmt"/>
        <line num="245" count="4" type="cond" truecount="1" falsecount="1"/>
        <line num="246" count="4" type="stmt"/>
        <line num="249" count="1" type="stmt"/>
        <line num="251" count="1" type="stmt"/>
        <line num="252" count="1" type="stmt"/>
        <line num="253" count="1" type="cond" truecount="1" falsecount="1"/>
        <line num="254" count="1" type="stmt"/>
        <line num="259" count="8" type="cond" truecount="2" falsecount="0"/>
        <line num="262" count="7" type="cond" truecount="2" falsecount="0"/>
        <line num="263" count="2" type="stmt"/>
        <line num="264" count="2" type="stmt"/>
        <line num="265" count="2" type="cond" truecount="2" falsecount="0"/>
        <line num="271" count="6" type="stmt"/>
        <line num="273" count="10" type="stmt"/>
        <line num="274" count="10" type="stmt"/>
        <line num="275" count="2" type="cond" truecount="2" falsecount="0"/>
        <line num="276" count="1" type="stmt"/>
        <line num="277" count="1" type="stmt"/>
        <line num="279" count="2" type="stmt"/>
        <line num="281" count="8" type="stmt"/>
        <line num="286" count="8" type="stmt"/>
        <line num="287" count="8" type="stmt"/>
        <line num="288" count="2" type="cond" truecount="1" falsecount="1"/>
        <line num="289" count="0" type="stmt"/>
        <line num="290" count="0" type="stmt"/>
        <line num="292" count="2" type="stmt"/>
        <line num="294" count="6" type="stmt"/>
        <line num="298" count="6" type="cond" truecount="2" falsecount="0"/>
        <line num="299" count="4" type="stmt"/>
        <line num="303" count="2" type="cond" truecount="1" falsecount="1"/>
        <line num="308" count="5" type="cond" truecount="2" falsecount="0"/>
        <line num="310" count="4" type="cond" truecount="2" falsecount="0"/>
        <line num="311" count="1" type="stmt"/>
        <line num="312" count="1" type="stmt"/>
        <line num="313" count="1" type="cond" truecount="1" falsecount="1"/>
        <line num="318" count="3" type="stmt"/>
        <line num="319" count="5" type="stmt"/>
        <line num="320" count="5" type="stmt"/>
        <line num="321" count="1" type="cond" truecount="1" falsecount="1"/>
        <line num="322" count="0" type="stmt"/>
        <line num="323" count="0" type="stmt"/>
        <line num="325" count="1" type="stmt"/>
        <line num="327" count="4" type="stmt"/>
        <line num="330" count="4" type="stmt"/>
        <line num="331" count="4" type="stmt"/>
        <line num="332" count="1" type="cond" truecount="1" falsecount="1"/>
        <line num="333" count="0" type="stmt"/>
        <line num="334" count="0" type="stmt"/>
        <line num="336" count="1" type="stmt"/>
        <line num="338" count="3" type="stmt"/>
        <line num="341" count="3" type="cond" truecount="2" falsecount="0"/>
        <line num="342" count="2" type="stmt"/>
        <line num="346" count="1" type="cond" truecount="1" falsecount="1"/>
        <line num="349" count="1" type="stmt"/>
      </file>
      <file name="extractCity.js" path="C:\DEV\listed_backend\utils\extractCity.js">
        <metrics statements="19" coveredstatements="19" conditionals="19" coveredconditionals="19" methods="2" coveredmethods="2"/>
        <line num="1" count="1" type="stmt"/>
        <line num="4" count="10" type="stmt"/>
        <line num="5" count="10" type="stmt"/>
        <line num="6" count="10" type="stmt"/>
        <line num="10" count="13" type="cond" truecount="4" falsecount="0"/>
        <line num="12" count="10" type="stmt"/>
        <line num="13" count="10" type="stmt"/>
        <line num="14" count="10" type="cond" truecount="2" falsecount="0"/>
        <line num="16" count="9" type="stmt"/>
        <line num="18" count="9" type="stmt"/>
        <line num="19" count="9" type="stmt"/>
        <line num="23" count="9" type="cond" truecount="2" falsecount="0"/>
        <line num="25" count="8" type="stmt"/>
        <line num="26" count="8" type="cond" truecount="2" falsecount="0"/>
        <line num="27" count="8" type="cond" truecount="5" falsecount="0"/>
        <line num="30" count="8" type="cond" truecount="2" falsecount="0"/>
        <line num="32" count="8" type="cond" truecount="2" falsecount="0"/>
        <line num="33" count="8" type="stmt"/>
        <line num="36" count="1" type="stmt"/>
      </file>
      <file name="geoCache.js" path="C:\DEV\listed_backend\utils\geoCache.js">
        <metrics statements="22" coveredstatements="22" conditionals="6" coveredconditionals="6" methods="8" coveredmethods="8"/>
        <line num="1" count="1" type="stmt"/>
        <line num="6" count="3" type="stmt"/>
        <line num="7" count="3" type="cond" truecount="2" falsecount="0"/>
        <line num="8" count="2" type="stmt"/>
        <line num="12" count="1" type="stmt"/>
        <line num="17" count="1" type="stmt"/>
        <line num="21" count="3" type="stmt"/>
        <line num="22" count="5" type="stmt"/>
        <line num="24" count="5" type="stmt"/>
        <line num="25" count="5" type="cond" truecount="2" falsecount="0"/>
        <line num="28" count="2" type="stmt"/>
        <line num="29" count="2" type="cond" truecount="2" falsecount="0"/>
        <line num="30" count="2" type="stmt"/>
        <line num="36" count="1" type="stmt"/>
        <line num="37" count="1" type="stmt"/>
        <line num="40" count="1" type="stmt"/>
        <line num="44" count="1" type="stmt"/>
        <line num="48" count="1" type="stmt"/>
        <line num="49" count="1" type="stmt"/>
        <line num="50" count="1" type="stmt"/>
        <line num="54" count="1" type="stmt"/>
        <line num="57" count="1" type="stmt"/>
      </file>
      <file name="helpers.js" path="C:\DEV\listed_backend\utils\helpers.js">
        <metrics statements="165" coveredstatements="163" conditionals="116" coveredconditionals="105" methods="38" coveredmethods="36"/>
        <line num="1" count="1" type="stmt"/>
        <line num="2" count="1" type="stmt"/>
        <line num="3" count="1" type="stmt"/>
        <line num="4" count="1" type="stmt"/>
        <line num="5" count="1" type="stmt"/>
        <line num="6" count="1" type="stmt"/>
        <line num="7" count="1" type="stmt"/>
        <line num="8" count="1" type="stmt"/>
        <line num="9" count="1" type="stmt"/>
        <line num="11" count="1" type="cond" truecount="2" falsecount="0"/>
        <line num="12" count="1" type="cond" truecount="2" falsecount="0"/>
        <line num="13" count="1" type="stmt"/>
        <line num="15" count="1" type="stmt"/>
        <line num="16" count="1" type="stmt"/>
        <line num="18" count="1" type="stmt"/>
        <line num="24" count="8" type="cond" truecount="2" falsecount="0"/>
        <line num="25" count="8" type="cond" truecount="2" falsecount="0"/>
        <line num="33" count="3" type="stmt"/>
        <line num="34" count="3" type="cond" truecount="2" falsecount="0"/>
        <line num="36" count="2" type="cond" truecount="1" falsecount="1"/>
        <line num="37" count="2" type="stmt"/>
        <line num="38" count="2" type="stmt"/>
        <line num="41" count="2" type="cond" truecount="2" falsecount="0"/>
        <line num="43" count="2" type="stmt"/>
        <line num="56" count="14" type="stmt"/>
        <line num="57" count="14" type="cond" truecount="2" falsecount="0"/>
        <line num="58" count="14" type="cond" truecount="2" falsecount="0"/>
        <line num="59" count="9" type="stmt"/>
        <line num="60" count="9" type="cond" truecount="2" falsecount="0"/>
        <line num="64" count="4" type="stmt"/>
        <line num="65" count="4" type="cond" truecount="2" falsecount="0"/>
        <line num="67" count="3" type="cond" truecount="1" falsecount="1"/>
        <line num="68" count="3" type="stmt"/>
        <line num="77" count="3" type="cond" truecount="2" falsecount="0"/>
        <line num="78" count="1" type="stmt"/>
        <line num="79" count="1" type="stmt"/>
        <line num="83" count="2" type="stmt"/>
        <line num="92" count="11" type="stmt"/>
        <line num="96" count="3" type="cond" truecount="2" falsecount="0"/>
        <line num="97" count="3" type="cond" truecount="2" falsecount="0"/>
        <line num="99" count="3" type="stmt"/>
        <line num="109" count="3" type="stmt"/>
        <line num="110" count="3" type="stmt"/>
        <line num="118" count="2" type="cond" truecount="2" falsecount="0"/>
        <line num="119" count="1" type="stmt"/>
        <line num="120" count="1" type="cond" truecount="1" falsecount="1"/>
        <line num="123" count="1" type="stmt"/>
        <line num="125" count="2" type="stmt"/>
        <line num="126" count="2" type="stmt"/>
        <line num="131" count="3" type="cond" truecount="2" falsecount="0"/>
        <line num="132" count="3" type="cond" truecount="2" falsecount="0"/>
        <line num="134" count="3" type="stmt"/>
        <line num="148" count="3" type="stmt"/>
        <line num="149" count="3" type="stmt"/>
        <line num="157" count="2" type="cond" truecount="2" falsecount="0"/>
        <line num="158" count="1" type="stmt"/>
        <line num="159" count="1" type="cond" truecount="1" falsecount="1"/>
        <line num="162" count="1" type="stmt"/>
        <line num="164" count="2" type="stmt"/>
        <line num="165" count="2" type="stmt"/>
        <line num="170" count="4" type="cond" truecount="2" falsecount="0"/>
        <line num="174" count="2" type="stmt"/>
        <line num="175" count="2" type="cond" truecount="2" falsecount="0"/>
        <line num="176" count="1" type="stmt"/>
        <line num="180" count="8" type="cond" truecount="2" falsecount="0"/>
        <line num="184" count="7" type="stmt"/>
        <line num="185" count="7" type="stmt"/>
        <line num="191" count="7" type="stmt"/>
        <line num="200" count="7" type="cond" truecount="2" falsecount="0"/>
        <line num="201" count="1" type="stmt"/>
        <line num="202" count="1" type="stmt"/>
        <line num="205" count="6" type="stmt"/>
        <line num="207" count="6" type="cond" truecount="1" falsecount="1"/>
        <line num="208" count="6" type="stmt"/>
        <line num="209" count="5" type="stmt"/>
        <line num="210" count="5" type="stmt"/>
        <line num="212" count="6" type="cond" truecount="2" falsecount="0"/>
        <line num="213" count="2" type="stmt"/>
        <line num="214" count="2" type="stmt"/>
        <line num="217" count="4" type="stmt"/>
        <line num="227" count="4" type="stmt"/>
        <line num="228" count="4" type="stmt"/>
        <line num="231" count="4" type="stmt"/>
        <line num="233" count="4" type="stmt"/>
        <line num="234" count="4" type="stmt"/>
        <line num="236" count="3" type="stmt"/>
        <line num="237" count="3" type="stmt"/>
        <line num="238" count="3" type="stmt"/>
        <line num="240" count="3" type="stmt"/>
        <line num="241" count="3" type="cond" truecount="1" falsecount="1"/>
        <line num="245" count="3" type="stmt"/>
        <line num="248" count="3" type="stmt"/>
        <line num="249" count="3" type="cond" truecount="2" falsecount="0"/>
        <line num="250" count="2" type="stmt"/>
        <line num="252" count="3" type="cond" truecount="2" falsecount="0"/>
        <line num="254" count="2" type="stmt"/>
        <line num="258" count="2" type="cond" truecount="2" falsecount="0"/>
        <line num="259" count="1" type="stmt"/>
        <line num="260" count="2" type="stmt"/>
        <line num="264" count="1" type="stmt"/>
        <line num="265" count="1" type="stmt"/>
        <line num="273" count="2" type="stmt"/>
        <line num="274" count="2" type="stmt"/>
        <line num="275" count="2" type="cond" truecount="2" falsecount="0"/>
        <line num="277" count="1" type="stmt"/>
        <line num="278" count="1" type="stmt"/>
        <line num="279" count="1" type="stmt"/>
        <line num="281" count="1" type="stmt"/>
        <line num="287" count="6" type="stmt"/>
        <line num="288" count="6" type="stmt"/>
        <line num="296" count="6" type="stmt"/>
        <line num="297" count="6" type="cond" truecount="2" falsecount="0"/>
        <line num="298" count="5" type="cond" truecount="2" falsecount="0"/>
        <line num="300" count="4" type="stmt"/>
        <line num="301" count="4" type="cond" truecount="2" falsecount="0"/>
        <line num="303" count="3" type="cond" truecount="4" falsecount="0"/>
        <line num="304" count="1" type="stmt"/>
        <line num="306" count="2" type="stmt"/>
        <line num="312" count="2" type="stmt"/>
        <line num="313" count="2" type="stmt"/>
        <line num="321" count="2" type="stmt"/>
        <line num="322" count="2" type="cond" truecount="2" falsecount="0"/>
        <line num="323" count="2" type="stmt"/>
        <line num="331" count="4" type="cond" truecount="2" falsecount="0"/>
        <line num="332" count="4" type="stmt"/>
        <line num="333" count="4" type="stmt"/>
        <line num="335" count="4" type="stmt"/>
        <line num="343" count="4" type="stmt"/>
        <line num="344" count="4" type="stmt"/>
        <line num="348" count="4" type="stmt"/>
        <line num="350" count="4" type="stmt"/>
        <line num="351" count="4" type="cond" truecount="2" falsecount="0"/>
        <line num="354" count="1" type="stmt"/>
        <line num="357" count="3" type="stmt"/>
        <line num="360" count="3" type="stmt"/>
        <line num="361" count="3" type="cond" truecount="2" falsecount="0"/>
        <line num="362" count="1" type="stmt"/>
        <line num="366" count="2" type="stmt"/>
        <line num="367" count="2" type="cond" truecount="2" falsecount="0"/>
        <line num="369" count="1" type="stmt"/>
        <line num="370" count="1" type="stmt"/>
        <line num="373" count="1" type="stmt"/>
        <line num="377" count="1" type="stmt"/>
        <line num="378" count="1" type="stmt"/>
        <line num="383" count="2" type="stmt"/>
        <line num="389" count="2" type="stmt"/>
        <line num="395" count="2" type="stmt"/>
        <line num="396" count="2" type="cond" truecount="1" falsecount="1"/>
        <line num="398" count="2" type="stmt"/>
        <line num="419" count="1" type="stmt"/>
        <line num="424" count="0" type="stmt"/>
        <line num="425" count="0" type="stmt"/>
        <line num="430" count="6" type="stmt"/>
        <line num="431" count="5" type="cond" truecount="2" falsecount="0"/>
        <line num="432" count="5" type="cond" truecount="4" falsecount="0"/>
        <line num="434" count="3" type="stmt"/>
        <line num="435" count="3" type="stmt"/>
        <line num="436" count="3" type="stmt"/>
        <line num="437" count="2" type="cond" truecount="2" falsecount="0"/>
        <line num="438" count="1" type="stmt"/>
        <line num="440" count="1" type="stmt"/>
        <line num="441" count="1" type="stmt"/>
        <line num="443" count="1" type="stmt"/>
        <line num="447" count="1" type="stmt"/>
        <line num="449" count="1" type="stmt"/>
      </file>
      <file name="sentry.js" path="C:\DEV\listed_backend\utils\sentry.js">
        <metrics statements="6" coveredstatements="6" conditionals="6" coveredconditionals="5" methods="1" coveredmethods="1"/>
        <line num="1" count="6" type="stmt"/>
        <line num="3" count="6" type="stmt"/>
        <line num="9" count="4" type="cond" truecount="2" falsecount="0"/>
        <line num="10" count="4" type="cond" truecount="2" falsecount="0"/>
        <line num="11" count="2" type="stmt"/>
        <line num="15" count="6" type="stmt"/>
      </file>
    </package>
  </project>
</coverage>
