{"C:\\DEV\\listed_backend\\middleware\\authenticateToken.js": {"path":"C:\\DEV\\listed_backend\\middleware\\authenticateToken.js","statementMap":{"0":{"start":{"line":1,"column":12},"end":{"line":1,"column":35}},"1":{"start":{"line":2,"column":15},"end":{"line":2,"column":38}},"2":{"start":{"line":6,"column":21},"end":{"line":6,"column":49}},"3":{"start":{"line":7,"column":16},"end":{"line":7,"column":54}},"4":{"start":{"line":9,"column":2},"end":{"line":9,"column":97}},"5":{"start":{"line":9,"column":14},"end":{"line":9,"column":97}},"6":{"start":{"line":11,"column":2},"end":{"line":21,"column":5}},"7":{"start":{"line":12,"column":4},"end":{"line":17,"column":5}},"8":{"start":{"line":13,"column":6},"end":{"line":15,"column":7}},"9":{"start":{"line":14,"column":8},"end":{"line":14,"column":89}},"10":{"start":{"line":16,"column":6},"end":{"line":16,"column":87}},"11":{"start":{"line":18,"column":4},"end":{"line":18,"column":20}},"12":{"start":{"line":19,"column":4},"end":{"line":19,"column":36}},"13":{"start":{"line":20,"column":4},"end":{"line":20,"column":11}},"14":{"start":{"line":24,"column":0},"end":{"line":24,"column":35}}},"fnMap":{"0":{"name":"authenticateToken","decl":{"start":{"line":4,"column":9},"end":{"line":4,"column":26}},"loc":{"start":{"line":4,"column":43},"end":{"line":22,"column":1}},"line":4},"1":{"name":"(anonymous_1)","decl":{"start":{"line":11,"column":71},"end":{"line":11,"column":72}},"loc":{"start":{"line":11,"column":86},"end":{"line":21,"column":3}},"line":11}},"branchMap":{"0":{"loc":{"start":{"line":7,"column":16},"end":{"line":7,"column":54}},"type":"binary-expr","locations":[{"start":{"line":7,"column":16},"end":{"line":7,"column":26}},{"start":{"line":7,"column":30},"end":{"line":7,"column":54}}],"line":7},"1":{"loc":{"start":{"line":9,"column":2},"end":{"line":9,"column":97}},"type":"if","locations":[{"start":{"line":9,"column":2},"end":{"line":9,"column":97}},{"start":{},"end":{}}],"line":9},"2":{"loc":{"start":{"line":12,"column":4},"end":{"line":17,"column":5}},"type":"if","locations":[{"start":{"line":12,"column":4},"end":{"line":17,"column":5}},{"start":{},"end":{}}],"line":12},"3":{"loc":{"start":{"line":13,"column":6},"end":{"line":15,"column":7}},"type":"if","locations":[{"start":{"line":13,"column":6},"end":{"line":15,"column":7}},{"start":{},"end":{}}],"line":13}},"s":{"0":15,"1":15,"2":6,"3":6,"4":6,"5":2,"6":4,"7":4,"8":2,"9":1,"10":1,"11":2,"12":2,"13":2,"14":15},"f":{"0":6,"1":4},"b":{"0":[6,5],"1":[2,4],"2":[2,2],"3":[1,1]},"_coverageSchema":"1a1c01bbd47fc00a2c39e90264f33305004495a9","hash":"5d39a0c2f7b1b8a07560ae81070858e18f96305c"}
,"C:\\DEV\\listed_backend\\middleware\\requireAdmin.js": {"path":"C:\\DEV\\listed_backend\\middleware\\requireAdmin.js","statementMap":{"0":{"start":{"line":1,"column":0},"end":{"line":7,"column":4}},"1":{"start":{"line":3,"column":22},"end":{"line":3,"column":42}},"2":{"start":{"line":5,"column":4},"end":{"line":5,"column":45}},"3":{"start":{"line":5,"column":31},"end":{"line":5,"column":45}},"4":{"start":{"line":6,"column":4},"end":{"line":6,"column":79}}},"fnMap":{"0":{"name":"requireAdmin","decl":{"start":{"line":1,"column":26},"end":{"line":1,"column":38}},"loc":{"start":{"line":1,"column":55},"end":{"line":7,"column":3}},"line":1}},"branchMap":{"0":{"loc":{"start":{"line":5,"column":4},"end":{"line":5,"column":45}},"type":"if","locations":[{"start":{"line":5,"column":4},"end":{"line":5,"column":45}},{"start":{},"end":{}}],"line":5}},"s":{"0":2,"1":5,"2":5,"3":1,"4":4},"f":{"0":5},"b":{"0":[1,4]},"_coverageSchema":"1a1c01bbd47fc00a2c39e90264f33305004495a9","hash":"c1b43284e7e10ad96f8f4932c309fb6f91883914"}
,"C:\\DEV\\listed_backend\\middleware\\requireVerifiedAgent.js": {"path":"C:\\DEV\\listed_backend\\middleware\\requireVerifiedAgent.js","statementMap":{"0":{"start":{"line":1,"column":14},"end":{"line":1,"column":31}},"1":{"start":{"line":4,"column":0},"end":{"line":40,"column":2}},"2":{"start":{"line":5,"column":2},"end":{"line":39,"column":4}},"3":{"start":{"line":6,"column":19},"end":{"line":6,"column":31}},"4":{"start":{"line":7,"column":4},"end":{"line":7,"column":73}},"5":{"start":{"line":7,"column":17},"end":{"line":7,"column":73}},"6":{"start":{"line":9,"column":4},"end":{"line":38,"column":6}},"7":{"start":{"line":16,"column":8},"end":{"line":16,"column":86}},"8":{"start":{"line":16,"column":17},"end":{"line":16,"column":86}},"9":{"start":{"line":17,"column":8},"end":{"line":17,"column":90}},"10":{"start":{"line":17,"column":26},"end":{"line":17,"column":90}},"11":{"start":{"line":19,"column":18},"end":{"line":19,"column":25}},"12":{"start":{"line":23,"column":24},"end":{"line":23,"column":66}},"13":{"start":{"line":25,"column":8},"end":{"line":25,"column":36}},"14":{"start":{"line":25,"column":22},"end":{"line":25,"column":36}},"15":{"start":{"line":27,"column":8},"end":{"line":33,"column":11}},"16":{"start":{"line":28,"column":12},"end":{"line":32,"column":15}},"17":{"start":{"line":36,"column":8},"end":{"line":36,"column":22}}},"fnMap":{"0":{"name":"requireVerifiedAgentFactory","decl":{"start":{"line":4,"column":26},"end":{"line":4,"column":53}},"loc":{"start":{"line":4,"column":60},"end":{"line":40,"column":1}},"line":4},"1":{"name":"requireVerifiedAgent","decl":{"start":{"line":5,"column":18},"end":{"line":5,"column":38}},"loc":{"start":{"line":5,"column":55},"end":{"line":39,"column":3}},"line":5},"2":{"name":"(anonymous_2)","decl":{"start":{"line":15,"column":6},"end":{"line":15,"column":7}},"loc":{"start":{"line":15,"column":21},"end":{"line":37,"column":7}},"line":15}},"branchMap":{"0":{"loc":{"start":{"line":7,"column":4},"end":{"line":7,"column":73}},"type":"if","locations":[{"start":{"line":7,"column":4},"end":{"line":7,"column":73}},{"start":{},"end":{}}],"line":7},"1":{"loc":{"start":{"line":16,"column":8},"end":{"line":16,"column":86}},"type":"if","locations":[{"start":{"line":16,"column":8},"end":{"line":16,"column":86}},{"start":{},"end":{}}],"line":16},"2":{"loc":{"start":{"line":17,"column":8},"end":{"line":17,"column":90}},"type":"if","locations":[{"start":{"line":17,"column":8},"end":{"line":17,"column":90}},{"start":{},"end":{}}],"line":17},"3":{"loc":{"start":{"line":23,"column":24},"end":{"line":23,"column":66}},"type":"binary-expr","locations":[{"start":{"line":23,"column":24},"end":{"line":23,"column":36}},{"start":{"line":23,"column":40},"end":{"line":23,"column":66}}],"line":23},"4":{"loc":{"start":{"line":25,"column":8},"end":{"line":25,"column":36}},"type":"if","locations":[{"start":{"line":25,"column":8},"end":{"line":25,"column":36}},{"start":{},"end":{}}],"line":25},"5":{"loc":{"start":{"line":27,"column":8},"end":{"line":33,"column":11}},"type":"if","locations":[{"start":{"line":27,"column":8},"end":{"line":33,"column":11}},{"start":{},"end":{}}],"line":27}},"s":{"0":1,"1":1,"2":9,"3":9,"4":9,"5":1,"6":8,"7":8,"8":1,"9":7,"10":1,"11":6,"12":6,"13":6,"14":2,"15":4,"16":2,"17":2},"f":{"0":9,"1":9,"2":8},"b":{"0":[1,8],"1":[1,7],"2":[1,6],"3":[6,5],"4":[2,4],"5":[2,2]},"_coverageSchema":"1a1c01bbd47fc00a2c39e90264f33305004495a9","hash":"c8c7ab39116d4e02d89a762a5a83fdf522139194"}
,"C:\\DEV\\listed_backend\\routes\\admin.js": {"path":"C:\\DEV\\listed_backend\\routes\\admin.js","statementMap":{"0":{"start":{"line":1,"column":16},"end":{"line":1,"column":34}},"1":{"start":{"line":2,"column":15},"end":{"line":2,"column":31}},"2":{"start":{"line":3,"column":13},"end":{"line":3,"column":34}},"3":{"start":{"line":4,"column":26},"end":{"line":4,"column":68}},"4":{"start":{"line":5,"column":21},"end":{"line":5,"column":58}},"5":{"start":{"line":8,"column":0},"end":{"line":48,"column":3}},"6":{"start":{"line":9,"column":14},"end":{"line":42,"column":3}},"7":{"start":{"line":44,"column":2},"end":{"line":47,"column":5}},"8":{"start":{"line":45,"column":4},"end":{"line":45,"column":81}},"9":{"start":{"line":45,"column":13},"end":{"line":45,"column":81}},"10":{"start":{"line":46,"column":4},"end":{"line":46,"column":19}},"11":{"start":{"line":51,"column":0},"end":{"line":77,"column":3}},"12":{"start":{"line":52,"column":18},"end":{"line":52,"column":39}},"13":{"start":{"line":53,"column":18},"end":{"line":53,"column":29}},"14":{"start":{"line":55,"column":2},"end":{"line":76,"column":4}},"15":{"start":{"line":67,"column":6},"end":{"line":72,"column":7}},"16":{"start":{"line":68,"column":8},"end":{"line":70,"column":11}},"17":{"start":{"line":71,"column":8},"end":{"line":71,"column":73}},"18":{"start":{"line":73,"column":6},"end":{"line":73,"column":90}},"19":{"start":{"line":73,"column":27},"end":{"line":73,"column":90}},"20":{"start":{"line":74,"column":6},"end":{"line":74,"column":29}},"21":{"start":{"line":80,"column":0},"end":{"line":102,"column":3}},"22":{"start":{"line":81,"column":18},"end":{"line":81,"column":39}},"23":{"start":{"line":82,"column":18},"end":{"line":82,"column":29}},"24":{"start":{"line":83,"column":21},"end":{"line":83,"column":35}},"25":{"start":{"line":85,"column":2},"end":{"line":101,"column":4}},"26":{"start":{"line":97,"column":6},"end":{"line":97,"column":81}},"27":{"start":{"line":97,"column":15},"end":{"line":97,"column":81}},"28":{"start":{"line":98,"column":6},"end":{"line":98,"column":90}},"29":{"start":{"line":98,"column":27},"end":{"line":98,"column":90}},"30":{"start":{"line":99,"column":6},"end":{"line":99,"column":29}},"31":{"start":{"line":105,"column":0},"end":{"line":141,"column":3}},"32":{"start":{"line":106,"column":14},"end":{"line":132,"column":3}},"33":{"start":{"line":134,"column":2},"end":{"line":140,"column":5}},"34":{"start":{"line":135,"column":4},"end":{"line":138,"column":5}},"35":{"start":{"line":136,"column":6},"end":{"line":136,"column":61}},"36":{"start":{"line":137,"column":6},"end":{"line":137,"column":78}},"37":{"start":{"line":139,"column":4},"end":{"line":139,"column":19}},"38":{"start":{"line":144,"column":0},"end":{"line":168,"column":3}},"39":{"start":{"line":145,"column":21},"end":{"line":145,"column":42}},"40":{"start":{"line":146,"column":18},"end":{"line":146,"column":29}},"41":{"start":{"line":147,"column":20},"end":{"line":147,"column":34}},"42":{"start":{"line":149,"column":2},"end":{"line":167,"column":4}},"43":{"start":{"line":159,"column":6},"end":{"line":159,"column":83}},"44":{"start":{"line":159,"column":15},"end":{"line":159,"column":83}},"45":{"start":{"line":160,"column":6},"end":{"line":160,"column":111}},"46":{"start":{"line":160,"column":27},"end":{"line":160,"column":111}},"47":{"start":{"line":161,"column":6},"end":{"line":161,"column":29}},"48":{"start":{"line":164,"column":33},"end":{"line":164,"column":67}},"49":{"start":{"line":165,"column":6},"end":{"line":165,"column":84}},"50":{"start":{"line":165,"column":46},"end":{"line":165,"column":82}},"51":{"start":{"line":171,"column":0},"end":{"line":191,"column":3}},"52":{"start":{"line":172,"column":21},"end":{"line":172,"column":42}},"53":{"start":{"line":173,"column":18},"end":{"line":173,"column":29}},"54":{"start":{"line":174,"column":20},"end":{"line":174,"column":34}},"55":{"start":{"line":176,"column":2},"end":{"line":190,"column":4}},"56":{"start":{"line":186,"column":6},"end":{"line":186,"column":84}},"57":{"start":{"line":186,"column":15},"end":{"line":186,"column":84}},"58":{"start":{"line":187,"column":6},"end":{"line":187,"column":111}},"59":{"start":{"line":187,"column":27},"end":{"line":187,"column":111}},"60":{"start":{"line":188,"column":6},"end":{"line":188,"column":29}},"61":{"start":{"line":194,"column":0},"end":{"line":274,"column":3}},"62":{"start":{"line":195,"column":2},"end":{"line":273,"column":3}},"63":{"start":{"line":197,"column":4},"end":{"line":199,"column":5}},"64":{"start":{"line":198,"column":6},"end":{"line":198,"column":62}},"65":{"start":{"line":201,"column":23},"end":{"line":201,"column":32}},"66":{"start":{"line":203,"column":22},"end":{"line":203,"column":24}},"67":{"start":{"line":204,"column":17},"end":{"line":204,"column":19}},"68":{"start":{"line":206,"column":4},"end":{"line":209,"column":5}},"69":{"start":{"line":207,"column":6},"end":{"line":207,"column":41}},"70":{"start":{"line":208,"column":6},"end":{"line":208,"column":24}},"71":{"start":{"line":211,"column":16},"end":{"line":266,"column":5}},"72":{"start":{"line":268,"column":19},"end":{"line":268,"column":58}},"73":{"start":{"line":269,"column":4},"end":{"line":269,"column":19}},"74":{"start":{"line":271,"column":4},"end":{"line":271,"column":51}},"75":{"start":{"line":272,"column":4},"end":{"line":272,"column":65}},"76":{"start":{"line":277,"column":0},"end":{"line":382,"column":3}},"77":{"start":{"line":278,"column":2},"end":{"line":381,"column":3}},"78":{"start":{"line":280,"column":4},"end":{"line":282,"column":5}},"79":{"start":{"line":281,"column":6},"end":{"line":281,"column":62}},"80":{"start":{"line":284,"column":21},"end":{"line":284,"column":34}},"81":{"start":{"line":287,"column":25},"end":{"line":298,"column":5}},"82":{"start":{"line":300,"column":4},"end":{"line":302,"column":5}},"83":{"start":{"line":301,"column":6},"end":{"line":301,"column":70}},"84":{"start":{"line":304,"column":19},"end":{"line":304,"column":32}},"85":{"start":{"line":306,"column":4},"end":{"line":308,"column":5}},"86":{"start":{"line":307,"column":6},"end":{"line":307,"column":101}},"87":{"start":{"line":311,"column":23},"end":{"line":327,"column":5}},"88":{"start":{"line":330,"column":21},"end":{"line":330,"column":23}},"89":{"start":{"line":331,"column":4},"end":{"line":331,"column":40}},"90":{"start":{"line":332,"column":4},"end":{"line":332,"column":70}},"91":{"start":{"line":333,"column":4},"end":{"line":333,"column":42}},"92":{"start":{"line":335,"column":4},"end":{"line":335,"column":47}},"93":{"start":{"line":336,"column":4},"end":{"line":336,"column":40}},"94":{"start":{"line":337,"column":4},"end":{"line":337,"column":96}},"95":{"start":{"line":338,"column":4},"end":{"line":338,"column":47}},"96":{"start":{"line":339,"column":4},"end":{"line":339,"column":47}},"97":{"start":{"line":340,"column":4},"end":{"line":340,"column":59}},"98":{"start":{"line":342,"column":4},"end":{"line":342,"column":37}},"99":{"start":{"line":343,"column":4},"end":{"line":343,"column":40}},"100":{"start":{"line":344,"column":4},"end":{"line":344,"column":115}},"101":{"start":{"line":345,"column":4},"end":{"line":345,"column":116}},"102":{"start":{"line":347,"column":4},"end":{"line":347,"column":64}},"103":{"start":{"line":348,"column":4},"end":{"line":348,"column":42}},"104":{"start":{"line":350,"column":4},"end":{"line":368,"column":5}},"105":{"start":{"line":351,"column":6},"end":{"line":351,"column":62}},"106":{"start":{"line":353,"column":6},"end":{"line":367,"column":7}},"107":{"start":{"line":354,"column":27},"end":{"line":354,"column":71}},"108":{"start":{"line":355,"column":26},"end":{"line":355,"column":74}},"109":{"start":{"line":356,"column":25},"end":{"line":356,"column":92}},"110":{"start":{"line":358,"column":8},"end":{"line":358,"column":52}},"111":{"start":{"line":359,"column":8},"end":{"line":359,"column":79}},"112":{"start":{"line":361,"column":8},"end":{"line":364,"column":9}},"113":{"start":{"line":362,"column":10},"end":{"line":362,"column":80}},"114":{"start":{"line":363,"column":10},"end":{"line":363,"column":52}},"115":{"start":{"line":366,"column":8},"end":{"line":366,"column":27}},"116":{"start":{"line":370,"column":4},"end":{"line":370,"column":47}},"117":{"start":{"line":371,"column":4},"end":{"line":371,"column":35}},"118":{"start":{"line":372,"column":4},"end":{"line":372,"column":40}},"119":{"start":{"line":375,"column":4},"end":{"line":375,"column":63}},"120":{"start":{"line":376,"column":4},"end":{"line":376,"column":110}},"121":{"start":{"line":377,"column":4},"end":{"line":377,"column":25}},"122":{"start":{"line":379,"column":4},"end":{"line":379,"column":67}},"123":{"start":{"line":380,"column":4},"end":{"line":380,"column":62}},"124":{"start":{"line":385,"column":0},"end":{"line":409,"column":3}},"125":{"start":{"line":386,"column":2},"end":{"line":408,"column":3}},"126":{"start":{"line":388,"column":4},"end":{"line":390,"column":5}},"127":{"start":{"line":389,"column":6},"end":{"line":389,"column":62}},"128":{"start":{"line":392,"column":21},"end":{"line":392,"column":34}},"129":{"start":{"line":393,"column":36},"end":{"line":393,"column":44}},"130":{"start":{"line":395,"column":4},"end":{"line":397,"column":5}},"131":{"start":{"line":396,"column":6},"end":{"line":396,"column":64}},"132":{"start":{"line":399,"column":4},"end":{"line":402,"column":6}},"133":{"start":{"line":404,"column":4},"end":{"line":404,"column":59}},"134":{"start":{"line":406,"column":4},"end":{"line":406,"column":62}},"135":{"start":{"line":407,"column":4},"end":{"line":407,"column":67}},"136":{"start":{"line":412,"column":0},"end":{"line":428,"column":3}},"137":{"start":{"line":413,"column":2},"end":{"line":427,"column":3}},"138":{"start":{"line":415,"column":4},"end":{"line":417,"column":5}},"139":{"start":{"line":416,"column":6},"end":{"line":416,"column":62}},"140":{"start":{"line":419,"column":21},"end":{"line":419,"column":34}},"141":{"start":{"line":421,"column":4},"end":{"line":421,"column":79}},"142":{"start":{"line":423,"column":4},"end":{"line":423,"column":57}},"143":{"start":{"line":425,"column":4},"end":{"line":425,"column":58}},"144":{"start":{"line":426,"column":4},"end":{"line":426,"column":65}},"145":{"start":{"line":430,"column":0},"end":{"line":430,"column":24}}},"fnMap":{"0":{"name":"(anonymous_0)","decl":{"start":{"line":8,"column":69},"end":{"line":8,"column":70}},"loc":{"start":{"line":8,"column":83},"end":{"line":48,"column":1}},"line":8},"1":{"name":"(anonymous_1)","decl":{"start":{"line":44,"column":22},"end":{"line":44,"column":23}},"loc":{"start":{"line":44,"column":37},"end":{"line":47,"column":3}},"line":44},"2":{"name":"(anonymous_2)","decl":{"start":{"line":51,"column":74},"end":{"line":51,"column":75}},"loc":{"start":{"line":51,"column":88},"end":{"line":77,"column":1}},"line":51},"3":{"name":"(anonymous_3)","decl":{"start":{"line":66,"column":4},"end":{"line":66,"column":5}},"loc":{"start":{"line":66,"column":16},"end":{"line":75,"column":5}},"line":66},"4":{"name":"(anonymous_4)","decl":{"start":{"line":80,"column":73},"end":{"line":80,"column":74}},"loc":{"start":{"line":80,"column":87},"end":{"line":102,"column":1}},"line":80},"5":{"name":"(anonymous_5)","decl":{"start":{"line":96,"column":4},"end":{"line":96,"column":5}},"loc":{"start":{"line":96,"column":16},"end":{"line":100,"column":5}},"line":96},"6":{"name":"(anonymous_6)","decl":{"start":{"line":105,"column":73},"end":{"line":105,"column":74}},"loc":{"start":{"line":105,"column":87},"end":{"line":141,"column":1}},"line":105},"7":{"name":"(anonymous_7)","decl":{"start":{"line":134,"column":22},"end":{"line":134,"column":23}},"loc":{"start":{"line":134,"column":37},"end":{"line":140,"column":3}},"line":134},"8":{"name":"(anonymous_8)","decl":{"start":{"line":144,"column":78},"end":{"line":144,"column":79}},"loc":{"start":{"line":144,"column":92},"end":{"line":168,"column":1}},"line":144},"9":{"name":"(anonymous_9)","decl":{"start":{"line":158,"column":4},"end":{"line":158,"column":5}},"loc":{"start":{"line":158,"column":16},"end":{"line":166,"column":5}},"line":158},"10":{"name":"(anonymous_10)","decl":{"start":{"line":165,"column":39},"end":{"line":165,"column":40}},"loc":{"start":{"line":165,"column":46},"end":{"line":165,"column":82}},"line":165},"11":{"name":"(anonymous_11)","decl":{"start":{"line":171,"column":77},"end":{"line":171,"column":78}},"loc":{"start":{"line":171,"column":91},"end":{"line":191,"column":1}},"line":171},"12":{"name":"(anonymous_12)","decl":{"start":{"line":185,"column":4},"end":{"line":185,"column":5}},"loc":{"start":{"line":185,"column":16},"end":{"line":189,"column":5}},"line":185},"13":{"name":"(anonymous_13)","decl":{"start":{"line":194,"column":48},"end":{"line":194,"column":49}},"loc":{"start":{"line":194,"column":68},"end":{"line":274,"column":1}},"line":194},"14":{"name":"(anonymous_14)","decl":{"start":{"line":277,"column":64},"end":{"line":277,"column":65}},"loc":{"start":{"line":277,"column":84},"end":{"line":382,"column":1}},"line":277},"15":{"name":"(anonymous_15)","decl":{"start":{"line":385,"column":59},"end":{"line":385,"column":60}},"loc":{"start":{"line":385,"column":79},"end":{"line":409,"column":1}},"line":385},"16":{"name":"(anonymous_16)","decl":{"start":{"line":412,"column":55},"end":{"line":412,"column":56}},"loc":{"start":{"line":412,"column":75},"end":{"line":428,"column":1}},"line":412}},"branchMap":{"0":{"loc":{"start":{"line":45,"column":4},"end":{"line":45,"column":81}},"type":"if","locations":[{"start":{"line":45,"column":4},"end":{"line":45,"column":81}},{"start":{},"end":{}}],"line":45},"1":{"loc":{"start":{"line":67,"column":6},"end":{"line":72,"column":7}},"type":"if","locations":[{"start":{"line":67,"column":6},"end":{"line":72,"column":7}},{"start":{},"end":{}}],"line":67},"2":{"loc":{"start":{"line":73,"column":6},"end":{"line":73,"column":90}},"type":"if","locations":[{"start":{"line":73,"column":6},"end":{"line":73,"column":90}},{"start":{},"end":{}}],"line":73},"3":{"loc":{"start":{"line":83,"column":21},"end":{"line":83,"column":35}},"type":"binary-expr","locations":[{"start":{"line":83,"column":21},"end":{"line":83,"column":29}},{"start":{"line":83,"column":33},"end":{"line":83,"column":35}}],"line":83},"4":{"loc":{"start":{"line":95,"column":5},"end":{"line":95,"column":19}},"type":"binary-expr","locations":[{"start":{"line":95,"column":5},"end":{"line":95,"column":11}},{"start":{"line":95,"column":15},"end":{"line":95,"column":19}}],"line":95},"5":{"loc":{"start":{"line":97,"column":6},"end":{"line":97,"column":81}},"type":"if","locations":[{"start":{"line":97,"column":6},"end":{"line":97,"column":81}},{"start":{},"end":{}}],"line":97},"6":{"loc":{"start":{"line":98,"column":6},"end":{"line":98,"column":90}},"type":"if","locations":[{"start":{"line":98,"column":6},"end":{"line":98,"column":90}},{"start":{},"end":{}}],"line":98},"7":{"loc":{"start":{"line":135,"column":4},"end":{"line":138,"column":5}},"type":"if","locations":[{"start":{"line":135,"column":4},"end":{"line":138,"column":5}},{"start":{},"end":{}}],"line":135},"8":{"loc":{"start":{"line":147,"column":20},"end":{"line":147,"column":34}},"type":"binary-expr","locations":[{"start":{"line":147,"column":20},"end":{"line":147,"column":28}},{"start":{"line":147,"column":32},"end":{"line":147,"column":34}}],"line":147},"9":{"loc":{"start":{"line":157,"column":14},"end":{"line":157,"column":27}},"type":"binary-expr","locations":[{"start":{"line":157,"column":14},"end":{"line":157,"column":19}},{"start":{"line":157,"column":23},"end":{"line":157,"column":27}}],"line":157},"10":{"loc":{"start":{"line":159,"column":6},"end":{"line":159,"column":83}},"type":"if","locations":[{"start":{"line":159,"column":6},"end":{"line":159,"column":83}},{"start":{},"end":{}}],"line":159},"11":{"loc":{"start":{"line":160,"column":6},"end":{"line":160,"column":111}},"type":"if","locations":[{"start":{"line":160,"column":6},"end":{"line":160,"column":111}},{"start":{},"end":{}}],"line":160},"12":{"loc":{"start":{"line":174,"column":20},"end":{"line":174,"column":34}},"type":"binary-expr","locations":[{"start":{"line":174,"column":20},"end":{"line":174,"column":28}},{"start":{"line":174,"column":32},"end":{"line":174,"column":34}}],"line":174},"13":{"loc":{"start":{"line":184,"column":14},"end":{"line":184,"column":27}},"type":"binary-expr","locations":[{"start":{"line":184,"column":14},"end":{"line":184,"column":19}},{"start":{"line":184,"column":23},"end":{"line":184,"column":27}}],"line":184},"14":{"loc":{"start":{"line":186,"column":6},"end":{"line":186,"column":84}},"type":"if","locations":[{"start":{"line":186,"column":6},"end":{"line":186,"column":84}},{"start":{},"end":{}}],"line":186},"15":{"loc":{"start":{"line":187,"column":6},"end":{"line":187,"column":111}},"type":"if","locations":[{"start":{"line":187,"column":6},"end":{"line":187,"column":111}},{"start":{},"end":{}}],"line":187},"16":{"loc":{"start":{"line":197,"column":4},"end":{"line":199,"column":5}},"type":"if","locations":[{"start":{"line":197,"column":4},"end":{"line":199,"column":5}},{"start":{},"end":{}}],"line":197},"17":{"loc":{"start":{"line":206,"column":4},"end":{"line":209,"column":5}},"type":"if","locations":[{"start":{"line":206,"column":4},"end":{"line":209,"column":5}},{"start":{},"end":{}}],"line":206},"18":{"loc":{"start":{"line":206,"column":8},"end":{"line":206,"column":83}},"type":"binary-expr","locations":[{"start":{"line":206,"column":8},"end":{"line":206,"column":14}},{"start":{"line":206,"column":18},"end":{"line":206,"column":83}}],"line":206},"19":{"loc":{"start":{"line":280,"column":4},"end":{"line":282,"column":5}},"type":"if","locations":[{"start":{"line":280,"column":4},"end":{"line":282,"column":5}},{"start":{},"end":{}}],"line":280},"20":{"loc":{"start":{"line":300,"column":4},"end":{"line":302,"column":5}},"type":"if","locations":[{"start":{"line":300,"column":4},"end":{"line":302,"column":5}},{"start":{},"end":{}}],"line":300},"21":{"loc":{"start":{"line":306,"column":4},"end":{"line":308,"column":5}},"type":"if","locations":[{"start":{"line":306,"column":4},"end":{"line":308,"column":5}},{"start":{},"end":{}}],"line":306},"22":{"loc":{"start":{"line":350,"column":4},"end":{"line":368,"column":5}},"type":"if","locations":[{"start":{"line":350,"column":4},"end":{"line":368,"column":5}},{"start":{"line":352,"column":11},"end":{"line":368,"column":5}}],"line":350},"23":{"loc":{"start":{"line":356,"column":25},"end":{"line":356,"column":92}},"type":"cond-expr","locations":[{"start":{"line":356,"column":48},"end":{"line":356,"column":87}},{"start":{"line":356,"column":90},"end":{"line":356,"column":92}}],"line":356},"24":{"loc":{"start":{"line":359,"column":40},"end":{"line":359,"column":74}},"type":"binary-expr","locations":[{"start":{"line":359,"column":40},"end":{"line":359,"column":51}},{"start":{"line":359,"column":55},"end":{"line":359,"column":74}}],"line":359},"25":{"loc":{"start":{"line":361,"column":8},"end":{"line":364,"column":9}},"type":"if","locations":[{"start":{"line":361,"column":8},"end":{"line":364,"column":9}},{"start":{},"end":{}}],"line":361},"26":{"loc":{"start":{"line":362,"column":49},"end":{"line":362,"column":75}},"type":"binary-expr","locations":[{"start":{"line":362,"column":49},"end":{"line":362,"column":62}},{"start":{"line":362,"column":66},"end":{"line":362,"column":75}}],"line":362},"27":{"loc":{"start":{"line":388,"column":4},"end":{"line":390,"column":5}},"type":"if","locations":[{"start":{"line":388,"column":4},"end":{"line":390,"column":5}},{"start":{},"end":{}}],"line":388},"28":{"loc":{"start":{"line":395,"column":4},"end":{"line":397,"column":5}},"type":"if","locations":[{"start":{"line":395,"column":4},"end":{"line":397,"column":5}},{"start":{},"end":{}}],"line":395},"29":{"loc":{"start":{"line":401,"column":15},"end":{"line":401,"column":34}},"type":"binary-expr","locations":[{"start":{"line":401,"column":15},"end":{"line":401,"column":26}},{"start":{"line":401,"column":30},"end":{"line":401,"column":34}}],"line":401},"30":{"loc":{"start":{"line":415,"column":4},"end":{"line":417,"column":5}},"type":"if","locations":[{"start":{"line":415,"column":4},"end":{"line":417,"column":5}},{"start":{},"end":{}}],"line":415}},"s":{"0":1,"1":1,"2":1,"3":1,"4":1,"5":1,"6":2,"7":2,"8":2,"9":1,"10":1,"11":1,"12":3,"13":3,"14":3,"15":3,"16":1,"17":1,"18":2,"19":1,"20":1,"21":1,"22":3,"23":3,"24":3,"25":3,"26":3,"27":1,"28":2,"29":1,"30":1,"31":1,"32":2,"33":2,"34":2,"35":1,"36":1,"37":1,"38":1,"39":3,"40":3,"41":3,"42":3,"43":3,"44":1,"45":2,"46":1,"47":1,"48":1,"49":1,"50":0,"51":1,"52":2,"53":2,"54":2,"55":2,"56":2,"57":0,"58":2,"59":1,"60":1,"61":1,"62":4,"63":4,"64":1,"65":3,"66":3,"67":3,"68":3,"69":1,"70":1,"71":3,"72":3,"73":2,"74":1,"75":1,"76":1,"77":4,"78":4,"79":1,"80":3,"81":3,"82":3,"83":1,"84":2,"85":2,"86":1,"87":1,"88":1,"89":1,"90":1,"91":1,"92":1,"93":1,"94":1,"95":1,"96":1,"97":1,"98":1,"99":1,"100":1,"101":1,"102":1,"103":1,"104":1,"105":0,"106":1,"107":1,"108":1,"109":1,"110":1,"111":1,"112":1,"113":0,"114":0,"115":1,"116":1,"117":1,"118":1,"119":1,"120":1,"121":1,"122":0,"123":0,"124":1,"125":3,"126":3,"127":1,"128":2,"129":2,"130":2,"131":1,"132":1,"133":1,"134":0,"135":0,"136":1,"137":3,"138":3,"139":1,"140":2,"141":2,"142":1,"143":1,"144":1,"145":1},"f":{"0":2,"1":2,"2":3,"3":3,"4":3,"5":3,"6":2,"7":2,"8":3,"9":3,"10":0,"11":2,"12":2,"13":4,"14":4,"15":3,"16":3},"b":{"0":[1,1],"1":[1,2],"2":[1,1],"3":[3,2],"4":[3,2],"5":[1,2],"6":[1,1],"7":[1,1],"8":[3,3],"9":[3,3],"10":[1,2],"11":[1,1],"12":[2,1],"13":[2,1],"14":[0,2],"15":[1,1],"16":[1,3],"17":[1,2],"18":[3,1],"19":[1,3],"20":[1,2],"21":[1,1],"22":[0,1],"23":[0,1],"24":[1,0],"25":[0,1],"26":[0,0],"27":[1,2],"28":[1,1],"29":[1,1],"30":[1,2]},"_coverageSchema":"1a1c01bbd47fc00a2c39e90264f33305004495a9","hash":"e52b4c1c770181076ddbd49c4e120b4cb1848aa9"}
,"C:\\DEV\\listed_backend\\routes\\agents.js": {"path":"C:\\DEV\\listed_backend\\routes\\agents.js","statementMap":{"0":{"start":{"line":1,"column":16},"end":{"line":1,"column":34}},"1":{"start":{"line":2,"column":15},"end":{"line":2,"column":31}},"2":{"start":{"line":3,"column":13},"end":{"line":3,"column":34}},"3":{"start":{"line":4,"column":26},"end":{"line":4,"column":68}},"4":{"start":{"line":5,"column":15},"end":{"line":5,"column":32}},"5":{"start":{"line":6,"column":40},"end":{"line":6,"column":67}},"6":{"start":{"line":9,"column":0},"end":{"line":207,"column":3}},"7":{"start":{"line":24,"column":6},"end":{"line":24,"column":14}},"8":{"start":{"line":26,"column":2},"end":{"line":28,"column":3}},"9":{"start":{"line":27,"column":4},"end":{"line":27,"column":102}},"10":{"start":{"line":31,"column":15},"end":{"line":31,"column":44}},"11":{"start":{"line":32,"column":2},"end":{"line":34,"column":3}},"12":{"start":{"line":33,"column":4},"end":{"line":33,"column":94}},"13":{"start":{"line":36,"column":24},"end":{"line":36,"column":81}},"14":{"start":{"line":37,"column":25},"end":{"line":37,"column":82}},"15":{"start":{"line":40,"column":18},"end":{"line":40,"column":53}},"16":{"start":{"line":41,"column":2},"end":{"line":45,"column":31}},"17":{"start":{"line":42,"column":15},"end":{"line":42,"column":52}},"18":{"start":{"line":45,"column":14},"end":{"line":45,"column":29}},"19":{"start":{"line":48,"column":28},"end":{"line":48,"column":80}},"20":{"start":{"line":49,"column":27},"end":{"line":49,"column":87}},"21":{"start":{"line":51,"column":29},"end":{"line":51,"column":33}},"22":{"start":{"line":53,"column":2},"end":{"line":90,"column":3}},"23":{"start":{"line":54,"column":17},"end":{"line":54,"column":53}},"24":{"start":{"line":55,"column":18},"end":{"line":55,"column":83}},"25":{"start":{"line":56,"column":26},"end":{"line":56,"column":71}},"26":{"start":{"line":57,"column":19},"end":{"line":57,"column":86}},"27":{"start":{"line":58,"column":29},"end":{"line":58,"column":116}},"28":{"start":{"line":60,"column":4},"end":{"line":62,"column":5}},"29":{"start":{"line":61,"column":6},"end":{"line":61,"column":77}},"30":{"start":{"line":63,"column":4},"end":{"line":65,"column":5}},"31":{"start":{"line":64,"column":6},"end":{"line":64,"column":98}},"32":{"start":{"line":68,"column":4},"end":{"line":72,"column":5}},"33":{"start":{"line":69,"column":6},"end":{"line":71,"column":7}},"34":{"start":{"line":70,"column":8},"end":{"line":70,"column":110}},"35":{"start":{"line":74,"column":4},"end":{"line":81,"column":5}},"36":{"start":{"line":75,"column":6},"end":{"line":77,"column":7}},"37":{"start":{"line":76,"column":8},"end":{"line":76,"column":100}},"38":{"start":{"line":78,"column":6},"end":{"line":80,"column":7}},"39":{"start":{"line":79,"column":8},"end":{"line":79,"column":91}},"40":{"start":{"line":83,"column":4},"end":{"line":89,"column":6}},"41":{"start":{"line":92,"column":2},"end":{"line":206,"column":3}},"42":{"start":{"line":93,"column":27},"end":{"line":93,"column":58}},"43":{"start":{"line":94,"column":20},"end":{"line":94,"column":66}},"44":{"start":{"line":95,"column":17},"end":{"line":95,"column":23}},"45":{"start":{"line":96,"column":20},"end":{"line":96,"column":62}},"46":{"start":{"line":100,"column":6},"end":{"line":100,"column":78}},"47":{"start":{"line":103,"column":4},"end":{"line":201,"column":7}},"48":{"start":{"line":104,"column":6},"end":{"line":107,"column":7}},"49":{"start":{"line":105,"column":8},"end":{"line":105,"column":72}},"50":{"start":{"line":106,"column":8},"end":{"line":106,"column":78}},"51":{"start":{"line":109,"column":33},"end":{"line":114,"column":7}},"52":{"start":{"line":110,"column":8},"end":{"line":113,"column":11}},"53":{"start":{"line":111,"column":10},"end":{"line":111,"column":25}},"54":{"start":{"line":112,"column":10},"end":{"line":112,"column":43}},"55":{"start":{"line":116,"column":6},"end":{"line":200,"column":7}},"56":{"start":{"line":117,"column":8},"end":{"line":117,"column":108}},"57":{"start":{"line":117,"column":47},"end":{"line":117,"column":106}},"58":{"start":{"line":117,"column":76},"end":{"line":117,"column":105}},"59":{"start":{"line":119,"column":24},"end":{"line":128,"column":9}},"60":{"start":{"line":130,"column":27},"end":{"line":144,"column":9}},"61":{"start":{"line":146,"column":27},"end":{"line":148,"column":10}},"62":{"start":{"line":147,"column":10},"end":{"line":147,"column":96}},"63":{"start":{"line":147,"column":59},"end":{"line":147,"column":94}},"64":{"start":{"line":150,"column":23},"end":{"line":150,"column":42}},"65":{"start":{"line":153,"column":8},"end":{"line":172,"column":9}},"66":{"start":{"line":154,"column":26},"end":{"line":159,"column":11}},"67":{"start":{"line":160,"column":29},"end":{"line":167,"column":11}},"68":{"start":{"line":169,"column":10},"end":{"line":171,"column":13}},"69":{"start":{"line":170,"column":12},"end":{"line":170,"column":98}},"70":{"start":{"line":170,"column":61},"end":{"line":170,"column":96}},"71":{"start":{"line":174,"column":8},"end":{"line":174,"column":98}},"72":{"start":{"line":174,"column":47},"end":{"line":174,"column":96}},"73":{"start":{"line":174,"column":66},"end":{"line":174,"column":95}},"74":{"start":{"line":175,"column":8},"end":{"line":175,"column":23}},"75":{"start":{"line":178,"column":8},"end":{"line":182,"column":9}},"76":{"start":{"line":179,"column":10},"end":{"line":179,"column":51}},"77":{"start":{"line":181,"column":10},"end":{"line":181,"column":65}},"78":{"start":{"line":184,"column":8},"end":{"line":189,"column":11}},"79":{"start":{"line":192,"column":8},"end":{"line":192,"column":57}},"80":{"start":{"line":195,"column":8},"end":{"line":197,"column":9}},"81":{"start":{"line":196,"column":10},"end":{"line":196,"column":74}},"82":{"start":{"line":199,"column":8},"end":{"line":199,"column":84}},"83":{"start":{"line":204,"column":4},"end":{"line":204,"column":52}},"84":{"start":{"line":205,"column":4},"end":{"line":205,"column":74}},"85":{"start":{"line":210,"column":0},"end":{"line":239,"column":3}},"86":{"start":{"line":211,"column":17},"end":{"line":211,"column":27}},"87":{"start":{"line":212,"column":35},"end":{"line":212,"column":43}},"88":{"start":{"line":214,"column":2},"end":{"line":216,"column":3}},"89":{"start":{"line":215,"column":4},"end":{"line":215,"column":96}},"90":{"start":{"line":218,"column":16},"end":{"line":218,"column":45}},"91":{"start":{"line":219,"column":2},"end":{"line":221,"column":3}},"92":{"start":{"line":220,"column":4},"end":{"line":220,"column":94}},"93":{"start":{"line":223,"column":2},"end":{"line":225,"column":3}},"94":{"start":{"line":224,"column":4},"end":{"line":224,"column":61}},"95":{"start":{"line":227,"column":2},"end":{"line":238,"column":4}},"96":{"start":{"line":234,"column":6},"end":{"line":234,"column":85}},"97":{"start":{"line":234,"column":15},"end":{"line":234,"column":85}},"98":{"start":{"line":235,"column":6},"end":{"line":235,"column":91}},"99":{"start":{"line":235,"column":32},"end":{"line":235,"column":91}},"100":{"start":{"line":236,"column":6},"end":{"line":236,"column":29}},"101":{"start":{"line":242,"column":0},"end":{"line":258,"column":3}},"102":{"start":{"line":243,"column":17},"end":{"line":243,"column":28}},"103":{"start":{"line":244,"column":2},"end":{"line":257,"column":3}},"104":{"start":{"line":245,"column":19},"end":{"line":252,"column":5}},"105":{"start":{"line":253,"column":4},"end":{"line":253,"column":48}},"106":{"start":{"line":255,"column":4},"end":{"line":255,"column":61}},"107":{"start":{"line":256,"column":4},"end":{"line":256,"column":68}},"108":{"start":{"line":261,"column":0},"end":{"line":407,"column":3}},"109":{"start":{"line":262,"column":2},"end":{"line":406,"column":3}},"110":{"start":{"line":263,"column":16},"end":{"line":263,"column":27}},"111":{"start":{"line":271,"column":8},"end":{"line":271,"column":22}},"112":{"start":{"line":274,"column":20},"end":{"line":280,"column":5}},"113":{"start":{"line":281,"column":4},"end":{"line":281,"column":88}},"114":{"start":{"line":281,"column":24},"end":{"line":281,"column":88}},"115":{"start":{"line":283,"column":14},"end":{"line":283,"column":22}},"116":{"start":{"line":284,"column":30},"end":{"line":284,"column":80}},"117":{"start":{"line":285,"column":4},"end":{"line":287,"column":5}},"118":{"start":{"line":286,"column":6},"end":{"line":286,"column":93}},"119":{"start":{"line":290,"column":29},"end":{"line":290,"column":89}},"120":{"start":{"line":291,"column":14},"end":{"line":291,"column":39}},"121":{"start":{"line":292,"column":4},"end":{"line":292,"column":105}},"122":{"start":{"line":292,"column":34},"end":{"line":292,"column":105}},"123":{"start":{"line":294,"column":16},"end":{"line":294,"column":50}},"124":{"start":{"line":295,"column":4},"end":{"line":295,"column":106}},"125":{"start":{"line":295,"column":14},"end":{"line":295,"column":106}},"126":{"start":{"line":297,"column":15},"end":{"line":297,"column":58}},"127":{"start":{"line":298,"column":16},"end":{"line":298,"column":61}},"128":{"start":{"line":299,"column":16},"end":{"line":299,"column":81}},"129":{"start":{"line":301,"column":4},"end":{"line":305,"column":5}},"130":{"start":{"line":302,"column":6},"end":{"line":304,"column":7}},"131":{"start":{"line":303,"column":8},"end":{"line":303,"column":110}},"132":{"start":{"line":307,"column":4},"end":{"line":310,"column":5}},"133":{"start":{"line":308,"column":6},"end":{"line":308,"column":108}},"134":{"start":{"line":308,"column":16},"end":{"line":308,"column":108}},"135":{"start":{"line":309,"column":6},"end":{"line":309,"column":99}},"136":{"start":{"line":309,"column":16},"end":{"line":309,"column":99}},"137":{"start":{"line":313,"column":20},"end":{"line":320,"column":5}},"138":{"start":{"line":322,"column":17},"end":{"line":322,"column":35}},"139":{"start":{"line":324,"column":23},"end":{"line":330,"column":5}},"140":{"start":{"line":333,"column":6},"end":{"line":338,"column":87}},"141":{"start":{"line":341,"column":16},"end":{"line":341,"column":52}},"142":{"start":{"line":342,"column":4},"end":{"line":402,"column":5}},"143":{"start":{"line":343,"column":6},"end":{"line":343,"column":35}},"144":{"start":{"line":345,"column":6},"end":{"line":379,"column":7}},"145":{"start":{"line":346,"column":8},"end":{"line":363,"column":10}},"146":{"start":{"line":364,"column":8},"end":{"line":364,"column":95}},"147":{"start":{"line":366,"column":8},"end":{"line":377,"column":10}},"148":{"start":{"line":378,"column":8},"end":{"line":378,"column":96}},"149":{"start":{"line":381,"column":6},"end":{"line":391,"column":7}},"150":{"start":{"line":382,"column":8},"end":{"line":390,"column":10}},"151":{"start":{"line":393,"column":6},"end":{"line":393,"column":25}},"152":{"start":{"line":394,"column":6},"end":{"line":394,"column":20}},"153":{"start":{"line":396,"column":6},"end":{"line":396,"column":69}},"154":{"start":{"line":398,"column":6},"end":{"line":398,"column":27}},"155":{"start":{"line":399,"column":6},"end":{"line":399,"column":20}},"156":{"start":{"line":400,"column":6},"end":{"line":400,"column":64}},"157":{"start":{"line":401,"column":6},"end":{"line":401,"column":81}},"158":{"start":{"line":404,"column":4},"end":{"line":404,"column":59}},"159":{"start":{"line":405,"column":4},"end":{"line":405,"column":64}},"160":{"start":{"line":410,"column":0},"end":{"line":487,"column":3}},"161":{"start":{"line":411,"column":2},"end":{"line":486,"column":3}},"162":{"start":{"line":412,"column":19},"end":{"line":412,"column":30}},"163":{"start":{"line":413,"column":55},"end":{"line":413,"column":63}},"164":{"start":{"line":415,"column":4},"end":{"line":417,"column":5}},"165":{"start":{"line":416,"column":6},"end":{"line":416,"column":77}},"166":{"start":{"line":420,"column":4},"end":{"line":422,"column":5}},"167":{"start":{"line":421,"column":6},"end":{"line":421,"column":84}},"168":{"start":{"line":425,"column":27},"end":{"line":425,"column":109}},"169":{"start":{"line":427,"column":4},"end":{"line":433,"column":5}},"170":{"start":{"line":428,"column":6},"end":{"line":432,"column":9}},"171":{"start":{"line":436,"column":23},"end":{"line":439,"column":5}},"172":{"start":{"line":441,"column":4},"end":{"line":443,"column":5}},"173":{"start":{"line":442,"column":6},"end":{"line":442,"column":70}},"174":{"start":{"line":445,"column":17},"end":{"line":445,"column":28}},"175":{"start":{"line":446,"column":30},"end":{"line":446,"column":83}},"176":{"start":{"line":448,"column":4},"end":{"line":450,"column":5}},"177":{"start":{"line":449,"column":6},"end":{"line":449,"column":100}},"178":{"start":{"line":453,"column":23},"end":{"line":459,"column":5}},"179":{"start":{"line":461,"column":4},"end":{"line":463,"column":5}},"180":{"start":{"line":462,"column":6},"end":{"line":462,"column":92}},"181":{"start":{"line":465,"column":25},"end":{"line":465,"column":39}},"182":{"start":{"line":468,"column":4},"end":{"line":475,"column":6}},"183":{"start":{"line":477,"column":4},"end":{"line":482,"column":7}},"184":{"start":{"line":484,"column":4},"end":{"line":484,"column":75}},"185":{"start":{"line":485,"column":4},"end":{"line":485,"column":71}},"186":{"start":{"line":490,"column":0},"end":{"line":506,"column":3}},"187":{"start":{"line":491,"column":17},"end":{"line":491,"column":27}},"188":{"start":{"line":493,"column":2},"end":{"line":505,"column":4}},"189":{"start":{"line":501,"column":6},"end":{"line":501,"column":87}},"190":{"start":{"line":501,"column":15},"end":{"line":501,"column":87}},"191":{"start":{"line":502,"column":6},"end":{"line":502,"column":103}},"192":{"start":{"line":502,"column":39},"end":{"line":502,"column":103}},"193":{"start":{"line":503,"column":6},"end":{"line":503,"column":34}},"194":{"start":{"line":509,"column":0},"end":{"line":559,"column":3}},"195":{"start":{"line":510,"column":2},"end":{"line":558,"column":3}},"196":{"start":{"line":511,"column":16},"end":{"line":511,"column":27}},"197":{"start":{"line":513,"column":19},"end":{"line":519,"column":5}},"198":{"start":{"line":521,"column":4},"end":{"line":521,"column":87}},"199":{"start":{"line":521,"column":23},"end":{"line":521,"column":87}},"200":{"start":{"line":523,"column":14},"end":{"line":523,"column":21}},"201":{"start":{"line":524,"column":20},"end":{"line":524,"column":70}},"202":{"start":{"line":526,"column":4},"end":{"line":526,"column":96}},"203":{"start":{"line":526,"column":18},"end":{"line":526,"column":96}},"204":{"start":{"line":528,"column":4},"end":{"line":530,"column":5}},"205":{"start":{"line":529,"column":6},"end":{"line":529,"column":82}},"206":{"start":{"line":532,"column":20},"end":{"line":539,"column":5}},"207":{"start":{"line":541,"column":19},"end":{"line":541,"column":89}},"208":{"start":{"line":542,"column":4},"end":{"line":542,"column":94}},"209":{"start":{"line":542,"column":17},"end":{"line":542,"column":94}},"210":{"start":{"line":544,"column":4},"end":{"line":552,"column":6}},"211":{"start":{"line":554,"column":4},"end":{"line":554,"column":34}},"212":{"start":{"line":556,"column":4},"end":{"line":556,"column":54}},"213":{"start":{"line":557,"column":4},"end":{"line":557,"column":64}},"214":{"start":{"line":561,"column":0},"end":{"line":561,"column":24}}},"fnMap":{"0":{"name":"(anonymous_0)","decl":{"start":{"line":9,"column":32},"end":{"line":9,"column":33}},"loc":{"start":{"line":9,"column":52},"end":{"line":207,"column":1}},"line":9},"1":{"name":"(anonymous_1)","decl":{"start":{"line":42,"column":9},"end":{"line":42,"column":10}},"loc":{"start":{"line":42,"column":15},"end":{"line":42,"column":52}},"line":42},"2":{"name":"(anonymous_2)","decl":{"start":{"line":45,"column":9},"end":{"line":45,"column":10}},"loc":{"start":{"line":45,"column":14},"end":{"line":45,"column":29}},"line":45},"3":{"name":"(anonymous_3)","decl":{"start":{"line":103,"column":23},"end":{"line":103,"column":24}},"loc":{"start":{"line":103,"column":48},"end":{"line":201,"column":5}},"line":103},"4":{"name":"(anonymous_4)","decl":{"start":{"line":109,"column":33},"end":{"line":109,"column":34}},"loc":{"start":{"line":109,"column":54},"end":{"line":114,"column":7}},"line":109},"5":{"name":"(anonymous_5)","decl":{"start":{"line":110,"column":22},"end":{"line":110,"column":23}},"loc":{"start":{"line":110,"column":28},"end":{"line":113,"column":9}},"line":110},"6":{"name":"(anonymous_6)","decl":{"start":{"line":117,"column":26},"end":{"line":117,"column":27}},"loc":{"start":{"line":117,"column":47},"end":{"line":117,"column":106}},"line":117},"7":{"name":"(anonymous_7)","decl":{"start":{"line":117,"column":69},"end":{"line":117,"column":70}},"loc":{"start":{"line":117,"column":76},"end":{"line":117,"column":105}},"line":117},"8":{"name":"(anonymous_8)","decl":{"start":{"line":146,"column":45},"end":{"line":146,"column":46}},"loc":{"start":{"line":146,"column":66},"end":{"line":148,"column":9}},"line":146},"9":{"name":"(anonymous_9)","decl":{"start":{"line":147,"column":42},"end":{"line":147,"column":43}},"loc":{"start":{"line":147,"column":59},"end":{"line":147,"column":94}},"line":147},"10":{"name":"(anonymous_10)","decl":{"start":{"line":169,"column":28},"end":{"line":169,"column":29}},"loc":{"start":{"line":169,"column":49},"end":{"line":171,"column":11}},"line":169},"11":{"name":"(anonymous_11)","decl":{"start":{"line":170,"column":44},"end":{"line":170,"column":45}},"loc":{"start":{"line":170,"column":61},"end":{"line":170,"column":96}},"line":170},"12":{"name":"(anonymous_12)","decl":{"start":{"line":174,"column":26},"end":{"line":174,"column":27}},"loc":{"start":{"line":174,"column":47},"end":{"line":174,"column":96}},"line":174},"13":{"name":"(anonymous_13)","decl":{"start":{"line":174,"column":59},"end":{"line":174,"column":60}},"loc":{"start":{"line":174,"column":66},"end":{"line":174,"column":95}},"line":174},"14":{"name":"(anonymous_14)","decl":{"start":{"line":210,"column":59},"end":{"line":210,"column":60}},"loc":{"start":{"line":210,"column":73},"end":{"line":239,"column":1}},"line":210},"15":{"name":"(anonymous_15)","decl":{"start":{"line":233,"column":4},"end":{"line":233,"column":5}},"loc":{"start":{"line":233,"column":21},"end":{"line":237,"column":5}},"line":233},"16":{"name":"(anonymous_16)","decl":{"start":{"line":242,"column":63},"end":{"line":242,"column":64}},"loc":{"start":{"line":242,"column":83},"end":{"line":258,"column":1}},"line":242},"17":{"name":"(anonymous_17)","decl":{"start":{"line":261,"column":56},"end":{"line":261,"column":57}},"loc":{"start":{"line":261,"column":76},"end":{"line":407,"column":1}},"line":261},"18":{"name":"(anonymous_18)","decl":{"start":{"line":410,"column":72},"end":{"line":410,"column":73}},"loc":{"start":{"line":410,"column":92},"end":{"line":487,"column":1}},"line":410},"19":{"name":"(anonymous_19)","decl":{"start":{"line":490,"column":26},"end":{"line":490,"column":27}},"loc":{"start":{"line":490,"column":40},"end":{"line":506,"column":1}},"line":490},"20":{"name":"(anonymous_20)","decl":{"start":{"line":500,"column":4},"end":{"line":500,"column":5}},"loc":{"start":{"line":500,"column":22},"end":{"line":504,"column":5}},"line":500},"21":{"name":"(anonymous_21)","decl":{"start":{"line":509,"column":67},"end":{"line":509,"column":68}},"loc":{"start":{"line":509,"column":87},"end":{"line":559,"column":1}},"line":509}},"branchMap":{"0":{"loc":{"start":{"line":26,"column":2},"end":{"line":28,"column":3}},"type":"if","locations":[{"start":{"line":26,"column":2},"end":{"line":28,"column":3}},{"start":{},"end":{}}],"line":26},"1":{"loc":{"start":{"line":26,"column":6},"end":{"line":26,"column":76}},"type":"binary-expr","locations":[{"start":{"line":26,"column":6},"end":{"line":26,"column":11}},{"start":{"line":26,"column":15},"end":{"line":26,"column":25}},{"start":{"line":26,"column":29},"end":{"line":26,"column":35}},{"start":{"line":26,"column":39},"end":{"line":26,"column":48}},{"start":{"line":26,"column":52},"end":{"line":26,"column":63}},{"start":{"line":26,"column":67},"end":{"line":26,"column":76}}],"line":26},"2":{"loc":{"start":{"line":32,"column":2},"end":{"line":34,"column":3}},"type":"if","locations":[{"start":{"line":32,"column":2},"end":{"line":34,"column":3}},{"start":{},"end":{}}],"line":32},"3":{"loc":{"start":{"line":32,"column":6},"end":{"line":32,"column":52}},"type":"binary-expr","locations":[{"start":{"line":32,"column":6},"end":{"line":32,"column":28}},{"start":{"line":32,"column":32},"end":{"line":32,"column":52}}],"line":32},"4":{"loc":{"start":{"line":37,"column":25},"end":{"line":37,"column":82}},"type":"cond-expr","locations":[{"start":{"line":37,"column":57},"end":{"line":37,"column":67}},{"start":{"line":37,"column":70},"end":{"line":37,"column":82}}],"line":37},"5":{"loc":{"start":{"line":40,"column":18},"end":{"line":40,"column":53}},"type":"cond-expr","locations":[{"start":{"line":40,"column":42},"end":{"line":40,"column":48}},{"start":{"line":40,"column":51},"end":{"line":40,"column":53}}],"line":40},"6":{"loc":{"start":{"line":41,"column":27},"end":{"line":41,"column":42}},"type":"binary-expr","locations":[{"start":{"line":41,"column":27},"end":{"line":41,"column":36}},{"start":{"line":41,"column":40},"end":{"line":41,"column":42}}],"line":41},"7":{"loc":{"start":{"line":42,"column":15},"end":{"line":42,"column":52}},"type":"cond-expr","locations":[{"start":{"line":42,"column":39},"end":{"line":42,"column":47}},{"start":{"line":42,"column":50},"end":{"line":42,"column":52}}],"line":42},"8":{"loc":{"start":{"line":53,"column":2},"end":{"line":90,"column":3}},"type":"if","locations":[{"start":{"line":53,"column":2},"end":{"line":90,"column":3}},{"start":{},"end":{}}],"line":53},"9":{"loc":{"start":{"line":53,"column":6},"end":{"line":53,"column":50}},"type":"binary-expr","locations":[{"start":{"line":53,"column":6},"end":{"line":53,"column":16}},{"start":{"line":53,"column":20},"end":{"line":53,"column":50}}],"line":53},"10":{"loc":{"start":{"line":54,"column":24},"end":{"line":54,"column":45}},"type":"binary-expr","locations":[{"start":{"line":54,"column":24},"end":{"line":54,"column":39}},{"start":{"line":54,"column":43},"end":{"line":54,"column":45}}],"line":54},"11":{"loc":{"start":{"line":55,"column":18},"end":{"line":55,"column":83}},"type":"cond-expr","locations":[{"start":{"line":55,"column":45},"end":{"line":55,"column":76}},{"start":{"line":55,"column":79},"end":{"line":55,"column":83}}],"line":55},"12":{"loc":{"start":{"line":56,"column":33},"end":{"line":56,"column":63}},"type":"binary-expr","locations":[{"start":{"line":56,"column":33},"end":{"line":56,"column":57}},{"start":{"line":56,"column":61},"end":{"line":56,"column":63}}],"line":56},"13":{"loc":{"start":{"line":57,"column":19},"end":{"line":57,"column":86}},"type":"cond-expr","locations":[{"start":{"line":57,"column":47},"end":{"line":57,"column":79}},{"start":{"line":57,"column":82},"end":{"line":57,"column":86}}],"line":57},"14":{"loc":{"start":{"line":58,"column":29},"end":{"line":58,"column":116}},"type":"cond-expr","locations":[{"start":{"line":58,"column":67},"end":{"line":58,"column":109}},{"start":{"line":58,"column":112},"end":{"line":58,"column":116}}],"line":58},"15":{"loc":{"start":{"line":60,"column":4},"end":{"line":62,"column":5}},"type":"if","locations":[{"start":{"line":60,"column":4},"end":{"line":62,"column":5}},{"start":{},"end":{}}],"line":60},"16":{"loc":{"start":{"line":63,"column":4},"end":{"line":65,"column":5}},"type":"if","locations":[{"start":{"line":63,"column":4},"end":{"line":65,"column":5}},{"start":{},"end":{}}],"line":63},"17":{"loc":{"start":{"line":68,"column":4},"end":{"line":72,"column":5}},"type":"if","locations":[{"start":{"line":68,"column":4},"end":{"line":72,"column":5}},{"start":{},"end":{}}],"line":68},"18":{"loc":{"start":{"line":69,"column":6},"end":{"line":71,"column":7}},"type":"if","locations":[{"start":{"line":69,"column":6},"end":{"line":71,"column":7}},{"start":{},"end":{}}],"line":69},"19":{"loc":{"start":{"line":69,"column":10},"end":{"line":69,"column":48}},"type":"binary-expr","locations":[{"start":{"line":69,"column":10},"end":{"line":69,"column":16}},{"start":{"line":69,"column":20},"end":{"line":69,"column":48}}],"line":69},"20":{"loc":{"start":{"line":74,"column":4},"end":{"line":81,"column":5}},"type":"if","locations":[{"start":{"line":74,"column":4},"end":{"line":81,"column":5}},{"start":{},"end":{}}],"line":74},"21":{"loc":{"start":{"line":75,"column":6},"end":{"line":77,"column":7}},"type":"if","locations":[{"start":{"line":75,"column":6},"end":{"line":77,"column":7}},{"start":{},"end":{}}],"line":75},"22":{"loc":{"start":{"line":78,"column":6},"end":{"line":80,"column":7}},"type":"if","locations":[{"start":{"line":78,"column":6},"end":{"line":80,"column":7}},{"start":{},"end":{}}],"line":78},"23":{"loc":{"start":{"line":85,"column":13},"end":{"line":85,"column":53}},"type":"cond-expr","locations":[{"start":{"line":85,"column":41},"end":{"line":85,"column":46}},{"start":{"line":85,"column":49},"end":{"line":85,"column":53}}],"line":85},"24":{"loc":{"start":{"line":87,"column":14},"end":{"line":87,"column":50}},"type":"cond-expr","locations":[{"start":{"line":87,"column":23},"end":{"line":87,"column":43}},{"start":{"line":87,"column":46},"end":{"line":87,"column":50}}],"line":87},"25":{"loc":{"start":{"line":88,"column":24},"end":{"line":88,"column":80}},"type":"cond-expr","locations":[{"start":{"line":88,"column":43},"end":{"line":88,"column":73}},{"start":{"line":88,"column":76},"end":{"line":88,"column":80}}],"line":88},"26":{"loc":{"start":{"line":94,"column":27},"end":{"line":94,"column":65}},"type":"binary-expr","locations":[{"start":{"line":94,"column":27},"end":{"line":94,"column":59}},{"start":{"line":94,"column":63},"end":{"line":94,"column":65}}],"line":94},"27":{"loc":{"start":{"line":100,"column":6},"end":{"line":100,"column":78}},"type":"cond-expr","locations":[{"start":{"line":100,"column":52},"end":{"line":100,"column":61}},{"start":{"line":100,"column":64},"end":{"line":100,"column":78}}],"line":100},"28":{"loc":{"start":{"line":100,"column":7},"end":{"line":100,"column":48}},"type":"binary-expr","locations":[{"start":{"line":100,"column":7},"end":{"line":100,"column":24}},{"start":{"line":100,"column":28},"end":{"line":100,"column":48}}],"line":100},"29":{"loc":{"start":{"line":104,"column":6},"end":{"line":107,"column":7}},"type":"if","locations":[{"start":{"line":104,"column":6},"end":{"line":107,"column":7}},{"start":{},"end":{}}],"line":104},"30":{"loc":{"start":{"line":117,"column":76},"end":{"line":117,"column":105}},"type":"cond-expr","locations":[{"start":{"line":117,"column":82},"end":{"line":117,"column":93}},{"start":{"line":117,"column":96},"end":{"line":117,"column":105}}],"line":117},"31":{"loc":{"start":{"line":135,"column":10},"end":{"line":135,"column":23}},"type":"binary-expr","locations":[{"start":{"line":135,"column":10},"end":{"line":135,"column":15}},{"start":{"line":135,"column":19},"end":{"line":135,"column":23}}],"line":135},"32":{"loc":{"start":{"line":139,"column":10},"end":{"line":139,"column":74}},"type":"cond-expr","locations":[{"start":{"line":139,"column":44},"end":{"line":139,"column":66}},{"start":{"line":139,"column":70},"end":{"line":139,"column":74}}],"line":139},"33":{"loc":{"start":{"line":139,"column":44},"end":{"line":139,"column":66}},"type":"binary-expr","locations":[{"start":{"line":139,"column":44},"end":{"line":139,"column":58}},{"start":{"line":139,"column":62},"end":{"line":139,"column":66}}],"line":139},"34":{"loc":{"start":{"line":140,"column":10},"end":{"line":140,"column":61}},"type":"cond-expr","locations":[{"start":{"line":140,"column":29},"end":{"line":140,"column":54}},{"start":{"line":140,"column":57},"end":{"line":140,"column":61}}],"line":140},"35":{"loc":{"start":{"line":147,"column":59},"end":{"line":147,"column":94}},"type":"cond-expr","locations":[{"start":{"line":147,"column":65},"end":{"line":147,"column":76}},{"start":{"line":147,"column":79},"end":{"line":147,"column":94}}],"line":147},"36":{"loc":{"start":{"line":153,"column":8},"end":{"line":172,"column":9}},"type":"if","locations":[{"start":{"line":153,"column":8},"end":{"line":172,"column":9}},{"start":{},"end":{}}],"line":153},"37":{"loc":{"start":{"line":153,"column":12},"end":{"line":153,"column":53}},"type":"binary-expr","locations":[{"start":{"line":153,"column":12},"end":{"line":153,"column":29}},{"start":{"line":153,"column":33},"end":{"line":153,"column":53}}],"line":153},"38":{"loc":{"start":{"line":170,"column":61},"end":{"line":170,"column":96}},"type":"cond-expr","locations":[{"start":{"line":170,"column":67},"end":{"line":170,"column":78}},{"start":{"line":170,"column":81},"end":{"line":170,"column":96}}],"line":170},"39":{"loc":{"start":{"line":174,"column":66},"end":{"line":174,"column":95}},"type":"cond-expr","locations":[{"start":{"line":174,"column":72},"end":{"line":174,"column":83}},{"start":{"line":174,"column":86},"end":{"line":174,"column":95}}],"line":174},"40":{"loc":{"start":{"line":195,"column":8},"end":{"line":197,"column":9}},"type":"if","locations":[{"start":{"line":195,"column":8},"end":{"line":197,"column":9}},{"start":{},"end":{}}],"line":195},"41":{"loc":{"start":{"line":195,"column":12},"end":{"line":195,"column":46}},"type":"binary-expr","locations":[{"start":{"line":195,"column":12},"end":{"line":195,"column":15}},{"start":{"line":195,"column":19},"end":{"line":195,"column":46}}],"line":195},"42":{"loc":{"start":{"line":214,"column":2},"end":{"line":216,"column":3}},"type":"if","locations":[{"start":{"line":214,"column":2},"end":{"line":216,"column":3}},{"start":{},"end":{}}],"line":214},"43":{"loc":{"start":{"line":214,"column":6},"end":{"line":214,"column":30}},"type":"binary-expr","locations":[{"start":{"line":214,"column":6},"end":{"line":214,"column":17}},{"start":{"line":214,"column":21},"end":{"line":214,"column":30}}],"line":214},"44":{"loc":{"start":{"line":219,"column":2},"end":{"line":221,"column":3}},"type":"if","locations":[{"start":{"line":219,"column":2},"end":{"line":221,"column":3}},{"start":{},"end":{}}],"line":219},"45":{"loc":{"start":{"line":219,"column":6},"end":{"line":219,"column":54}},"type":"binary-expr","locations":[{"start":{"line":219,"column":6},"end":{"line":219,"column":29}},{"start":{"line":219,"column":33},"end":{"line":219,"column":54}}],"line":219},"46":{"loc":{"start":{"line":223,"column":2},"end":{"line":225,"column":3}},"type":"if","locations":[{"start":{"line":223,"column":2},"end":{"line":225,"column":3}},{"start":{},"end":{}}],"line":223},"47":{"loc":{"start":{"line":234,"column":6},"end":{"line":234,"column":85}},"type":"if","locations":[{"start":{"line":234,"column":6},"end":{"line":234,"column":85}},{"start":{},"end":{}}],"line":234},"48":{"loc":{"start":{"line":235,"column":6},"end":{"line":235,"column":91}},"type":"if","locations":[{"start":{"line":235,"column":6},"end":{"line":235,"column":91}},{"start":{},"end":{}}],"line":235},"49":{"loc":{"start":{"line":253,"column":27},"end":{"line":253,"column":44}},"type":"binary-expr","locations":[{"start":{"line":253,"column":27},"end":{"line":253,"column":36}},{"start":{"line":253,"column":40},"end":{"line":253,"column":44}}],"line":253},"50":{"loc":{"start":{"line":271,"column":8},"end":{"line":271,"column":22}},"type":"binary-expr","locations":[{"start":{"line":271,"column":8},"end":{"line":271,"column":16}},{"start":{"line":271,"column":20},"end":{"line":271,"column":22}}],"line":271},"51":{"loc":{"start":{"line":281,"column":4},"end":{"line":281,"column":88}},"type":"if","locations":[{"start":{"line":281,"column":4},"end":{"line":281,"column":88}},{"start":{},"end":{}}],"line":281},"52":{"loc":{"start":{"line":285,"column":4},"end":{"line":287,"column":5}},"type":"if","locations":[{"start":{"line":285,"column":4},"end":{"line":287,"column":5}},{"start":{},"end":{}}],"line":285},"53":{"loc":{"start":{"line":291,"column":21},"end":{"line":291,"column":31}},"type":"binary-expr","locations":[{"start":{"line":291,"column":21},"end":{"line":291,"column":25}},{"start":{"line":291,"column":29},"end":{"line":291,"column":31}}],"line":291},"54":{"loc":{"start":{"line":292,"column":4},"end":{"line":292,"column":105}},"type":"if","locations":[{"start":{"line":292,"column":4},"end":{"line":292,"column":105}},{"start":{},"end":{}}],"line":292},"55":{"loc":{"start":{"line":294,"column":23},"end":{"line":294,"column":42}},"type":"binary-expr","locations":[{"start":{"line":294,"column":23},"end":{"line":294,"column":36}},{"start":{"line":294,"column":40},"end":{"line":294,"column":42}}],"line":294},"56":{"loc":{"start":{"line":295,"column":4},"end":{"line":295,"column":106}},"type":"if","locations":[{"start":{"line":295,"column":4},"end":{"line":295,"column":106}},{"start":{},"end":{}}],"line":295},"57":{"loc":{"start":{"line":297,"column":15},"end":{"line":297,"column":58}},"type":"cond-expr","locations":[{"start":{"line":297,"column":31},"end":{"line":297,"column":51}},{"start":{"line":297,"column":54},"end":{"line":297,"column":58}}],"line":297},"58":{"loc":{"start":{"line":298,"column":16},"end":{"line":298,"column":61}},"type":"cond-expr","locations":[{"start":{"line":298,"column":33},"end":{"line":298,"column":54}},{"start":{"line":298,"column":57},"end":{"line":298,"column":61}}],"line":298},"59":{"loc":{"start":{"line":299,"column":16},"end":{"line":299,"column":81}},"type":"cond-expr","locations":[{"start":{"line":299,"column":43},"end":{"line":299,"column":74}},{"start":{"line":299,"column":77},"end":{"line":299,"column":81}}],"line":299},"60":{"loc":{"start":{"line":301,"column":4},"end":{"line":305,"column":5}},"type":"if","locations":[{"start":{"line":301,"column":4},"end":{"line":305,"column":5}},{"start":{},"end":{}}],"line":301},"61":{"loc":{"start":{"line":302,"column":6},"end":{"line":304,"column":7}},"type":"if","locations":[{"start":{"line":302,"column":6},"end":{"line":304,"column":7}},{"start":{},"end":{}}],"line":302},"62":{"loc":{"start":{"line":302,"column":10},"end":{"line":302,"column":42}},"type":"binary-expr","locations":[{"start":{"line":302,"column":10},"end":{"line":302,"column":13}},{"start":{"line":302,"column":17},"end":{"line":302,"column":42}}],"line":302},"63":{"loc":{"start":{"line":307,"column":4},"end":{"line":310,"column":5}},"type":"if","locations":[{"start":{"line":307,"column":4},"end":{"line":310,"column":5}},{"start":{},"end":{}}],"line":307},"64":{"loc":{"start":{"line":308,"column":6},"end":{"line":308,"column":108}},"type":"if","locations":[{"start":{"line":308,"column":6},"end":{"line":308,"column":108}},{"start":{},"end":{}}],"line":308},"65":{"loc":{"start":{"line":309,"column":6},"end":{"line":309,"column":99}},"type":"if","locations":[{"start":{"line":309,"column":6},"end":{"line":309,"column":99}},{"start":{},"end":{}}],"line":309},"66":{"loc":{"start":{"line":322,"column":17},"end":{"line":322,"column":35}},"type":"binary-expr","locations":[{"start":{"line":322,"column":17},"end":{"line":322,"column":27}},{"start":{"line":322,"column":31},"end":{"line":322,"column":35}}],"line":322},"67":{"loc":{"start":{"line":326,"column":13},"end":{"line":326,"column":47}},"type":"cond-expr","locations":[{"start":{"line":326,"column":38},"end":{"line":326,"column":40}},{"start":{"line":326,"column":43},"end":{"line":326,"column":47}}],"line":326},"68":{"loc":{"start":{"line":328,"column":14},"end":{"line":328,"column":44}},"type":"cond-expr","locations":[{"start":{"line":328,"column":20},"end":{"line":328,"column":37}},{"start":{"line":328,"column":40},"end":{"line":328,"column":44}}],"line":328},"69":{"loc":{"start":{"line":329,"column":24},"end":{"line":329,"column":54}},"type":"cond-expr","locations":[{"start":{"line":329,"column":30},"end":{"line":329,"column":47}},{"start":{"line":329,"column":50},"end":{"line":329,"column":54}}],"line":329},"70":{"loc":{"start":{"line":333,"column":6},"end":{"line":338,"column":87}},"type":"binary-expr","locations":[{"start":{"line":333,"column":6},"end":{"line":333,"column":11}},{"start":{"line":334,"column":6},"end":{"line":334,"column":49}},{"start":{"line":335,"column":6},"end":{"line":335,"column":65}},{"start":{"line":336,"column":6},"end":{"line":336,"column":67}},{"start":{"line":337,"column":6},"end":{"line":337,"column":67}},{"start":{"line":338,"column":6},"end":{"line":338,"column":87}}],"line":333},"71":{"loc":{"start":{"line":334,"column":13},"end":{"line":334,"column":28}},"type":"binary-expr","locations":[{"start":{"line":334,"column":13},"end":{"line":334,"column":22}},{"start":{"line":334,"column":26},"end":{"line":334,"column":28}}],"line":334},"72":{"loc":{"start":{"line":335,"column":13},"end":{"line":335,"column":29}},"type":"binary-expr","locations":[{"start":{"line":335,"column":13},"end":{"line":335,"column":23}},{"start":{"line":335,"column":27},"end":{"line":335,"column":29}}],"line":335},"73":{"loc":{"start":{"line":335,"column":42},"end":{"line":335,"column":64}},"type":"binary-expr","locations":[{"start":{"line":335,"column":42},"end":{"line":335,"column":58}},{"start":{"line":335,"column":62},"end":{"line":335,"column":64}}],"line":335},"74":{"loc":{"start":{"line":336,"column":13},"end":{"line":336,"column":37}},"type":"binary-expr","locations":[{"start":{"line":336,"column":13},"end":{"line":336,"column":31}},{"start":{"line":336,"column":35},"end":{"line":336,"column":37}}],"line":336},"75":{"loc":{"start":{"line":337,"column":13},"end":{"line":337,"column":30}},"type":"binary-expr","locations":[{"start":{"line":337,"column":13},"end":{"line":337,"column":24}},{"start":{"line":337,"column":28},"end":{"line":337,"column":30}}],"line":337},"76":{"loc":{"start":{"line":337,"column":43},"end":{"line":337,"column":66}},"type":"binary-expr","locations":[{"start":{"line":337,"column":43},"end":{"line":337,"column":60}},{"start":{"line":337,"column":64},"end":{"line":337,"column":66}}],"line":337},"77":{"loc":{"start":{"line":338,"column":13},"end":{"line":338,"column":40}},"type":"binary-expr","locations":[{"start":{"line":338,"column":13},"end":{"line":338,"column":34}},{"start":{"line":338,"column":38},"end":{"line":338,"column":40}}],"line":338},"78":{"loc":{"start":{"line":338,"column":53},"end":{"line":338,"column":86}},"type":"binary-expr","locations":[{"start":{"line":338,"column":53},"end":{"line":338,"column":80}},{"start":{"line":338,"column":84},"end":{"line":338,"column":86}}],"line":338},"79":{"loc":{"start":{"line":345,"column":6},"end":{"line":379,"column":7}},"type":"if","locations":[{"start":{"line":345,"column":6},"end":{"line":379,"column":7}},{"start":{"line":365,"column":13},"end":{"line":379,"column":7}}],"line":345},"80":{"loc":{"start":{"line":381,"column":6},"end":{"line":391,"column":7}},"type":"if","locations":[{"start":{"line":381,"column":6},"end":{"line":391,"column":7}},{"start":{},"end":{}}],"line":381},"81":{"loc":{"start":{"line":415,"column":4},"end":{"line":417,"column":5}},"type":"if","locations":[{"start":{"line":415,"column":4},"end":{"line":417,"column":5}},{"start":{},"end":{}}],"line":415},"82":{"loc":{"start":{"line":415,"column":8},"end":{"line":415,"column":63}},"type":"binary-expr","locations":[{"start":{"line":415,"column":8},"end":{"line":415,"column":24}},{"start":{"line":415,"column":28},"end":{"line":415,"column":63}}],"line":415},"83":{"loc":{"start":{"line":420,"column":4},"end":{"line":422,"column":5}},"type":"if","locations":[{"start":{"line":420,"column":4},"end":{"line":422,"column":5}},{"start":{},"end":{}}],"line":420},"84":{"loc":{"start":{"line":425,"column":37},"end":{"line":425,"column":91}},"type":"cond-expr","locations":[{"start":{"line":425,"column":77},"end":{"line":425,"column":83}},{"start":{"line":425,"column":86},"end":{"line":425,"column":91}}],"line":425},"85":{"loc":{"start":{"line":427,"column":4},"end":{"line":433,"column":5}},"type":"if","locations":[{"start":{"line":427,"column":4},"end":{"line":433,"column":5}},{"start":{},"end":{}}],"line":427},"86":{"loc":{"start":{"line":441,"column":4},"end":{"line":443,"column":5}},"type":"if","locations":[{"start":{"line":441,"column":4},"end":{"line":443,"column":5}},{"start":{},"end":{}}],"line":441},"87":{"loc":{"start":{"line":441,"column":8},"end":{"line":441,"column":37}},"type":"binary-expr","locations":[{"start":{"line":441,"column":8},"end":{"line":441,"column":17}},{"start":{"line":441,"column":21},"end":{"line":441,"column":37}}],"line":441},"88":{"loc":{"start":{"line":448,"column":4},"end":{"line":450,"column":5}},"type":"if","locations":[{"start":{"line":448,"column":4},"end":{"line":450,"column":5}},{"start":{},"end":{}}],"line":448},"89":{"loc":{"start":{"line":461,"column":4},"end":{"line":463,"column":5}},"type":"if","locations":[{"start":{"line":461,"column":4},"end":{"line":463,"column":5}},{"start":{},"end":{}}],"line":461},"90":{"loc":{"start":{"line":461,"column":8},"end":{"line":461,"column":37}},"type":"binary-expr","locations":[{"start":{"line":461,"column":8},"end":{"line":461,"column":17}},{"start":{"line":461,"column":21},"end":{"line":461,"column":37}}],"line":461},"91":{"loc":{"start":{"line":474,"column":24},"end":{"line":474,"column":53}},"type":"binary-expr","locations":[{"start":{"line":474,"column":24},"end":{"line":474,"column":45}},{"start":{"line":474,"column":49},"end":{"line":474,"column":53}}],"line":474},"92":{"loc":{"start":{"line":501,"column":6},"end":{"line":501,"column":87}},"type":"if","locations":[{"start":{"line":501,"column":6},"end":{"line":501,"column":87}},{"start":{},"end":{}}],"line":501},"93":{"loc":{"start":{"line":502,"column":6},"end":{"line":502,"column":103}},"type":"if","locations":[{"start":{"line":502,"column":6},"end":{"line":502,"column":103}},{"start":{},"end":{}}],"line":502},"94":{"loc":{"start":{"line":502,"column":10},"end":{"line":502,"column":37}},"type":"binary-expr","locations":[{"start":{"line":502,"column":10},"end":{"line":502,"column":18}},{"start":{"line":502,"column":22},"end":{"line":502,"column":37}}],"line":502},"95":{"loc":{"start":{"line":521,"column":4},"end":{"line":521,"column":87}},"type":"if","locations":[{"start":{"line":521,"column":4},"end":{"line":521,"column":87}},{"start":{},"end":{}}],"line":521},"96":{"loc":{"start":{"line":526,"column":4},"end":{"line":526,"column":96}},"type":"if","locations":[{"start":{"line":526,"column":4},"end":{"line":526,"column":96}},{"start":{},"end":{}}],"line":526},"97":{"loc":{"start":{"line":528,"column":4},"end":{"line":530,"column":5}},"type":"if","locations":[{"start":{"line":528,"column":4},"end":{"line":530,"column":5}},{"start":{},"end":{}}],"line":528},"98":{"loc":{"start":{"line":541,"column":19},"end":{"line":541,"column":89}},"type":"cond-expr","locations":[{"start":{"line":541,"column":47},"end":{"line":541,"column":84}},{"start":{"line":541,"column":87},"end":{"line":541,"column":89}}],"line":541},"99":{"loc":{"start":{"line":542,"column":4},"end":{"line":542,"column":94}},"type":"if","locations":[{"start":{"line":542,"column":4},"end":{"line":542,"column":94}},{"start":{},"end":{}}],"line":542}},"s":{"0":1,"1":1,"2":1,"3":1,"4":1,"5":1,"6":1,"7":12,"8":12,"9":1,"10":11,"11":11,"12":1,"13":10,"14":10,"15":10,"16":10,"17":2,"18":2,"19":10,"20":10,"21":10,"22":10,"23":6,"24":6,"25":6,"26":6,"27":6,"28":6,"29":1,"30":5,"31":1,"32":4,"33":1,"34":1,"35":3,"36":2,"37":1,"38":1,"39":1,"40":1,"41":5,"42":5,"43":5,"44":5,"45":5,"46":5,"47":5,"48":5,"49":1,"50":1,"51":4,"52":2,"53":2,"54":2,"55":4,"56":4,"57":4,"58":4,"59":4,"60":4,"61":4,"62":4,"63":4,"64":2,"65":2,"66":1,"67":1,"68":1,"69":1,"70":1,"71":2,"72":2,"73":2,"74":2,"75":2,"76":2,"77":0,"78":2,"79":2,"80":2,"81":1,"82":1,"83":0,"84":0,"85":1,"86":6,"87":6,"88":6,"89":1,"90":5,"91":5,"92":1,"93":4,"94":1,"95":3,"96":3,"97":1,"98":2,"99":1,"100":1,"101":1,"102":3,"103":3,"104":3,"105":2,"106":1,"107":1,"108":1,"109":11,"110":11,"111":11,"112":11,"113":10,"114":1,"115":9,"116":9,"117":9,"118":1,"119":8,"120":8,"121":8,"122":1,"123":7,"124":7,"125":1,"126":6,"127":6,"128":6,"129":6,"130":1,"131":1,"132":5,"133":2,"134":1,"135":1,"136":1,"137":3,"138":3,"139":3,"140":3,"141":3,"142":3,"143":3,"144":3,"145":2,"146":1,"147":1,"148":1,"149":2,"150":2,"151":2,"152":2,"153":2,"154":1,"155":1,"156":1,"157":1,"158":1,"159":1,"160":1,"161":7,"162":7,"163":7,"164":7,"165":1,"166":6,"167":1,"168":5,"169":5,"170":1,"171":5,"172":4,"173":1,"174":3,"175":3,"176":3,"177":1,"178":2,"179":2,"180":1,"181":1,"182":1,"183":1,"184":1,"185":1,"186":1,"187":3,"188":3,"189":3,"190":1,"191":2,"192":1,"193":1,"194":1,"195":6,"196":6,"197":6,"198":5,"199":1,"200":4,"201":4,"202":4,"203":1,"204":3,"205":1,"206":2,"207":2,"208":2,"209":1,"210":1,"211":1,"212":1,"213":1,"214":1},"f":{"0":12,"1":2,"2":2,"3":5,"4":2,"5":2,"6":4,"7":4,"8":4,"9":4,"10":1,"11":1,"12":2,"13":2,"14":6,"15":3,"16":3,"17":11,"18":7,"19":3,"20":3,"21":6},"b":{"0":[1,11],"1":[12,12,11,11,11,11],"2":[1,10],"3":[11,10],"4":[7,3],"5":[1,9],"6":[10,0],"7":[2,0],"8":[6,4],"9":[10,6],"10":[6,0],"11":[1,5],"12":[6,1],"13":[1,5],"14":[0,6],"15":[1,5],"16":[1,4],"17":[1,3],"18":[1,0],"19":[1,1],"20":[2,1],"21":[1,1],"22":[1,0],"23":[0,1],"24":[0,1],"25":[0,1],"26":[5,0],"27":[1,4],"28":[5,4],"29":[1,4],"30":[0,4],"31":[4,4],"32":[0,4],"33":[0,0],"34":[1,3],"35":[2,2],"36":[1,1],"37":[2,1],"38":[0,1],"39":[0,2],"40":[1,1],"41":[2,2],"42":[1,5],"43":[6,5],"44":[1,4],"45":[5,4],"46":[1,3],"47":[1,2],"48":[1,1],"49":[2,1],"50":[11,0],"51":[1,9],"52":[1,8],"53":[8,0],"54":[1,7],"55":[7,1],"56":[1,6],"57":[1,5],"58":[1,5],"59":[0,6],"60":[1,5],"61":[1,0],"62":[1,1],"63":[2,3],"64":[1,1],"65":[1,0],"66":[3,1],"67":[0,3],"68":[0,3],"69":[0,3],"70":[3,2,2,2,0,0],"71":[2,0],"72":[2,2],"73":[2,2],"74":[2,0],"75":[0,0],"76":[0,0],"77":[0,0],"78":[0,0],"79":[2,1],"80":[2,0],"81":[1,6],"82":[7,6],"83":[1,5],"84":[0,5],"85":[1,4],"86":[1,3],"87":[4,4],"88":[1,2],"89":[1,1],"90":[2,2],"91":[1,1],"92":[1,2],"93":[1,1],"94":[2,2],"95":[1,4],"96":[1,3],"97":[1,2],"98":[1,1],"99":[1,1]},"_coverageSchema":"1a1c01bbd47fc00a2c39e90264f33305004495a9","hash":"e3091dafe4442ece8f5de0a1e19781a4618b404c"}
,"C:\\DEV\\listed_backend\\routes\\ai.js": {"path":"C:\\DEV\\listed_backend\\routes\\ai.js","statementMap":{"0":{"start":{"line":5,"column":27},"end":{"line":5,"column":45}},"1":{"start":{"line":6,"column":27},"end":{"line":6,"column":43}},"2":{"start":{"line":7,"column":27},"end":{"line":7,"column":56}},"3":{"start":{"line":8,"column":27},"end":{"line":8,"column":62}},"4":{"start":{"line":9,"column":27},"end":{"line":9,"column":49}},"5":{"start":{"line":10,"column":27},"end":{"line":10,"column":48}},"6":{"start":{"line":11,"column":27},"end":{"line":11,"column":69}},"7":{"start":{"line":12,"column":27},"end":{"line":12,"column":50}},"8":{"start":{"line":13,"column":43},"end":{"line":13,"column":65}},"9":{"start":{"line":17,"column":21},"end":{"line":17,"column":49}},"10":{"start":{"line":18,"column":16},"end":{"line":18,"column":54}},"11":{"start":{"line":19,"column":2},"end":{"line":19,"column":28}},"12":{"start":{"line":19,"column":14},"end":{"line":19,"column":28}},"13":{"start":{"line":21,"column":2},"end":{"line":24,"column":5}},"14":{"start":{"line":22,"column":4},"end":{"line":22,"column":30}},"15":{"start":{"line":22,"column":14},"end":{"line":22,"column":30}},"16":{"start":{"line":23,"column":4},"end":{"line":23,"column":11}},"17":{"start":{"line":30,"column":2},"end":{"line":30,"column":43}},"18":{"start":{"line":33,"column":27},"end":{"line":42,"column":2}},"19":{"start":{"line":40,"column":52},"end":{"line":40,"column":71}},"20":{"start":{"line":41,"column":26},"end":{"line":41,"column":140}},"21":{"start":{"line":44,"column":28},"end":{"line":53,"column":2}},"22":{"start":{"line":51,"column":52},"end":{"line":51,"column":71}},"23":{"start":{"line":52,"column":26},"end":{"line":52,"column":82}},"24":{"start":{"line":55,"column":25},"end":{"line":64,"column":2}},"25":{"start":{"line":58,"column":25},"end":{"line":58,"column":58}},"26":{"start":{"line":62,"column":52},"end":{"line":62,"column":71}},"27":{"start":{"line":63,"column":26},"end":{"line":63,"column":144}},"28":{"start":{"line":68,"column":2},"end":{"line":70,"column":5}},"29":{"start":{"line":69,"column":4},"end":{"line":69,"column":80}},"30":{"start":{"line":69,"column":44},"end":{"line":69,"column":77}},"31":{"start":{"line":75,"column":19},"end":{"line":75,"column":43}},"32":{"start":{"line":76,"column":2},"end":{"line":79,"column":38}},"33":{"start":{"line":77,"column":19},"end":{"line":77,"column":44}},"34":{"start":{"line":78,"column":4},"end":{"line":78,"column":42}},"35":{"start":{"line":78,"column":16},"end":{"line":78,"column":42}},"36":{"start":{"line":81,"column":62},"end":{"line":86,"column":4}},"37":{"start":{"line":82,"column":109},"end":{"line":82,"column":111}},"38":{"start":{"line":83,"column":119},"end":{"line":83,"column":121}},"39":{"start":{"line":84,"column":87},"end":{"line":84,"column":89}},"40":{"start":{"line":85,"column":95},"end":{"line":85,"column":97}},"41":{"start":{"line":88,"column":17},"end":{"line":93,"column":3}},"42":{"start":{"line":95,"column":2},"end":{"line":95,"column":107}},"43":{"start":{"line":95,"column":8},"end":{"line":95,"column":76}},"44":{"start":{"line":96,"column":2},"end":{"line":96,"column":16}},"45":{"start":{"line":100,"column":22},"end":{"line":103,"column":1}},"46":{"start":{"line":105,"column":23},"end":{"line":117,"column":1}},"47":{"start":{"line":122,"column":0},"end":{"line":232,"column":3}},"48":{"start":{"line":123,"column":2},"end":{"line":231,"column":3}},"49":{"start":{"line":125,"column":80},"end":{"line":125,"column":88}},"50":{"start":{"line":127,"column":4},"end":{"line":129,"column":5}},"51":{"start":{"line":128,"column":6},"end":{"line":128,"column":112}},"52":{"start":{"line":131,"column":22},"end":{"line":131,"column":84}},"53":{"start":{"line":132,"column":24},"end":{"line":132,"column":65}},"54":{"start":{"line":135,"column":24},"end":{"line":135,"column":26}},"55":{"start":{"line":136,"column":4},"end":{"line":140,"column":5}},"56":{"start":{"line":137,"column":6},"end":{"line":139,"column":7}},"57":{"start":{"line":138,"column":8},"end":{"line":138,"column":78}},"58":{"start":{"line":138,"column":40},"end":{"line":138,"column":78}},"59":{"start":{"line":142,"column":21},"end":{"line":144,"column":88}},"60":{"start":{"line":146,"column":20},"end":{"line":158,"column":32}},"61":{"start":{"line":161,"column":21},"end":{"line":161,"column":39}},"62":{"start":{"line":162,"column":20},"end":{"line":162,"column":44}},"63":{"start":{"line":163,"column":17},"end":{"line":167,"column":20}},"64":{"start":{"line":169,"column":21},"end":{"line":173,"column":70}},"65":{"start":{"line":176,"column":29},"end":{"line":177,"column":45}},"66":{"start":{"line":177,"column":19},"end":{"line":177,"column":44}},"67":{"start":{"line":178,"column":25},"end":{"line":180,"column":10}},"68":{"start":{"line":183,"column":24},"end":{"line":183,"column":185}},"69":{"start":{"line":184,"column":25},"end":{"line":184
[...]
":311,"column":28}},"loc":{"start":{"line":311,"column":37},"end":{"line":326,"column":1}},"line":311},"27":{"name":"(anonymous_27)","decl":{"start":{"line":312,"column":21},"end":{"line":312,"column":22}},"loc":{"start":{"line":312,"column":42},"end":{"line":325,"column":3}},"line":312},"28":{"name":"(anonymous_28)","decl":{"start":{"line":321,"column":30},"end":{"line":321,"column":31}},"loc":{"start":{"line":321,"column":45},"end":{"line":324,"column":5}},"line":321},"29":{"name":"(anonymous_29)","decl":{"start":{"line":323,"column":23},"end":{"line":323,"column":24}},"loc":{"start":{"line":323,"column":28},"end":{"line":323,"column":45}},"line":323},"30":{"name":"generateRefreshToken","decl":{"start":{"line":330,"column":15},"end":{"line":330,"column":35}},"loc":{"start":{"line":330,"column":74},"end":{"line":345,"column":1}},"line":330},"31":{"name":"consumeRefreshToken","decl":{"start":{"line":347,"column":15},"end":{"line":347,"column":34}},"loc":{"start":{"line":347,"column":45},"end":{"line":374,"column":1}},"line":347},"32":{"name":"revokeRefreshToken","decl":{"start":{"line":376,"column":15},"end":{"line":376,"column":33}},"loc":{"start":{"line":376,"column":44},"end":{"line":379,"column":1}},"line":376},"33":{"name":"issueToken","decl":{"start":{"line":382,"column":15},"end":{"line":382,"column":25}},"loc":{"start":{"line":382,"column":34},"end":{"line":417,"column":1}},"line":382},"34":{"name":"(anonymous_34)","decl":{"start":{"line":424,"column":39},"end":{"line":424,"column":40}},"loc":{"start":{"line":424,"column":52},"end":{"line":424,"column":71}},"line":424},"35":{"name":"(anonymous_35)","decl":{"start":{"line":425,"column":11},"end":{"line":425,"column":12}},"loc":{"start":{"line":425,"column":25},"end":{"line":425,"column":59}},"line":425},"36":{"name":"createEmailCooldown","decl":{"start":{"line":429,"column":9},"end":{"line":429,"column":28}},"loc":{"start":{"line":429,"column":57},"end":{"line":445,"column":1}},"line":429},"37":{"name":"emailCooldown","decl":{"start":{"line":430,"column":24},"end":{"line":430,"column":37}},"loc":{"start":{"line":430,"column":54},"end":{"line":444,"column":3}},"line":430}},"branchMap":{"0":{"loc":{"start":{"line":11,"column":25},"end":{"line":11,"column":62}},"type":"binary-expr","locations":[{"start":{"line":11,"column":25},"end":{"line":11,"column":53}},{"start":{"line":11,"column":57},"end":{"line":11,"column":62}}],"line":11},"1":{"loc":{"start":{"line":12,"column":38},"end":{"line":12,"column":79}},"type":"binary-expr","locations":[{"start":{"line":12,"column":38},"end":{"line":12,"column":72}},{"start":{"line":12,"column":76},"end":{"line":12,"column":79}}],"line":12},"2":{"loc":{"start":{"line":24,"column":39},"end":{"line":24,"column":49}},"type":"binary-expr","locations":[{"start":{"line":24,"column":39},"end":{"line":24,"column":43}},{"start":{"line":24,"column":47},"end":{"line":24,"column":49}}],"line":24},"3":{"loc":{"start":{"line":25,"column":9},"end":{"line":25,"column":43}},"type":"cond-expr","locations":[{"start":{"line":25,"column":13},"end":{"line":25,"column":31}},{"start":{"line":25,"column":34},"end":{"line":25,"column":43}}],"line":25},"4":{"loc":{"start":{"line":30,"column":2},"end":{"line":30,"column":69}},"type":"default-arg","locations":[{"start":{"line":30,"column":15},"end":{"line":30,"column":69}}],"line":30},"5":{"loc":{"start":{"line":30,"column":22},"end":{"line":30,"column":68}},"type":"binary-expr","locations":[{"start":{"line":30,"column":22},"end":{"line":30,"column":61}},{"start":{"line":30,"column":65},"end":{"line":30,"column":68}}],"line":30},"6":{"loc":{"start":{"line":34,"column":2},"end":{"line":34,"column":25}},"type":"if","locations":[{"start":{"line":34,"column":2},"end":{"line":34,"column":25}},{"start":{},"end":{}}],"line":34},"7":{"loc":{"start":{"line":36,"column":24},"end":{"line":36,"column":51}},"type":"binary-expr","locations":[{"start":{"line":36,"column":24},"end":{"line":36,"column":42}},{"start":{"line":36,"column":46},"end":{"line":36,"column":51}}],"line":36},"8":{"loc":{"start":{"line":41,"column":15},"end":{"line":41,"column":55}},"type":"binary-expr","locations":[{"start":{"line":41,"column":15},"end":{"line":41,"column":26}},{"start":{"line":41,"column":30},"end":{"line":41,"column":55}}],"line":41},"9":{"loc":{"start":{"line":50,"column":16},"end":{"line":50,"column":32}},"type":"binary-expr","locations":[{"start":{"line":50,"column":16},"end":{"line":50,"column":24}},{"start":{"line":50,"column":28},"end":{"line":50,"column":32}}],"line":50},"10":{"loc":{"start":{"line":57,"column":13},"end":{"line":57,"column":28}},"type":"binary-expr","locations":[{"start":{"line":57,"column":13},"end":{"line":57,"column":22}},{"start":{"line":57,"column":26},"end":{"line":57,"column":28}}],"line":57},"11":{"loc":{"start":{"line":58,"column":2},"end":{"line":58,"column":22}},"type":"if","locations":[{"start":{"line":58,"column":2},"end":{"line":58,"column":22}},{"start":{},"end":{}}],"line":58},"12":{"loc":{"start":{"line":60,"column":48},"end":{"line":60,"column":85}},"type":"cond-expr","locations":[{"start":{"line":60,"column":58},"end":{"line":60,"column":73}},{"start":{"line":60,"column":76},"end":{"line":60,"column":85}}],"line":60},"13":{"loc":{"start":{"line":63,"column":57},"end":{"line":63,"column":73}},"type":"default-arg","locations":[{"start":{"line":63,"column":70},"end":{"line":63,"column":73}}],"line":63},"14":{"loc":{"start":{"line":65,"column":2},"end":{"line":65,"column":25}},"type":"if","locations":[{"start":{"line":65,"column":2},"end":{"line":65,"column":25}},{"start":{},"end":{}}],"line":65},"15":{"loc":{"start":{"line":67,"column":17},"end":{"line":67,"column":57}},"type":"binary-expr","locations":[{"start":{"line":67,"column":17},"end":{"line":67,"column":28}},{"start":{"line":67,"column":32},"end":{"line":67,"column":57}}],"line":67},"16":{"loc":{"start":{"line":69,"column":19},"end":{"line":69,"column":46}},"type":"binary-expr","locations":[{"start":{"line":69,"column":19},"end":{"line":69,"column":37}},{"start":{"line":69,"column":41},"end":{"line":69,"column":46}}],"line":69},"17":{"loc":{"start":{"line":77,"column":2},"end":{"line":80,"column":3}},"type":"if","locations":[{"start":{"line":77,"column":2},"end":{"line":80,"column":3}},{"start":{},"end":{}}],"line":77},"18":{"loc":{"start":{"line":86,"column":16},"end":{"line":86,"column":32}},"type":"binary-expr","locations":[{"start":{"line":86,"column":16},"end":{"line":86,"column":24}},{"start":{"line":86,"column":28},"end":{"line":86,"column":32}}],"line":86},"19":{"loc":{"start":{"line":96,"column":15},"end":{"line":96,"column":72}},"type":"binary-expr","locations":[{"start":{"line":96,"column":15},"end":{"line":96,"column":36}},{"start":{"line":96,"column":40},"end":{"line":96,"column":72}}],"line":96},"20":{"loc":{"start":{"line":97,"column":25},"end":{"line":97,"column":63}},"type":"binary-expr","locations":[{"start":{"line":97,"column":25},"end":{"line":97,"column":57}},{"start":{"line":97,"column":61},"end":{"line":97,"column":63}}],"line":97},"21":{"loc":{"start":{"line":118,"column":4},"end":{"line":121,"column":5}},"type":"if","locations":[{"start":{"line":118,"column":4},"end":{"line":121,"column":5}},{"start":{},"end":{}}],"line":118},"22":{"loc":{"start":{"line":120,"column":22},"end":{"line":120,"column":58}},"type":"binary-expr","locations":[{"start":{"line":120,"column":22},"end":{"line":120,"column":40}},{"start":{"line":120,"column":44},"end":{"line":120,"column":58}}],"line":120},"23":{"loc":{"start":{"line":131,"column":15},"end":{"line":131,"column":72}},"type":"binary-expr","locations":[{"start":{"line":131,"column":15},"end":{"line":131,"column":36}},{"start":{"line":131,"column":40},"end":{"line":131,"column":72}}],"line":131},"24":{"loc":{"start":{"line":132,"column":25},"end":{"line":132,"column":65}},"type":"binary-expr","locations":[{"start":{"line":132,"column":25},"end":{"line":132,"column":59}},{"start":{"line":132,"column":63},"end":{"line":132,"column":65}}],"line":132},"25":{"loc":{"start":{"line":157,"column":4},"end":{"line":160,"column":5}},"type":"if","locations":[{"start":{"line":157,"column":4},"end":{"line":160,"column":5}},{"start":{},"end":{}}],"line":157},"26":{"loc":{"start":{"line":159,"column":22},"end":{"line":159,"column":58}},"type":"binary-expr","locations":[{"start":{"line":159,"column":22},"end":{"line":159,"column":40}},{"start":{"line":159,"column":44},"end":{"line":159,"column":58}}],"line":159},"27":{"loc":{"start":{"line":170,"column":16},"end":{"line":170,"column":53}},"type":"binary-expr","locations":[{"start":{"line":170,"column":16},"end":{"line":170,"column":47}},{"start":{"line":170,"column":51},"end":{"line":170,"column":53}}],"line":170},"28":{"loc":{"start":{"line":175,"column":2},"end":{"line":175,"column":25}},"type":"if","locations":[{"start":{"line":175,"column":2},"end":{"line":175,"column":25}},{"start":{},"end":{}}],"line":175},"29":{"loc":{"start":{"line":180,"column":9},"end":{"line":180,"column":57}},"type":"binary-expr","locations":[{"start":{"line":180,"column":9},"end":{"line":180,"column":30}},{"start":{"line":180,"column":34},"end":{"line":180,"column":57}}],"line":180},"30":{"loc":{"start":{"line":188,"column":26},"end":{"line":188,"column":36}},"type":"binary-expr","locations":[{"start":{"line":188,"column":26},"end":{"line":188,"column":30}},{"start":{"line":188,"column":34},"end":{"line":188,"column":36}}],"line":188},"31":{"loc":{"start":{"line":200,"column":8},"end":{"line":203,"column":9}},"type":"if","locations":[{"start":{"line":200,"column":8},"end":{"line":203,"column":9}},{"start":{},"end":{}}],"line":200},"32":{"loc":{"start":{"line":207,"column":26},"end":{"line":207,"column":57}},"type":"cond-expr","locations":[{"start":{"line":207,"column":48},"end":{"line":207,"column":52}},{"start":{"line":207,"column":55},"end":{"line":207,"column":57}}],"line":207},"33":{"loc":{"start":{"line":212,"column":8},"end":{"line":215,"column":9}},"type":"if","locations":[{"start":{"line":212,"column":8},"end":{"line":215,"column":9}},{"start":{},"end":{}}],"line":212},"34":{"loc":{"start":{"line":222,"column":16},"end":{"line":222,"column":26}},"type":"binary-expr","locations":[{"start":{"line":222,"column":16},"end":{"line":222,"column":20}},{"start":{"line":222,"column":24},"end":{"line":222,"column":26}}],"line":222},"35":{"loc":{"start":{"line":241,"column":14},"end":{"line":241,"column":91}},"type":"if","locations":[{"start":{"line":241,"column":14},"end":{"line":241,"column":91}},{"start":{},"end":{}}],"line":241},"36":{"loc":{"start":{"line":249,"column":27},"end":{"line":249,"column":109}},"type":"binary-expr","locations":[{"start":{"line":249,"column":27},"end":{"line":249,"column":55}},{"start":{"line":249,"column":59},"end":{"line":249,"column":109}}],"line":249},"37":{"loc":{"start":{"line":252,"column":10},"end":{"line":252,"column":60}},"type":"if","locations":[{"start":{"line":252,"column":10},"end":{"line":252,"column":60}},{"start":{},"end":{}}],"line":252},"38":{"loc":{"start":{"line":258,"column":14},"end":{"line":259,"column":95}},"type":"if","locations":[{"start":{"line":258,"column":14},"end":{"line":259,"column":95}},{"start":{"line":259,"column":19},"end":{"line":259,"column":95}}],"line":258},"39":{"loc":{"start":{"line":275,"column":6},"end":{"line":280,"column":7}},"type":"if","locations":[{"start":{"line":275,"column":6},"end":{"line":280,"column":7}},{"start":{},"end":{}}],"line":275},"40":{"loc":{"start":{"line":297,"column":6},"end":{"line":297,"column":34}},"type":"if","locations":[{"start":{"line":297,"column":6},"end":{"line":297,"column":34}},{"start":{},"end":{}}],"line":297},"41":{"loc":{"start":{"line":298,"column":6},"end":{"line":298,"column":47}},"type":"if","locations":[{"start":{"line":298,"column":6},"end":{"line":298,"column":47}},{"start":{},"end":{}}],"line":298},"42":{"loc":{"start":{"line":301,"column":6},"end":{"line":301,"column":45}},"type":"if","locations":[{"start":{"line":301,"column":6},"end":{"line":301,"column":45}},{"start":{},"end":{}}],"line":301},"43":{"loc":{"start":{"line":303,"column":6},"end":{"line":305,"column":7}},"type":"if","locations":[{"start":{"line":303,"column":6},"end":{"line":305,"column":7}},{"start":{},"end":{}}],"line":303},"44":{"loc":{"start":{"line":303,"column":10},"end":{"line":303,"column":74}},"type":"binary-expr","locations":[{"start":{"line":303,"column":10},"end":{"line":303,"column":23}},{"start":{"line":303,"column":27},"end":{"line":303,"column":74}}],"line":303},"45":{"loc":{"start":{"line":322,"column":6},"end":{"line":322,"column":34}},"type":"if","locations":[{"start":{"line":322,"column":6},"end":{"line":322,"column":34}},{"start":{},"end":{}}],"line":322},"46":{"loc":{"start":{"line":331,"column":19},"end":{"line":331,"column":48}},"type":"binary-expr","locations":[{"start":{"line":331,"column":19},"end":{"line":331,"column":25}},{"start":{"line":331,"column":29},"end":{"line":331,"column":48}}],"line":331},"47":{"loc":{"start":{"line":351,"column":2},"end":{"line":355,"column":3}},"type":"if","locations":[{"start":{"line":351,"column":2},"end":{"line":355,"column":3}},{"start":{},"end":{}}],"line":351},"48":{"loc":{"start":{"line":361,"column":2},"end":{"line":363,"column":3}},"type":"if","locations":[{"start":{"line":361,"column":2},"end":{"line":363,"column":3}},{"start":{},"end":{}}],"line":361},"49":{"loc":{"start":{"line":367,"column":2},"end":{"line":371,"column":3}},"type":"if","locations":[{"start":{"line":367,"column":2},"end":{"line":371,"column":3}},{"start":{},"end":{}}],"line":367},"50":{"loc":{"start":{"line":396,"column":20},"end":{"line":396,"column":58}},"type":"cond-expr","locations":[{"start":{"line":396,"column":31},"end":{"line":396,"column":51}},{"start":{"line":396,"column":54},"end":{"line":396,"column":58}}],"line":396},"51":{"loc":{"start":{"line":410,"column":33},"end":{"line":410,"column":68}},"type":"binary-expr","locations":[{"start":{"line":410,"column":33},"end":{"line":410,"column":60}},{"start":{"line":410,"column":64},"end":{"line":410,"column":68}}],"line":410},"52":{"loc":{"start":{"line":412,"column":22},"end":{"line":412,"column":46}},"type":"binary-expr","locations":[{"start":{"line":412,"column":22},"end":{"line":412,"column":38}},{"start":{"line":412,"column":42},"end":{"line":412,"column":46}}],"line":412},"53":{"loc":{"start":{"line":414,"column":21},"end":{"line":414,"column":44}},"type":"binary-expr","locations":[{"start":{"line":414,"column":21},"end":{"line":414,"column":36}},{"start":{"line":414,"column":40},"end":{"line":414,"column":44}}],"line":414},"54":{"loc":{"start":{"line":429,"column":29},"end":{"line":429,"column":55}},"type":"default-arg","locations":[{"start":{"line":429,"column":53},"end":{"line":429,"column":55}}],"line":429},"55":{"loc":{"start":{"line":429,"column":31},"end":{"line":429,"column":48}},"type":"default-arg","locations":[{"start":{"line":429,"column":42},"end":{"line":429,"column":48}}],"line":429},"56":{"loc":{"start":{"line":431,"column":25},"end":{"line":431,"column":46}},"type":"binary-expr","locations":[{"start":{"line":431,"column":25},"end":{"line":431,"column":40}},{"start":{"line":431,"column":44},"end":{"line":431,"column":46}}],"line":431},"57":{"loc":{"start":{"line":432,"column":4},"end":{"line":432,"column":54}},"type":"if","locations":[{"start":{"line":432,"column":4},"end":{"line":432,"column":54}},{"start":{},"end":{}}],"line":432},"58":{"loc":{"start":{"line":432,"column":8},"end":{"line":432,"column":38}},"type":"binary-expr","locations":[{"start":{"line":432,"column":8},"end":{"line":432,"column":14}},{"start":{"line":432,"column":18},"end":{"line":432,"column":38}}],"line":432},"59":{"loc":{"start":{"line":437,"column":6},"end":{"line":437,"column":60}},"type":"if","locations":[{"start":{"line":437,"column":6},"end":{"line":437,"column":60}},{"start":{},"end":{}}],"line":437}},"s":{"0":1,"1":1,"2":1,"3":1,"4":1,"5":1,"6":1,"7":1,"8":1,"9":1,"10":1,"11":1,"12":1,"13":1,"14":1,"15":8,"16":8,"17":3,"18":3,"19":1,"20":2,"21":2,"22":2,"23":2,"24":2,"25":14,"26":14,"27":14,"28":5,"29":9,"30":9,"31":4,"32":4,"33":1,"34":3,"35":3,"36":3,"37":1,"38":1,"39":2,"40":11,"41":3,"42":3,"43":3,"44":3,"45":3,"46":2,"47":1,"48":1,"49":1,"50":2,"51":2,"52":3,"53":3,"54":3,"55":3,"56":3,"57":2,"58":1,"59":1,"60":1,"61":2,"62":2,"63":4,"64":2,"65":2,"66":1,"67":1,"68":8,"69":7,"70":7,"71":7,"72":7,"73":1,"74":1,"75":6,"76":6,"77":6,"78":5,"79":5,"80":6,"81":2,"82":2,"83":4,"84":4,"85":4,"86":4,"87":4,"88":4,"89":4,"90":3,"91":3,"92":3,"93":3,"94":3,"95":3,"96":3,"97":3,"98":3,"99":3,"100":3,"101":2,"102":3,"103":1,"104":2,"105":2,"106":1,"107":1,"108":2,"109":1,"110":1,"111":2,"112":2,"113":2,"114":1,"115":1,"116":1,"117":1,"118":6,"119":6,"120":6,"121":6,"122":1,"123":5,"124":1,"125":4,"126":4,"127":1,"128":3,"129":1,"130":2,"131":2,"132":2,"133":2,"134":2,"135":1,"136":1,"137":2,"138":4,"139":4,"140":4,"141":4,"142":4,"143":4,"144":4,"145":4,"146":4,"147":1,"148":3,"149":3,"150":3,"151":1,"152":2,"153":2,"154":1,"155":1,"156":1,"157":1,"158":1,"159":2,"160":2,"161":2,"162":2,"163":2,"164":2,"165":1,"166":0,"167":0,"168":6,"169":5,"170":5,"171":2,"172":3,"173":3,"174":3,"175":2,"176":1,"177":1,"178":1,"179":1,"180":1,"181":1,"182":1},"f":{"0":8,"1":3,"2":14,"3":4,"4":11,"5":3,"6":3,"7":4,"8":2,"9":8,"10":7,"11":7,"12":7,"13":5,"14":5,"15":4,"16":3,"17":3,"18":2,"19":2,"20":2,"21":2,"22":2,"23":6,"24":6,"25":6,"26":2,"27":2,"28":2,"29":2,"30":4,"31":4,"32":1,"33":2,"34":0,"35":0,"36":6,"37":5},"b":{"0":[1,1],"1":[1,1],"2":[8,3],"3":[4,4],"4":[1],"5":[1,1],"6":[1,2],"7":[2,0],"8":[2,1],"9":[2,0],"10":[14,2],"11":[5,9],"12":[8,1],"13":[4],"14":[1,3],"15":[3,0],"16":[3,0],"17":[1,2],"18":[2,0],"19":[3,3],"20":[3,3],"21":[1,1],"22":[1,0],"23":[3,3],"24":[3,3],"25":[1,1],"26":[1,0],"27":[4,2],"28":[1,1],"29":[8,6],"30":[7,0],"31":[1,6],"32":[6,0],"33":[2,4],"34":[4,3],"35":[3,0],"36":[3,2],"37":[1,2],"38":[1,1],"39":[1,1],"40":[1,5],"41":[1,4],"42":[1,3],"43":[1,2],"44":[3,2],"45":[1,1],"46":[4,3],"47":[1,3],"48":[1,2],"49":[1,1],"50":[2,0],"51":[2,1],"52":[2,2],"53":[2,1],"54":[4],"55":[4],"56":[5,1],"57":[2,3],"58":[5,4],"59":[1,1]},"_coverageSchema":"1a1c01bbd47fc00a2c39e90264f33305004495a9","hash":"9d22f4c95d3224ea5b70256966361466314f65ec"}
,"C:\\DEV\\listed_backend\\utils\\sentry.js": {"path":"C:\\DEV\\listed_backend\\utils\\sentry.js","statementMap":{"0":{"start":{"line":1,"column":15},"end":{"line":1,"column":38}},"1":{"start":{"line":3,"column":0},"end":{"line":13,"column":3}},"2":{"start":{"line":9,"column":16},"end":{"line":9,"column":35}},"3":{"start":{"line":10,"column":4},"end":{"line":10,"column":57}},"4":{"start":{"line":10,"column":45},"end":{"line":10,"column":57}},"5":{"start":{"line":11,"column":4},"end":{"line":11,"column":17}},"6":{"start":{"line":15,"column":0},"end":{"line":15,"column":24}}},"fnMap":{"0":{"name":"(anonymous_0)","decl":{"start":{"line":8,"column":2},"end":{"line":8,"column":3}},"loc":{"start":{"line":8,"column":20},"end":{"line":12,"column":3}},"line":8}},"branchMap":{"0":{"loc":{"start":{"line":7,"column":20},"end":{"line":7,"column":67}},"type":"cond-expr","locations":[{"start":{"line":7,"column":60},"end":{"line":7,"column":63}},{"start":{"line":7,"column":66},"end":{"line":7,"column":67}}],"line":7},"1":{"loc":{"start":{"line":9,"column":16},"end":{"line":9,"column":35}},"type":"binary-expr","locations":[{"start":{"line":9,"column":16},"end":{"line":9,"column":29}},{"start":{"line":9,"column":33},"end":{"line":9,"column":35}}],"line":9},"2":{"loc":{"start":{"line":10,"column":4},"end":{"line":10,"column":57}},"type":"if","locations":[{"start":{"line":10,"column":4},"end":{"line":10,"column":57}},{"start":{},"end":{}}],"line":10}},"s":{"0":6,"1":6,"2":4,"3":4,"4":2,"5":2,"6":6},"f":{"0":4},"b":{"0":[0,6],"1":[4,1],"2":[2,2]},"_coverageSchema":"1a1c01bbd47fc00a2c39e90264f33305004495a9","hash":"fb32cdb880f448fde2aec5c1b0239c59b68ad491"}
}
