TN:
SF:middleware\authenticateToken.js
FN:4,authenticateToken
FN:11,(anonymous_1)
FNF:2
FNH:2
FNDA:6,authenticateToken
FNDA:4,(anonymous_1)
DA:1,15
DA:2,15
DA:6,6
DA:7,6
DA:9,6
DA:11,4
DA:12,4
DA:13,2
DA:14,1
DA:16,1
DA:18,2
DA:19,2
DA:20,2
DA:24,15
LF:14
LH:14
BRDA:7,0,0,6
BRDA:7,0,1,5
BRDA:9,1,0,2
BRDA:9,1,1,4
BRDA:12,2,0,2
BRDA:12,2,1,2
BRDA:13,3,0,1
BRDA:13,3,1,1
BRF:8
BRH:8
end_of_record
TN:
SF:middleware\requireAdmin.js
FN:1,requireAdmin
FNF:1
FNH:1
FNDA:5,requireAdmin
DA:1,2
DA:3,5
DA:5,5
DA:6,4
LF:4
LH:4
BRDA:5,0,0,1
BRDA:5,0,1,4
BRF:2
BRH:2
end_of_record
TN:
SF:middleware\requireVerifiedAgent.js
FN:4,requireVerifiedAgentFactory
FN:5,requireVerifiedAgent
FN:15,(anonymous_2)
FNF:3
FNH:3
FNDA:9,requireVerifiedAgentFactory
FNDA:9,requireVerifiedAgent
FNDA:8,(anonymous_2)
DA:1,1
DA:4,1
DA:5,9
DA:6,9
DA:7,9
DA:9,8
DA:16,8
DA:17,7
DA:19,6
DA:23,6
DA:25,6
DA:27,4
DA:28,2
DA:36,2
LF:14
LH:14
BRDA:7,0,0,1
BRDA:7,0,1,8
BRDA:16,1,0,1
BRDA:16,1,1,7
BRDA:17,2,0,1
BRDA:17,2,1,6
BRDA:23,3,0,6
BRDA:23,3,1,5
BRDA:25,4,0,2
BRDA:25,4,1,4
BRDA:27,5,0,2
BRDA:27,5,1,2
BRF:12
BRH:12
end_of_record
TN:
SF:routes\admin.js
FN:8,(anonymous_0)
FN:44,(anonymous_1)
FN:51,(anonymous_2)
FN:66,(anonymous_3)
FN:80,(anonymous_4)
FN:96,(anonymous_5)
FN:105,(anonymous_6)
FN:134,(anonymous_7)
FN:144,(anonymous_8)
FN:158,(anonymous_9)
FN:165,(anonymous_10)
FN:171,(anonymous_11)
FN:185,(anonymous_12)
FN:194,(anonymous_13)
FN:277,(anonymous_14)
FN:385,(anonymous_15)
FN:412,(anonymous_16)
FNF:17
FNH:16
FNDA:2,(anonymous_0)
FNDA:2,(anonymous_1)
FNDA:3,(anonymous_2)
FNDA:3,(anonymous_3)
FNDA:3,(anonymous_4)
FNDA:3,(anonymous_5)
FNDA:2,(anonymous_6)
FNDA:2,(anonymous_7)
FNDA:3,(anonymous_8)
FNDA:3,(anonymous_9)
FNDA:0,(anonymous_10)
FNDA:2,(anonymous_11)
FNDA:2,(anonymous_12)
FNDA:4,(anonymous_13)
FNDA:4,(anonymous_14)
FNDA:3,(anonymous_15)
FNDA:3,(anonymous_16)
DA:1,1
DA:2,1
DA:3,1
DA:4,1
DA:5,1
DA:8,1
DA:9,2
DA:44,2
DA:45,2
DA:46,1
DA:51,1
DA:52,3
DA:53,3
DA:55,3
DA:67,3
DA:68,1
DA:71,1
DA:73,2
DA:74,1
DA:80,1
DA:81,3
DA:82,3
DA:83,3
DA:85,3
DA:97,3
DA:98,2
DA:99,1
DA:105,1
DA:106,2
DA:134,2
DA:135,2
DA:136,1
DA:137,1
DA:139,1
DA:144,1
DA:145,3
DA:146,3
DA:147,3
DA:149,3
DA:159,3
DA:160,2
DA:161,1
DA:164,1
DA:165,1
DA:171,1
DA:172,2
DA:173,2
DA:174,2
DA:176,2
DA:186,2
DA:187,2
DA:188,1
DA:194,1
DA:195,4
DA:197,4
DA:198,1
DA:201,3
DA:203,3
DA:204,3
DA:206,3
DA:207,1
DA:208,1
DA:211,3
DA:268,3
DA:269,2
DA:271,1
DA:272,1
DA:277,1
DA:278,4
DA:280,4
DA:281,1
DA:284,3
DA:287,3
DA:300,3
DA:301,1
DA:304,2
DA:306,2
DA:307,1
DA:311,1
DA:330,1
DA:331,1
DA:332,1
DA:333,1
DA:335,1
DA:336,1
DA:337,1
DA:338,1
DA:339,1
DA:340,1
DA:342,1
DA:343,1
DA:344,1
DA:345,1
DA:347,1
DA:348,1
DA:350,1
DA:351,0
DA:353,1
DA:354,1
DA:355,1
DA:356,1
DA:358,1
DA:359,1
DA:361,1
DA:362,0
DA:363,0
DA:366,1
DA:370,1
DA:371,1
DA:372,1
DA:375,1
DA:376,1
DA:377,1
DA:379,0
DA:380,0
DA:385,1
DA:386,3
DA:388,3
DA:389,1
DA:392,2
DA:393,2
DA:395,2
DA:396,1
DA:399,1
DA:404,1
DA:406,0
DA:407,0
DA:412,1
DA:413,3
DA:415,3
DA:416,1
DA:419,2
DA:421,2
DA:423,1
DA:425,1
DA:426,1
DA:430,1
LF:137
LH:130
BRDA:45,0,0,1
BRDA:45,0,1,1
BRDA:67,1,0,1
BRDA:67,1,1,2
BRDA:73,2,0,1
BRDA:73,2,1,1
BRDA:83,3,0,3
BRDA:83,3,1,2
BRDA:95,4,0,3
BRDA:95,4,1,2
BRDA:97,5,0,1
BRDA:97,5,1,2
BRDA:98,6,0,1
BRDA:98,6,1,1
BRDA:135,7,0,1
BRDA:135,7,1,1
BRDA:147,8,0,3
BRDA:147,8,1,3
BRDA:157,9,0,3
BRDA:157,9,1,3
BRDA:159,10,0,1
BRDA:159,10,1,2
BRDA:160,11,0,1
BRDA:160,11,1,1
BRDA:174,12,0,2
BRDA:174,12,1,1
BRDA:184,13,0,2
BRDA:184,13,1,1
BRDA:186,14,0,0
BRDA:186,14,1,2
BRDA:187,15,0,1
BRDA:187,15,1,1
BRDA:197,16,0,1
BRDA:197,16,1,3
BRDA:206,17,0,1
BRDA:206,17,1,2
BRDA:206,18,0,3
BRDA:206,18,1,1
BRDA:280,19,0,1
BRDA:280,19,1,3
BRDA:300,20,0,1
BRDA:300,20,1,2
BRDA:306,21,0,1
BRDA:306,21,1,1
BRDA:350,22,0,0
BRDA:350,22,1,1
BRDA:356,23,0,0
BRDA:356,23,1,1
BRDA:359,24,0,1
BRDA:359,24,1,0
BRDA:361,25,0,0
BRDA:361,25,1,1
BRDA:362,26,0,0
BRDA:362,26,1,0
BRDA:388,27,0,1
BRDA:388,27,1,2
BRDA:395,28,0,1
BRDA:395,28,1,1
BRDA:401,29,0,1
BRDA:401,29,1,1
BRDA:415,30,0,1
BRDA:415,30,1,2
BRF:62
BRH:55
end_of_record
TN:
SF:routes\agents.js
FN:9,(anonymous_0)
FN:42,(anonymous_1)
FN:45,(anonymous_2)
FN:103,(anonymous_3)
FN:109,(anonymous_4)
FN:110,(anonymous_5)
FN:117,(anonymous_6)
FN:117,(anonymous_7)
FN:146,(anonymous_8)
FN:147,(anonymous_9)
FN:169,(anonymous_10)
FN:170,(anonymous_11)
FN:174,(anonymous_12)
FN:174,(anonymous_13)
FN:210,(anonymous_14)
FN:233,(anonymous_15)
FN:242,(anonymous_16)
FN:261,(anonymous_17)
FN:410,(anonymous_18)
FN:490,(anonymous_19)
FN:500,(anonymous_20)
FN:509,(anonymous_21)
FNF:22
FNH:22
FNDA:12,(anonymous_0)
FNDA:2,(anonymous_1)
FNDA:2,(anonymous_2)
FNDA:5,(anonymous_3)
FNDA:2,(anonymous_4)
FNDA:2,(anonymous_5)
FNDA:4,(anonymous_6)
FNDA:4,(anonymous_7)
FNDA:4,(anonymous_8)
FNDA:4,(anonymous_9)
FNDA:1,(anonymous_10)
FNDA:1,(anonymous_11)
FNDA:2,(anonymous_12)
FNDA:2,(anonymous_13)
FNDA:6,(anonymous_14)
FNDA:3,(anonymous_15)
FNDA:3,(anonymous_16)
FNDA:11,(anonymous_17)
FNDA:7,(anonymous_18)
FNDA:3,(anonymous_19)
FNDA:3,(anonymous_20)
FNDA:6,(anonymous_21)
DA:1,1
DA:2,1
DA:3,1
DA:4,1
DA:5,1
DA:6,1
DA:9,1
DA:24,12
DA:26,12
DA:27,1
DA:31,11
DA:32,11
DA:33,1
DA:36,10
DA:37,10
DA:40,10
DA:41,10
DA:42,2
DA:45,2
DA:48,10
DA:49,10
DA:51,10
DA:53,10
DA:54,6
DA:55,6
DA:56,6
DA:57,6
DA:58,6
DA:60,6
DA:61,1
DA:63,5
DA:64,1
DA:68,4
DA:69,1
DA:70,1
DA:74,3
DA:75,2
DA:76,1
DA:78,1
DA:79,1
DA:83,1
DA:92,5
DA:93,5
DA:94,5
DA:95,5
DA:96,5
DA:100,5
DA:103,5
DA:104,5
DA:105,1
DA:106,1
DA:109,4
DA:110,2
DA:111,2
DA:112,2
DA:116,4
DA:117,4
DA:119,4
DA:130,4
DA:146,4
DA:147,4
DA:150,2
DA:153,2
DA:154,1
DA:160,1
DA:169,1
DA:170,1
DA:174,2
DA:175,2
DA:178,2
DA:179,2
DA:181,0
DA:184,2
DA:192,2
DA:195,2
DA:196,1
DA:199,1
DA:204,0
DA:205,0
DA:210,1
DA:211,6
DA:212,6
DA:214,6
DA:215,1
DA:218,5
DA:219,5
DA:220,1
DA:223,4
DA:224,1
DA:227,3
DA:234,3
DA:235,2
DA:236,1
DA:242,1
DA:243,3
DA:244,3
DA:245,3
DA:253,2
DA:255,1
DA:256,1
DA:261,1
DA:262,11
DA:263,11
DA:271,11
DA:274,11
DA:281,10
DA:283,9
DA:284,9
DA:285,9
DA:286,1
DA:290,8
DA:291,8
DA:292,8
DA:294,7
DA:295,7
DA:297,6
DA:298,6
DA:299,6
DA:301,6
DA:302,1
DA:303,1
DA:307,5
DA:308,2
DA:309,1
DA:313,3
DA:322,3
DA:324,3
DA:333,3
DA:341,3
DA:342,3
DA:343,3
DA:345,3
DA:346,2
DA:364,1
DA:366,1
DA:378,1
DA:381,2
DA:382,2
DA:393,2
DA:394,2
DA:396,2
DA:398,1
DA:399,1
DA:400,1
DA:401,1
DA:404,1
DA:405,1
DA:410,1
DA:411,7
DA:412,7
DA:413,7
DA:415,7
DA:416,1
DA:420,6
DA:421,1
DA:425,5
DA:427,5
DA:428,1
DA:436,5
DA:441,4
DA:442,1
DA:445,3
DA:446,3
DA:448,3
DA:449,1
DA:453,2
DA:461,2
DA:462,1
DA:465,1
DA:468,1
DA:477,1
DA:484,1
DA:485,1
DA:490,1
DA:491,3
DA:493,3
DA:501,3
DA:502,2
DA:503,1
DA:509,1
DA:510,6
DA:511,6
DA:513,6
DA:521,5
DA:523,4
DA:524,4
DA:526,4
DA:528,3
DA:529,1
DA:532,2
DA:541,2
DA:542,2
DA:544,1
DA:554,1
DA:556,1
DA:557,1
DA:561,1
LF:197
LH:194
BRDA:26,0,0,1
BRDA:26,0,1,11
BRDA:26,1,0,12
BRDA:26,1,1,12
BRDA:26,1,2,11
BRDA:26,1,3,11
BRDA:26,1,4,11
BRDA:26,1,5,11
BRDA:32,2,0,1
BRDA:32,2,1,10
BRDA:32,3,0,11
BRDA:32,3,1,10
BRDA:37,4,0,7
BRDA:37,4,1,3
BRDA:40,5,0,1
BRDA:40,5,1,9
BRDA:41,6,0,10
BRDA:41,6,1,0
BRDA:42,7,0,2
BRDA:42,7,1,0
BRDA:53,8,0,6
BRDA:53,8,1,4
BRDA:53,9,0,10
BRDA:53,9,1,6
BRDA:54,10,0,6
BRDA:54,10,1,0
BRDA:55,11,0,1
BRDA:55,11,1,5
BRDA:56,12,0,6
BRDA:56,12,1,1
BRDA:57,13,0,1
BRDA:57,13,1,5
BRDA:58,14,0,0
BRDA:58,14,1,6
BRDA:60,15,0,1
BRDA:60,15,1,5
BRDA:63,16,0,1
BRDA:63,16,1,4
BRDA:68,17,0,1
BRDA:68,17,1,3
BRDA:69,18,0,1
BRDA:69,18,1,0
BRDA:69,19,0,1
BRDA:69,19,1,1
BRDA:74,20,0,2
BRDA:74,20,1,1
BRDA:75,21,0,1
BRDA:75,21,1,1
BRDA:78,22,0,1
BRDA:78,22,1,0
BRDA:85,23,0,0
BRDA:85,23,1,1
BRDA:87,24,0,0
BRDA:87,24,1,1
BRDA:88,25,0,0
BRDA:88,25,1,1
BRDA:94,26,0,5
BRDA:94,26,1,0
BRDA:100,27,0,1
BRDA:100,27,1,4
BRDA:100,28,0,5
BRDA:100,28,1,4
BRDA:104,29,0,1
BRDA:104,29,1,4
BRDA:117,30,0,0
BRDA:117,30,1,4
BRDA:135,31,0,4
BRDA:135,31,1,4
BRDA:139,32,0,0
BRDA:139,32,1,4
BRDA:139,33,0,0
BRDA:139,33,1,0
BRDA:140,34,0,1
BRDA:140,34,1,3
BRDA:147,35,0,2
BRDA:147,35,1,2
BRDA:153,36,0,1
BRDA:153,36,1,1
BRDA:153,37,0,2
BRDA:153,37,1,1
BRDA:170,38,0,0
BRDA:170,38,1,1
BRDA:174,39,0,0
BRDA:174,39,1,2
BRDA:195,40,0,1
BRDA:195,40,1,1
BRDA:195,41,0,2
BRDA:195,41,1,2
BRDA:214,42,0,1
BRDA:214,42,1,5
BRDA:214,43,0,6
BRDA:214,43,1,5
BRDA:219,44,0,1
BRDA:219,44,1,4
BRDA:219,45,0,5
BRDA:219,45,1,4
BRDA:223,46,0,1
BRDA:223,46,1,3
BRDA:234,47,0,1
BRDA:234,47,1,2
BRDA:235,48,0,1
BRDA:235,48,1,1
BRDA:253,49,0,2
BRDA:253,49,1,1
BRDA:271,50,0,11
BRDA:271,50,1,0
BRDA:281,51,0,1
BRDA:281,51,1,9
BRDA:285,52,0,1
BRDA:285,52,1,8
BRDA:291,53,0,8
BRDA:291,53,1,0
BRDA:292,54,0,1
BRDA:292,54,1,7
BRDA:294,55,0,7
BRDA:294,55,1,1
BRDA:295,56,0,1
BRDA:295,56,1,6
BRDA:297,57,0,1
BRDA:297,57,1,5
BRDA:298,58,0,1
BRDA:298,58,1,5
BRDA:299,59,0,0
BRDA:299,59,1,6
BRDA:301,60,0,1
BRDA:301,60,1,5
BRDA:302,61,0,1
BRDA:302,61,1,0
BRDA:302,62,0,1
BRDA:302,62,1,1
BRDA:307,63,0,2
BRDA:307,63,1,3
BRDA:308,64,0,1
BRDA:308,64,1,1
BRDA:309,65,0,1
BRDA:309,65,1,0
BRDA:322,66,0,3
BRDA:322,66,1,1
BRDA:326,67,0,0
BRDA:326,67,1,3
BRDA:328,68,0,0
BRDA:328,68,1,3
BRDA:329,69,0,0
BRDA:329,69,1,3
BRDA:333,70,0,3
BRDA:333,70,1,2
BRDA:333,70,2,2
BRDA:333,70,3,2
BRDA:333,70,4,0
BRDA:333,70,5,0
BRDA:334,71,0,2
BRDA:334,71,1,0
BRDA:335,72,0,2
BRDA:335,72,1,2
BRDA:335,73,0,2
BRDA:335,73,1,2
BRDA:336,74,0,2
BRDA:336,74,1,0
BRDA:337,75,0,0
BRDA:337,75,1,0
BRDA:337,76,0,0
BRDA:337,76,1,0
BRDA:338,77,0,0
BRDA:338,77,1,0
BRDA:338,78,0,0
BRDA:338,78,1,0
BRDA:345,79,0,2
BRDA:345,79,1,1
BRDA:381,80,0,2
BRDA:381,80,1,0
BRDA:415,81,0,1
BRDA:415,81,1,6
BRDA:415,82,0,7
BRDA:415,82,1,6
BRDA:420,83,0,1
BRDA:420,83,1,5
BRDA:425,84,0,0
BRDA:425,84,1,5
BRDA:427,85,0,1
BRDA:427,85,1,4
BRDA:441,86,0,1
BRDA:441,86,1,3
BRDA:441,87,0,4
BRDA:441,87,1,4
BRDA:448,88,0,1
BRDA:448,88,1,2
BRDA:461,89,0,1
BRDA:461,89,1,1
BRDA:461,90,0,2
BRDA:461,90,1,2
BRDA:474,91,0,1
BRDA:474,91,1,1
BRDA:501,92,0,1
BRDA:501,92,1,2
BRDA:502,93,0,1
BRDA:502,93,1,1
BRDA:502,94,0,2
BRDA:502,94,1,2
BRDA:521,95,0,1
BRDA:521,95,1,4
BRDA:526,96,0,1
BRDA:526,96,1,3
BRDA:528,97,0,1
BRDA:528,97,1,2
BRDA:541,98,0,1
BRDA:541,98,1,1
BRDA:542,99,0,1
BRDA:542,99,1,1
BRF:208
BRH:170
end_of_record
TN:
SF:routes\ai.js
FN:16,optionalAuth
FN:21,(anonymous_1)
FN:29,userKeyGenerator
FN:40,(anonymous_3)
FN:41,(anonymous_4)
FN:51,(anonymous_5)
FN:52,(anonymous_6)
FN:58,(anonymous_7)
FN:62,(anonymous_8)
FN:63,(anonymous_9)
FN:67,q
FN:68,(anonymous_11)
FN:69,(anonymous_12)
FN:74,getUserContextCached
FN:82,(anonymous_14)
FN:83,(anonymous_15)
FN:84,(anonymous_16)
FN:85,(anonymous_17)
FN:122,(anonymous_18)
FN:177,(anonymous_19)
FN:237,(anonymous_20)
FN:254,(anonymous_21)
FN:271,(anonymous_22)
FN:273,(anonymous_23)
FN:274,(anonymous_24)
FN:275,(anonymous_25)
FN:393,(anonymous_26)
FN:394,(anonymous_27)
FN:404,(anonymous_28)
FN:405,(anonymous_29)
FN:490,(anonymous_30)
FN:524,(anonymous_31)
FN:524,(anonymous_32)
FN:527,(anonymous_33)
FN:527,(anonymous_34)
FN:531,(anonymous_35)
FN:531,(anonymous_36)
FN:555,(anonymous_37)
FN:581,(anonymous_38)
FN:583,(anonymous_39)
FN:591,(anonymous_40)
FN:642,(anonymous_41)
FN:675,(anonymous_42)
FN:693,(anonymous_43)
FN:744,(anonymous_44)
FN:761,(anonymous_45)
FNF:46
FNH:34
FNDA:11,optionalAuth
FNDA:4,(anonymous_1)
FNDA:0,userKeyGenerator
FNDA:0,(anonymous_3)
FNDA:0,(anonymous_4)
FNDA:0,(anonymous_5)
FNDA:0,(anonymous_6)
FNDA:0,(anonymous_7)
FNDA:0,(anonymous_8)
FNDA:0,(anonymous_9)
FNDA:52,q
FNDA:52,(anonymous_11)
FNDA:52,(anonymous_12)
FNDA:5,getUserContextCached
FNDA:0,(anonymous_14)
FNDA:0,(anonymous_15)
FNDA:0,(anonymous_16)
FNDA:0,(anonymous_17)
FNDA:5,(anonymous_18)
FNDA:20,(anonymous_19)
FNDA:16,(anonymous_20)
FNDA:42,(anonymous_21)
FNDA:42,(anonymous_22)
FNDA:40,(anonymous_23)
FNDA:42,(anonymous_24)
FNDA:40,(anonymous_25)
FNDA:2,(anonymous_26)
FNDA:2,(anonymous_27)
FNDA:2,(anonymous_28)
FNDA:1,(anonymous_29)
FNDA:40,(anonymous_30)
FNDA:30,(anonymous_31)
FNDA:30,(anonymous_32)
FNDA:6,(anonymous_33)
FNDA:6,(anonymous_34)
FNDA:4,(anonymous_35)
FNDA:4,(anonymous_36)
FNDA:8,(anonymous_37)
FNDA:1,(anonymous_38)
FNDA:1,(anonymous_39)
FNDA:1,(anonymous_40)
FNDA:2,(anonymous_41)
FNDA:3,(anonymous_42)
FNDA:2,(anonymous_43)
FNDA:3,(anonymous_44)
FNDA:3,(anonymous_45)
DA:5,1
DA:6,1
DA:7,1
DA:8,1
DA:9,1
DA:10,1
DA:11,1
DA:12,1
DA:13,1
DA:17,11
DA:18,11
DA:19,11
DA:21,4
DA:22,4
DA:23,4
DA:30,0
DA:33,1
DA:40,0
DA:41,0
DA:44,1
DA:51,0
DA:52,0
DA:55,1
DA:58,0
DA:62,0
DA:63,0
DA:68,52
DA:69,52
DA:75,5
DA:76,5
DA:77,5
DA:78,5
DA:81,4
DA:82,0
DA:83,0
DA:84,0
DA:85,0
DA:88,4
DA:95,4
DA:96,4
DA:100,1
DA:105,1
DA:122,1
DA:123,5
DA:125,5
DA:127,5
DA:128,1
DA:131,4
DA:132,4
DA:135,4
DA:136,4
DA:137,0
DA:138,0
DA:142,4
DA:146,4
DA:161,4
DA:162,4
DA:163,4
DA:169,4
DA:176,4
DA:177,20
DA:178,4
DA:183,4
DA:184,4
DA:185,4
DA:186,4
DA:190,4
DA:207,4
DA:209,4
DA:215,2
DA:216,2
DA:217,1
DA:218,1
DA:219,1
DA:220,0
DA:224,2
DA:226,2
DA:227,2
DA:228,1
DA:230,1
DA:237,1
DA:238,16
DA:240,16
DA:241,16
DA:242,16
DA:243,1
DA:246,15
DA:248,15
DA:249,1
DA:253,14
DA:254,14
DA:255,42
DA:256,42
DA:257,1
DA:258,1
DA:260,41
DA:261,1
DA:263,40
DA:264,1
DA:266,39
DA:270,14
DA:271,42
DA:272,14
DA:273,40
DA:274,42
DA:275,40
DA:278,14
DA:279,14
DA:280,14
DA:282,14
DA:290,14
DA:291,14
DA:292,3
DA:293,3
DA:348,3
DA:351,14
DA:352,14
DA:353,14
DA:358,14
DA:359,14
DA:360,3
DA:362,3
DA:363,3
DA:364,3
DA:365,3
DA:366,1
DA:367,1
DA:368,1
DA:369,1
DA:370,1
DA:372,3
DA:373,3
DA:374,3
DA:375,3
DA:376,3
DA:377,1
DA:383,14
DA:384,14
DA:385,3
DA:392,3
DA:393,2
DA:394,2
DA:395,2
DA:396,1
DA:397,1
DA:398,1
DA:401,1
DA:404,3
DA:405,2
DA:409,14
DA:410,14
DA:411,14
DA:413,14
DA:476,14
DA:478,14
DA:484,12
DA:485,12
DA:486,12
DA:487,12
DA:490,40
DA:491,12
DA:494,12
DA:495,12
DA:496,1
DA:497,1
DA:498,1
DA:499,1
DA:500,1
DA:501,11
DA:502,1
DA:506,12
DA:507,12
DA:508,1
DA:509,1
DA:510,1
DA:511,11
DA:512,1
DA:516,12
DA:524,30
DA:525,12
DA:527,6
DA:529,12
DA:531,4
DA:533,12
DA:535,12
DA:536,1
DA:539,11
DA:540,11
DA:541,11
DA:542,11
DA:544,2
DA:545,2
DA:546,1
DA:548,1
DA:555,1
DA:556,8
DA:557,8
DA:558,8
DA:560,8
DA:561,1
DA:565,7
DA:566,7
DA:568,2
DA:571,2
DA:575,2
DA:579,7
DA:580,7
DA:581,1
DA:582,1
DA:583,1
DA:584,1
DA:589,1
DA:590,1
DA:592,1
DA:594,1
DA:600,7
DA:601,7
DA:602,2
DA:603,2
DA:607,2
DA:608,1
DA:613,7
DA:640,7
DA:642,2
DA:645,6
DA:648,7
DA:654,5
DA:655,2
DA:660,5
DA:662,2
DA:663,2
DA:664,1
DA:666,1
DA:675,1
DA:676,3
DA:677,3
DA:678,3
DA:679,1
DA:684,2
DA:685,2
DA:687,0
DA:688,0
DA:693,1
DA:694,2
DA:695,2
DA:696,2
DA:708,2
DA:710,2
DA:734,1
DA:736,1
DA:738,1
DA:739,1
DA:744,1
DA:745,3
DA:746,3
DA:747,3
DA:749,2
DA:753,1
DA:755,1
DA:756,1
DA:761,1
DA:762,3
DA:763,3
DA:764,3
DA:765,2
DA:766,1
DA:773,2
DA:775,1
DA:776,1
DA:780,1
LF:270
LH:253
BRDA:18,0,0,11
BRDA:18,0,1,4
BRDA:19,1,0,7
BRDA:19,1,1,4
BRDA:22,2,0,4
BRDA:22,2,1,0
BRDA:30,3,0,0
BRDA:30,3,1,0
BRDA:58,4,0,0
BRDA:58,4,1,0
BRDA:69,5,0,3
BRDA:69,5,1,49
BRDA:74,6,0,2
BRDA:78,7,0,1
BRDA:78,7,1,4
BRDA:89,8,0,4
BRDA:89,8,1,3
BRDA:90,9,0,4
BRDA:90,9,1,3
BRDA:91,10,0,4
BRDA:91,10,1,3
BRDA:92,11,0,4
BRDA:92,11,1,3
BRDA:127,12,0,1
BRDA:127,12,1,4
BRDA:127,13,0,5
BRDA:127,13,1,4
BRDA:131,14,0,4
BRDA:131,14,1,0
BRDA:131,15,0,0
BRDA:131,15,1,0
BRDA:132,16,0,4
BRDA:132,16,1,0
BRDA:136,17,0,0
BRDA:136,17,1,4
BRDA:136,18,0,4
BRDA:136,18,1,0
BRDA:138,19,0,0
BRDA:138,19,1,0
BRDA:138,20,0,0
BRDA:138,20,1,0
BRDA:142,21,0,0
BRDA:142,21,1,4
BRDA:143,22,0,0
BRDA:143,22,1,0
BRDA:144,23,0,1
BRDA:144,23,1,3
BRDA:149,24,0,1
BRDA:149,24,1,3
BRDA:150,25,0,0
BRDA:150,25,1,4
BRDA:151,26,0,0
BRDA:151,26,1,4
BRDA:152,27,0,0
BRDA:152,27,1,4
BRDA:153,28,0,0
BRDA:153,28,1,4
BRDA:154,29,0,0
BRDA:154,29,1,4
BRDA:155,30,0,0
BRDA:155,30,1,4
BRDA:156,31,0,0
BRDA:156,31,1,4
BRDA:157,32,0,0
BRDA:157,32,1,4
BRDA:161,33,0,4
BRDA:161,33,1,3
BRDA:162,34,0,4
BRDA:162,34,1,4
BRDA:163,35,0,0
BRDA:163,35,1,4
BRDA:163,36,0,4
BRDA:163,36,1,4
BRDA:163,36,2,4
BRDA:163,36,3,0
BRDA:165,37,0,0
BRDA:165,37,1,4
BRDA:165,38,0,4
BRDA:165,38,1,4
BRDA:165,38,2,1
BRDA:165,38,3,4
BRDA:165,38,4,0
BRDA:165,38,5,0
BRDA:169,39,0,0
BRDA:169,39,1,4
BRDA:171,40,0,0
BRDA:171,40,1,4
BRDA:177,41,0,20
BRDA:177,41,1,0
BRDA:178,42,0,0
BRDA:178,42,1,4
BRDA:186,43,0,4
BRDA:186,43,1,0
BRDA:216,44,0,1
BRDA:216,44,1,1
BRDA:219,45,0,0
BRDA:219,45,1,1
BRDA:227,46,0,1
BRDA:227,46,1,1
BRDA:242,47,0,1
BRDA:242,47,1,15
BRDA:242,48,0,16
BRDA:242,48,1,16
BRDA:242,48,2,15
BRDA:248,49,0,1
BRDA:248,49,1,14
BRDA:248,50,0,15
BRDA:248,50,1,14
BRDA:248,50,2,14
BRDA:255,51,0,14
BRDA:255,51,1,28
BRDA:255,52,0,14
BRDA:255,52,1,11
BRDA:255,53,0,28
BRDA:255,53,1,24
BRDA:256,54,0,1
BRDA:256,54,1,41
BRDA:256,55,0,42
BRDA:256,55,1,1
BRDA:257,56,0,0
BRDA:257,56,1,1
BRDA:257,57,0,0
BRDA:257,57,1,1
BRDA:258,58,0,1
BRDA:258,58,1,0
BRDA:258,59,0,1
BRDA:258,59,1,0
BRDA:258,60,0,0
BRDA:258,60,1,1
BRDA:260,61,0,1
BRDA:260,61,1,40
BRDA:261,62,0,0
BRDA:261,62,1,1
BRDA:263,63,0,1
BRDA:263,63,1,39
BRDA:264,64,0,1
BRDA:264,64,1,0
BRDA:264,65,0,0
BRDA:264,65,1,1
BRDA:274,66,0,42
BRDA:274,66,1,1
BRDA:275,67,0,40
BRDA:275,67,1,1
BRDA:279,68,0,7
BRDA:279,68,1,7
BRDA:280,69,0,1
BRDA:280,69,1,13
BRDA:280,70,0,14
BRDA:280,70,1,1
BRDA:291,71,0,3
BRDA:291,71,1,11
BRDA:294,72,0,3
BRDA:294,72,1,0
BRDA:295,73,0,2
BRDA:295,73,1,1
BRDA:295,74,0,1
BRDA:295,74,1,0
BRDA:295,75,0,0
BRDA:295,75,1,0
BRDA:296,76,0,0
BRDA:296,76,1,3
BRDA:297,77,0,2
BRDA:297,77,1,1
BRDA:298,78,0,1
BRDA:298,78,1,2
BRDA:299,79,0,0
BRDA:299,79,1,3
BRDA:301,80,0,0
BRDA:301,80,1,3
BRDA:302,81,0,0
BRDA:302,81,1,3
BRDA:303,82,0,0
BRDA:303,82,1,3
BRDA:304,83,0,0
BRDA:304,83,1,3
BRDA:305,84,0,0
BRDA:305,84,1,3
BRDA:306,85,0,0
BRDA:306,85,1,3
BRDA:307,86,0,0
BRDA:307,86,1,3
BRDA:309,87,0,0
BRDA:309,87,1,3
BRDA:310,88,0,0
BRDA:310,88,1,3
BRDA:311,89,0,0
BRDA:311,89,1,3
BRDA:312,90,0,0
BRDA:312,90,1,3
BRDA:313,91,0,0
BRDA:313,91,1,3
BRDA:314,92,0,0
BRDA:314,92,1,3
BRDA:315,93,0,0
BRDA:315,93,1,3
BRDA:316,94,0,0
BRDA:316,94,1,3
BRDA:317,95,0,0
BRDA:317,95,1,3
BRDA:318,96,0,0
BRDA:318,96,1,3
BRDA:319,97,0,0
BRDA:319,97,1,3
BRDA:320,98,0,0
BRDA:320,98,1,3
BRDA:321,99,0,0
BRDA:321,99,1,3
BRDA:322,100,0,0
BRDA:322,100,1,3
BRDA:324,101,0,0
BRDA:324,101,1,3
BRDA:325,102,0,0
BRDA:325,102,1,3
BRDA:326,103,0,0
BRDA:326,103,1,3
BRDA:327,104,0,0
BRDA:327,104,1,3
BRDA:328,105,0,0
BRDA:328,105,1,3
BRDA:329,106,0,0
BRDA:329,106,1,3
BRDA:330,107,0,0
BRDA:330,107,1,3
BRDA:331,108,0,0
BRDA:331,108,1,3
BRDA:332,109,0,0
BRDA:332,109,1,3
BRDA:334,110,0,0
BRDA:334,110,1,3
BRDA:335,111,0,0
BRDA:335,111,1,3
BRDA:336,112,0,0
BRDA:336,112,1,3
BRDA:337,113,0,0
BRDA:337,113,1,3
BRDA:339,114,0,0
BRDA:339,114,1,3
BRDA:340,115,0,0
BRDA:340,115,1,3
BRDA:341,116,0,0
BRDA:341,116,1,3
BRDA:343,117,0,0
BRDA:343,117,1,3
BRDA:344,118,0,0
BRDA:344,118,1,3
BRDA:345,119,0,0
BRDA:345,119,1,3
BRDA:346,120,0,0
BRDA:346,120,1,3
BRDA:348,121,0,3
BRDA:348,121,1,0
BRDA:351,122,0,14
BRDA:351,122,1,12
BRDA:352,123,0,14
BRDA:352,123,1,13
BRDA:353,124,0,0
BRDA:353,124,1,14
BRDA:354,125,0,0
BRDA:354,125,1,0
BRDA:354,126,0,0
BRDA:354,126,1,0
BRDA:359,127,0,3
BRDA:359,127,1,11
BRDA:365,128,0,1
BRDA:365,128,1,2
BRDA:366,129,0,1
BRDA:366,129,1,0
BRDA:366,130,0,1
BRDA:366,130,1,0
BRDA:366,131,0,0
BRDA:366,131,1,0
BRDA:367,132,0,1
BRDA:367,132,1,0
BRDA:368,133,0,1
BRDA:368,133,1,0
BRDA:368,134,0,1
BRDA:368,134,1,0
BRDA:368,135,0,1
BRDA:368,135,1,0
BRDA:369,136,0,1
BRDA:369,136,1,0
BRDA:369,137,0,1
BRDA:369,137,1,1
BRDA:370,138,0,1
BRDA:370,138,1,0
BRDA:370,139,0,1
BRDA:370,139,1,1
BRDA:370,140,0,1
BRDA:370,140,1,0
BRDA:370,141,0,0
BRDA:370,141,1,0
BRDA:372,142,0,1
BRDA:372,142,1,2
BRDA:373,143,0,1
BRDA:373,143,1,2
BRDA:374,144,0,1
BRDA:374,144,1,2
BRDA:375,145,0,1
BRDA:375,145,1,2
BRDA:376,146,0,1
BRDA:376,146,1,2
BRDA:384,147,0,3
BRDA:384,147,1,11
BRDA:384,148,0,14
BRDA:384,148,1,3
BRDA:392,149,0,2
BRDA:392,149,1,1
BRDA:395,150,0,1
BRDA:395,150,1,1
BRDA:397,151,0,1
BRDA:397,151,1,0
BRDA:404,152,0,1
BRDA:404,152,1,2
BRDA:405,153,0,1
BRDA:405,153,1,1
BRDA:413,154,0,2
BRDA:413,154,1,12
BRDA:413,155,0,1
BRDA:413,155,1,13
BRDA:495,156,0,1
BRDA:495,156,1,11
BRDA:495,157,0,12
BRDA:495,157,1,1
BRDA:499,158,0,0
BRDA:499,158,1,1
BRDA:501,159,0,1
BRDA:501,159,1,10
BRDA:501,160,0,11
BRDA:501,160,1,1
BRDA:507,161,0,1
BRDA:507,161,1,11
BRDA:511,162,0,1
BRDA:511,162,1,10
BRDA:525,163,0,3
BRDA:525,163,1,9
BRDA:529,164,0,2
BRDA:529,164,1,10
BRDA:535,165,0,1
BRDA:535,165,1,11
BRDA:540,166,0,2
BRDA:540,166,1,9
BRDA:541,167,0,2
BRDA:541,167,1,9
BRDA:545,168,0,1
BRDA:545,168,1,1
BRDA:557,169,0,8
BRDA:557,169,1,6
BRDA:560,170,0,1
BRDA:560,170,1,7
BRDA:560,171,0,8
BRDA:560,171,1,7
BRDA:560,171,2,7
BRDA:566,172,0,2
BRDA:566,172,1,5
BRDA:580,173,0,1
BRDA:580,173,1,6
BRDA:580,174,0,7
BRDA:580,174,1,2
BRDA:580,174,2,1
BRDA:580,174,3,1
BRDA:582,175,0,1
BRDA:582,175,1,0
BRDA:589,176,0,1
BRDA:589,176,1,0
BRDA:592,177,0,1
BRDA:592,177,1,0
BRDA:593,178,0,0
BRDA:593,178,1,0
BRDA:594,179,0,1
BRDA:594,179,1,0
BRDA:594,180,0,1
BRDA:594,180,1,0
BRDA:601,181,0,2
BRDA:601,181,1,5
BRDA:607,182,0,1
BRDA:607,182,1,1
BRDA:640,183,0,1
BRDA:640,183,1,6
BRDA:654,184,0,2
BRDA:654,184,1,3
BRDA:663,185,0,1
BRDA:663,185,1,1
BRDA:678,186,0,1
BRDA:678,186,1,2
BRDA:678,187,0,3
BRDA:678,187,1,2
BRDA:696,188,0,0
BRDA:696,188,1,2
BRDA:723,189,0,2
BRDA:723,189,1,0
BRDA:724,190,0,2
BRDA:724,190,1,0
BRDA:725,191,0,0
BRDA:725,191,1,2
BRDA:726,192,0,2
BRDA:726,192,1,2
BRDA:727,193,0,2
BRDA:727,193,1,2
BRDA:728,194,0,2
BRDA:728,194,1,2
BRDA:729,195,0,2
BRDA:729,195,1,2
BRDA:747,196,0,1
BRDA:747,196,1,2
BRDA:765,197,0,1
BRDA:765,197,1,1
BRF:406
BRH:282
end_of_record
TN:
SF:routes\appointments.js
FN:8,timeToMin
FN:14,slotOverlapsCalBlocks
FN:15,(anonymous_2)
FN:24,hasCalendarConflict
FN:36,(anonymous_4)
FN:59,(anonymous_5)
FN:59,(anonymous_6)
FN:72,(anonymous_7)
FN:83,(anonymous_8)
FN:85,(anonymous_9)
FN:104,(anonymous_10)
FN:130,(anonymous_11)
FN:149,(anonymous_12)
FN:176,(anonymous_13)
FN:282,(anonymous_14)
FN:337,(anonymous_15)
FN:366,(anonymous_16)
FN:385,(anonymous_17)
FN:454,(anonymous_18)
FN:514,(anonymous_19)
FN:565,(anonymous_20)
FN:608,(anonymous_21)
FN:661,(anonymous_22)
FN:720,(anonymous_23)
FN:760,(anonymous_24)
FN:775,(anonymous_25)
FN:776,(anonymous_26)
FN:799,(anonymous_27)
FN:808,(anonymous_28)
FN:845,handleAvailableSlots
FN:869,(anonymous_30)
FN:876,(anonymous_31)
FN:877,(anonymous_32)
FN:895,(anonymous_33)
FN:906,(anonymous_34)
FN:930,(anonymous_35)
FN:931,(anonymous_36)
FN:955,(anonymous_37)
FN:967,(anonymous_38)
FN:992,(anonymous_39)
FN:1001,(anonymous_40)
FN:1009,(anonymous_41)
FN:1023,(anonymous_42)
FN:1046,(anonymous_43)
FN:1047,(anonymous_44)
FN:1069,(anonymous_45)
FNF:46
FNH:34
FNDA:9,timeToMin
FNDA:23,slotOverlapsCalBlocks
FNDA:3,(anonymous_2)
FNDA:9,hasCalendarConflict
FNDA:4,(anonymous_4)
FNDA:1,(anonymous_5)
FNDA:1,(anonymous_6)
FNDA:1,(anonymous_7)
FNDA:1,(anonymous_8)
FNDA:1,(anonymous_9)
FNDA:3,(anonymous_10)
FNDA:3,(anonymous_11)
FNDA:2,(anonymous_12)
FNDA:7,(anonymous_13)
FNDA:12,(anonymous_14)
FNDA:2,(anonymous_15)
FNDA:0,(anonymous_16)
FNDA:1,(anonymous_17)
FNDA:5,(anonymous_18)
FNDA:4,(anonymous_19)
FNDA:3,(anonymous_20)
FNDA:5,(anonymous_21)
FNDA:7,(anonymous_22)
FNDA:5,(anonymous_23)
FNDA:5,(anonymous_24)
FNDA:3,(anonymous_25)
FNDA:4,(anonymous_26)
FNDA:0,(anonymous_27)
FNDA:0,(anonymous_28)
FNDA:6,handleAvailableSlots
FNDA:4,(anonymous_30)
FNDA:3,(anonymous_31)
FNDA:4,(anonymous_32)
FNDA:0,(anonymous_33)
FNDA:0,(anonymous_34)
FNDA:0,(anonymous_35)
FNDA:0,(anonymous_36)
FNDA:4,(anonymous_37)
FNDA:3,(anonymous_38)
FNDA:0,(anonymous_39)
FNDA:2,(anonymous_40)
FNDA:0,(anonymous_41)
FNDA:0,(anonymous_42)
FNDA:0,(anonymous_43)
FNDA:0,(anonymous_44)
FNDA:9,(anonymous_45)
DA:1,1
DA:2,1
DA:3,1
DA:4,1
DA:5,1
DA:9,9
DA:10,9
DA:15,23
DA:16,3
DA:17,3
DA:18,3
DA:19,3
DA:25,9
DA:29,9
DA:30,3
DA:31,3
DA:32,3
DA:36,1
DA:37,4
DA:38,4
DA:41,4
DA:45,3
DA:46,1
DA:49,2
DA:50,2
DA:51,1
DA:55,1
DA:59,1
DA:62,1
DA:63,1
DA:64,1
DA:65,1
DA:66,1
DA:72,1
DA:73,1
DA:74,1
DA:81,1
DA:82,1
DA:83,1
DA:84,1
DA:85,1
DA:88,1
DA:96,1
DA:98,1
DA:99,1
DA:104,1
DA:105,3
DA:106,3
DA:107,3
DA:109,3
DA:115,2
DA:116,1
DA:122,2
DA:124,1
DA:125,1
DA:130,1
DA:131,3
DA:132,3
DA:133,3
DA:134,3
DA:135,1
DA:137,2
DA:141,1
DA:143,1
DA:144,1
DA:149,1
DA:150,2
DA:151,2
DA:152,2
DA:154,2
DA:159,2
DA:160,1
DA:163,1
DA:168,1
DA:170,0
DA:171,0
DA:176,1
DA:177,7
DA:178,7
DA:179,7
DA:181,7
DA:182,1
DA:186,6
DA:191,5
DA:192,1
DA:195,4
DA:196,4
DA:199,4
DA:200,1
DA:204,3
DA:205,3
DA:206,0
DA:210,3
DA:221,3
DA:222,1
DA:226,2
DA:227,1
DA:231,1
DA:238,1
DA:239,1
DA:243,1
DA:245,1
DA:256,0
DA:260,1
DA:261,1
DA:267,0
DA:270,1
DA:276,1
DA:277,1
DA:282,1
DA:283,12
DA:284,12
DA:285,12
DA:287,12
DA:288,1
DA:292,11
DA:296,10
DA:297,1
DA:301,9
DA:305,9
DA:306,1
DA:308,8
DA:309,1
DA:313,7
DA:314,7
DA:315,0
DA:319,7
DA:326,7
DA:327,1
DA:331,6
DA:337,6
DA:338,6
DA:339,1
DA:347,6
DA:351,6
DA:352,6
DA:353,6
DA:354,6
DA:355,6
DA:356,6
DA:357,6
DA:358,6
DA:360,6
DA:362,1
DA:366,1
DA:367,1
DA:368,1
DA:369,1
DA:370,1
DA:372,1
DA:376,5
DA:380,5
DA:381,1
DA:385,1
DA:386,1
DA:387,1
DA:388,1
DA:389,1
DA:390,1
DA:391,1
DA:392,1
DA:394,1
DA:396,1
DA:400,4
DA:401,1
DA:406,3
DA:413,3
DA:414,3
DA:415,3
DA:416,3
DA:417,3
DA:419,3
DA:430,0
DA:434,3
DA:435,2
DA:436,2
DA:442,0
DA:446,3
DA:448,1
DA:449,1
DA:454,1
DA:455,5
DA:456,5
DA:457,5
DA:459,5
DA:464,4
DA:465,1
DA:468,3
DA:471,3
DA:472,1
DA:475,2
DA:476,1
DA:479,1
DA:485,1
DA:486,1
DA:490,1
DA:492,1
DA:503,0
DA:506,1
DA:508,1
DA:509,1
DA:514,1
DA:515,4
DA:516,4
DA:517,4
DA:519,4
DA:520,4
DA:522,4
DA:523,1
DA:524,1
DA:525,3
DA:526,1
DA:527,1
DA:529,2
DA:530,2
DA:533,4
DA:556,4
DA:557,3
DA:559,1
DA:560,1
DA:565,1
DA:566,3
DA:567,3
DA:568,3
DA:570,3
DA:594,3
DA:596,2
DA:597,1
DA:600,1
DA:602,1
DA:603,1
DA:608,1
DA:609,5
DA:610,5
DA:611,5
DA:613,5
DA:618,4
DA:619,1
DA:622,3
DA:624,3
DA:625,1
DA:628,2
DA:629,1
DA:632,1
DA:638,1
DA:639,1
DA:650,0
DA:653,1
DA:655,1
DA:656,1
DA:661,1
DA:662,7
DA:663,7
DA:664,7
DA:665,7
DA:667,7
DA:672,6
DA:673,1
DA:676,5
DA:679,5
DA:680,1
DA:683,4
DA:684,2
DA:687,2
DA:693,2
DA:697,2
DA:698,2
DA:709,0
DA:712,2
DA:714,1
DA:715,1
DA:720,1
DA:721,5
DA:722,5
DA:723,5
DA:725,5
DA:730,4
DA:731,1
DA:734,3
DA:737,3
DA:738,1
DA:741,2
DA:742,1
DA:745,1
DA:750,1
DA:752,1
DA:753,1
DA:760,1
DA:761,5
DA:762,5
DA:763,5
DA:766,5
DA:767,5
DA:772,4
DA:775,3
DA:776,4
DA:778,3
DA:780,2
DA:781,2
DA:782,2
DA:783,2
DA:784,2
DA:785,2
DA:787,2
DA:789,2
DA:790,2
DA:791,2
DA:792,2
DA:795,2
DA:799,2
DA:802,2
DA:803,2
DA:804,1
DA:808,1
DA:812,2
DA:817,2
DA:818,2
DA:819,2
DA:820,2
DA:821,2
DA:826,0
DA:828,1
DA:829,1
DA:846,6
DA:847,6
DA:848,6
DA:849,1
DA:853,5
DA:854,5
DA:856,5
DA:858,5
DA:859,0
DA:863,5
DA:864,5
DA:869,4
DA:871,4
DA:872,1
DA:876,3
DA:877,4
DA:879,3
DA:881,3
DA:882,1
DA:885,2
DA:886,2
DA:887,2
DA:890,2
DA:895,2
DA:898,2
DA:899,2
DA:900,1
DA:906,1
DA:910,2
DA:916,2
DA:917,2
DA:918,2
DA:919,2
DA:922,2
DA:923,2
DA:924,2
DA:925,2
DA:927,2
DA:928,6
DA:929,6
DA:930,6
DA:931,6
DA:932,6
DA:933,6
DA:935,6
DA:941,2
DA:943,1
DA:944,1
DA:949,1
DA:950,1
DA:955,1
DA:956,4
DA:957,4
DA:958,4
DA:959,4
DA:962,4
DA:963,4
DA:967,3
DA:968,3
DA:969,1
DA:972,2
DA:973,2
DA:974,2
DA:975,2
DA:978,2
DA:979,2
DA:980,28
DA:981,28
DA:982,28
DA:986,2
DA:991,2
DA:992,2
DA:993,0
DA:994,0
DA:995,0
DA:999,2
DA:1000,2
DA:1001,2
DA:1002,1
DA:1003,1
DA:1009,1
DA:1010,0
DA:1011,0
DA:1012,0
DA:1018,2
DA:1022,2
DA:1023,2
DA:1024,0
DA:1025,0
DA:1026,0
DA:1030,2
DA:1031,2
DA:1032,2
DA:1034,2
DA:1035,4
DA:1036,4
DA:1037,4
DA:1038,4
DA:1040,4
DA:1041,4
DA:1043,4
DA:1044,12
DA:1045,12
DA:1046,12
DA:1047,12
DA:1048,12
DA:1049,12
DA:1050,12
DA:1052,12
DA:1053,12
DA:1056,4
DA:1057,2
DA:1061,0
DA:1063,1
DA:1064,1
DA:1069,1
DA:1070,9
DA:1071,9
DA:1072,9
DA:1073,9
DA:1075,9
DA:1076,1
DA:1080,8
DA:1081,8
DA:1082,0
DA:1085,8
DA:1090,7
DA:1091,1
DA:1094,6
DA:1097,6
DA:1098,1
DA:1102,5
DA:1103,1
DA:1107,4
DA:1118,4
DA:1119,1
DA:1123,3
DA:1124,1
DA:1128,2
DA:1130,2
DA:1142,2
DA:1146,2
DA:1147,2
DA:1158,0
DA:1161,2
DA:1163,1
DA:1164,1
DA:1168,1
LF:471
LH:446
BRDA:10,0,0,9
BRDA:10,0,1,9
BRDA:16,1,0,0
BRDA:16,1,1,3
BRDA:19,2,0,3
BRDA:19,2,1,3
BRDA:29,3,0,6
BRDA:29,3,1,3
BRDA:45,4,0,1
BRDA:45,4,1,2
BRDA:45,5,0,3
BRDA:45,5,1,3
BRDA:45,5,2,3
BRDA:50,6,0,1
BRDA:50,6,1,1
BRDA:50,7,0,2
BRDA:50,7,1,1
BRDA:59,8,0,1
BRDA:59,8,1,1
BRDA:64,9,0,1
BRDA:64,9,1,0
BRDA:66,10,0,1
BRDA:66,10,1,0
BRDA:73,11,0,1
BRDA:73,11,1,0
BRDA:82,12,0,1
BRDA:82,12,1,0
BRDA:82,13,0,1
BRDA:82,13,1,1
BRDA:84,14,0,1
BRDA:84,14,1,0
BRDA:86,15,0,0
BRDA:86,15,1,1
BRDA:86,16,0,1
BRDA:86,16,1,0
BRDA:111,17,0,2
BRDA:111,17,1,1
BRDA:115,18,0,1
BRDA:115,18,1,1
BRDA:134,19,0,1
BRDA:134,19,1,2
BRDA:134,20,0,3
BRDA:134,20,1,2
BRDA:159,21,0,1
BRDA:159,21,1,1
BRDA:181,22,0,1
BRDA:181,22,1,6
BRDA:181,23,0,7
BRDA:181,23,1,6
BRDA:181,23,2,6
BRDA:191,24,0,1
BRDA:191,24,1,4
BRDA:199,25,0,1
BRDA:199,25,1,3
BRDA:205,26,0,0
BRDA:205,26,1,3
BRDA:221,27,0,1
BRDA:221,27,1,2
BRDA:226,28,0,1
BRDA:226,28,1,1
BRDA:234,29,0,1
BRDA:234,29,1,1
BRDA:243,30,0,1
BRDA:243,30,1,0
BRDA:287,31,0,1
BRDA:287,31,1,11
BRDA:287,32,0,12
BRDA:287,32,1,11
BRDA:287,32,2,11
BRDA:287,32,3,11
BRDA:296,33,0,1
BRDA:296,33,1,9
BRDA:296,34,0,10
BRDA:296,34,1,10
BRDA:296,34,2,10
BRDA:305,35,0,1
BRDA:305,35,1,8
BRDA:308,36,0,1
BRDA:308,36,1,7
BRDA:314,37,0,0
BRDA:314,37,1,7
BRDA:326,38,0,1
BRDA:326,38,1,6
BRDA:338,39,0,1
BRDA:338,39,1,5
BRDA:351,40,0,6
BRDA:351,40,1,0
BRDA:351,41,0,6
BRDA:351,41,1,6
BRDA:351,41,2,6
BRDA:356,42,0,6
BRDA:356,42,1,6
BRDA:357,43,0,6
BRDA:357,43,1,6
BRDA:360,44,0,1
BRDA:360,44,1,5
BRDA:360,45,0,6
BRDA:360,45,1,5
BRDA:370,46,0,1
BRDA:370,46,1,0
BRDA:380,47,0,1
BRDA:380,47,1,4
BRDA:390,48,0,0
BRDA:390,48,1,1
BRDA:390,49,0,1
BRDA:390,49,1,1
BRDA:392,50,0,1
BRDA:392,50,1,0
BRDA:394,51,0,1
BRDA:394,51,1,0
BRDA:400,52,0,1
BRDA:400,52,1,3
BRDA:409,53,0,3
BRDA:409,53,1,3
BRDA:434,54,0,2
BRDA:434,54,1,1
BRDA:464,55,0,1
BRDA:464,55,1,3
BRDA:471,56,0,1
BRDA:471,56,1,2
BRDA:475,57,0,1
BRDA:475,57,1,1
BRDA:490,58,0,1
BRDA:490,58,1,0
BRDA:522,59,0,1
BRDA:522,59,1,3
BRDA:525,60,0,1
BRDA:525,60,1,2
BRDA:596,61,0,1
BRDA:596,61,1,1
BRDA:618,62,0,1
BRDA:618,62,1,3
BRDA:624,63,0,1
BRDA:624,63,1,2
BRDA:628,64,0,1
BRDA:628,64,1,1
BRDA:672,65,0,1
BRDA:672,65,1,5
BRDA:679,66,0,1
BRDA:679,66,1,4
BRDA:679,67,0,5
BRDA:679,67,1,2
BRDA:683,68,0,2
BRDA:683,68,1,2
BRDA:683,69,0,4
BRDA:683,69,1,3
BRDA:689,70,0,2
BRDA:689,70,1,1
BRDA:693,71,0,1
BRDA:693,71,1,1
BRDA:701,72,0,2
BRDA:701,72,1,1
BRDA:730,73,0,1
BRDA:730,73,1,3
BRDA:737,74,0,1
BRDA:737,74,1,2
BRDA:741,75,0,1
BRDA:741,75,1,1
BRDA:766,76,0,1
BRDA:766,76,1,4
BRDA:772,77,0,1
BRDA:772,77,1,3
BRDA:775,78,0,3
BRDA:775,78,1,3
BRDA:775,78,2,2
BRDA:775,78,3,2
BRDA:776,79,0,4
BRDA:776,79,1,4
BRDA:776,79,2,2
BRDA:778,80,0,1
BRDA:778,80,1,2
BRDA:781,81,0,1
BRDA:781,81,1,1
BRDA:785,82,0,2
BRDA:785,82,1,2
BRDA:803,83,0,1
BRDA:803,83,1,1
BRDA:820,84,0,2
BRDA:820,84,1,0
BRDA:820,85,0,2
BRDA:820,85,1,2
BRDA:820,85,2,2
BRDA:848,86,0,1
BRDA:848,86,1,5
BRDA:853,87,0,5
BRDA:853,87,1,5
BRDA:854,88,0,5
BRDA:854,88,1,5
BRDA:858,89,0,0
BRDA:858,89,1,5
BRDA:863,90,0,1
BRDA:863,90,1,4
BRDA:871,91,0,1
BRDA:871,91,1,3
BRDA:876,92,0,3
BRDA:876,92,1,3
BRDA:876,92,2,2
BRDA:876,92,3,2
BRDA:877,93,0,4
BRDA:877,93,1,4
BRDA:877,93,2,2
BRDA:879,94,0,3
BRDA:879,94,1,1
BRDA:879,95,0,3
BRDA:879,95,1,1
BRDA:881,96,0,1
BRDA:881,96,1,2
BRDA:886,97,0,1
BRDA:886,97,1,1
BRDA:899,98,0,1
BRDA:899,98,1,1
BRDA:919,99,0,2
BRDA:919,99,1,2
BRDA:933,100,0,6
BRDA:933,100,1,0
BRDA:937,101,0,6
BRDA:937,101,1,6
BRDA:937,101,2,6
BRDA:937,101,3,6
BRDA:958,102,0,4
BRDA:958,102,1,3
BRDA:959,103,0,4
BRDA:959,103,1,4
BRDA:962,104,0,1
BRDA:962,104,1,3
BRDA:967,105,0,3
BRDA:967,105,1,3
BRDA:967,105,2,2
BRDA:967,105,3,2
BRDA:968,106,0,1
BRDA:968,106,1,2
BRDA:975,107,0,2
BRDA:975,107,1,2
BRDA:993,108,0,0
BRDA:993,108,1,0
BRDA:994,109,0,0
BRDA:994,109,1,0
BRDA:1000,110,0,1
BRDA:1000,110,1,1
BRDA:1002,111,0,1
BRDA:1002,111,1,0
BRDA:1010,112,0,0
BRDA:1010,112,1,0
BRDA:1011,113,0,0
BRDA:1011,113,1,0
BRDA:1024,114,0,0
BRDA:1024,114,1,0
BRDA:1025,115,0,0
BRDA:1025,115,1,0
BRDA:1035,116,0,4
BRDA:1035,116,1,4
BRDA:1036,117,0,4
BRDA:1036,117,1,4
BRDA:1037,118,0,4
BRDA:1037,118,1,4
BRDA:1049,119,0,12
BRDA:1049,119,1,6
BRDA:1050,120,0,12
BRDA:1050,120,1,12
BRDA:1050,120,2,12
BRDA:1050,120,3,12
BRDA:1053,121,0,6
BRDA:1053,121,1,6
BRDA:1056,122,0,2
BRDA:1056,122,1,2
BRDA:1075,123,0,1
BRDA:1075,123,1,8
BRDA:1075,124,0,9
BRDA:1075,124,1,8
BRDA:1081,125,0,0
BRDA:1081,125,1,8
BRDA:1090,126,0,1
BRDA:1090,126,1,6
BRDA:1097,127,0,1
BRDA:1097,127,1,5
BRDA:1097,128,0,6
BRDA:1097,128,1,1
BRDA:1102,129,0,1
BRDA:1102,129,1,4
BRDA:1102,130,0,5
BRDA:1102,130,1,4
BRDA:1118,131,0,1
BRDA:1118,131,1,3
BRDA:1123,132,0,1
BRDA:1123,132,1,2
BRDA:1128,133,0,1
BRDA:1128,133,1,1
BRDA:1138,134,0,2
BRDA:1138,134,1,2
BRDA:1142,135,0,2
BRDA:1142,135,1,0
BRF:291
BRH:256
end_of_record
TN:
SF:routes\auth.js
FN:35,(anonymous_0)
FN:36,(anonymous_1)
FN:44,(anonymous_2)
FN:45,(anonymous_3)
FN:53,(anonymous_4)
FN:54,(anonymous_5)
FN:62,(anonymous_6)
FN:63,(anonymous_7)
FN:71,(anonymous_8)
FN:72,(anonymous_9)
FN:80,(anonymous_10)
FN:81,(anonymous_11)
FN:87,(anonymous_12)
FN:104,(anonymous_13)
FN:120,(anonymous_14)
FN:151,(anonymous_15)
FN:161,(anonymous_16)
FN:182,(anonymous_17)
FN:231,(anonymous_18)
FN:232,(anonymous_19)
FN:238,(anonymous_20)
FN:242,(anonymous_21)
FN:253,(anonymous_22)
FN:268,(anonymous_23)
FN:278,(anonymous_24)
FN:336,(anonymous_25)
FN:382,(anonymous_26)
FN:401,(anonymous_27)
FN:435,(anonymous_28)
FN:456,(anonymous_29)
FN:485,(anonymous_30)
FN:534,(anonymous_31)
FN:611,(anonymous_32)
FN:612,(anonymous_33)
FN:616,(anonymous_34)
FN:649,(anonymous_35)
FN:663,(anonymous_36)
FNF:37
FNH:21
FNDA:0,(anonymous_0)
FNDA:0,(anonymous_1)
FNDA:0,(anonymous_2)
FNDA:0,(anonymous_3)
FNDA:0,(anonymous_4)
FNDA:0,(anonymous_5)
FNDA:0,(anonymous_6)
FNDA:0,(anonymous_7)
FNDA:0,(anonymous_8)
FNDA:0,(anonymous_9)
FNDA:0,(anonymous_10)
FNDA:0,(anonymous_11)
FNDA:5,(anonymous_12)
FNDA:4,(anonymous_13)
FNDA:3,(anonymous_14)
FNDA:8,(anonymous_15)
FNDA:7,(anonymous_16)
FNDA:2,(anonymous_17)
FNDA:0,(anonymous_18)
FNDA:0,(anonymous_19)
FNDA:7,(anonymous_20)
FNDA:6,(anonymous_21)
FNDA:3,(anonymous_22)
FNDA:5,(anonymous_23)
FNDA:5,(anonymous_24)
FNDA:8,(anonymous_25)
FNDA:4,(anonymous_26)
FNDA:2,(anonymous_27)
FNDA:2,(anonymous_28)
FNDA:2,(anonymous_29)
FNDA:3,(anonymous_30)
FNDA:7,(anonymous_31)
FNDA:0,(anonymous_32)
FNDA:0,(anonymous_33)
FNDA:4,(anonymous_34)
FNDA:3,(anonymous_35)
FNDA:5,(anonymous_36)
DA:1,1
DA:2,1
DA:3,1
DA:4,1
DA:5,1
DA:6,1
DA:7,1
DA:8,1
DA:9,1
DA:24,1
DA:26,1
DA:27,1
DA:28,1
DA:30,1
DA:35,0
DA:36,0
DA:39,1
DA:44,0
DA:45,0
DA:48,1
DA:53,0
DA:54,0
DA:57,1
DA:62,0
DA:63,0
DA:66,1
DA:71,0
DA:72,0
DA:75,1
DA:80,0
DA:81,0
DA:84,1
DA:87,1
DA:88,5
DA:89,5
DA:90,1
DA:92,4
DA:93,4
DA:96,4
DA:101,4
DA:105,4
DA:106,1
DA:107,1
DA:109,0
DA:110,0
DA:113,3
DA:114,3
DA:115,3
DA:117,3
DA:121,3
DA:122,1
DA:123,1
DA:126,2
DA:127,2
DA:129,1
DA:130,1
DA:134,1
DA:145,0
DA:146,0
DA:151,1
DA:152,8
DA:153,8
DA:155,7
DA:161,7
DA:162,7
DA:163,6
DA:165,5
DA:166,5
DA:167,1
DA:169,4
DA:170,4
DA:172,4
DA:173,1
DA:175,3
DA:176,1
DA:179,2
DA:183,2
DA:186,1
DA:192,1
DA:198,1
DA:199,1
DA:201,1
DA:226,1
DA:231,0
DA:232,0
DA:235,1
DA:238,1
DA:239,7
DA:240,7
DA:242,6
DA:243,6
DA:244,5
DA:245,4
DA:247,3
DA:248,3
DA:250,3
DA:254,3
DA:255,2
DA:256,2
DA:257,1
DA:259,1
DA:260,1
DA:268,1
DA:269,5
DA:270,5
DA:278,5
DA:279,5
DA:280,1
DA:281,1
DA:283,4
DA:284,1
DA:286,3
DA:287,3
DA:288,3
DA:289,1
DA:295,2
DA:297,1
DA:303,1
DA:309,1
DA:310,1
DA:312,1
DA:336,1
DA:337,8
DA:338,8
DA:339,8
DA:341,7
DA:342,0
DA:343,0
DA:348,7
DA:349,7
DA:354,1
DA:355,1
DA:357,6
DA:358,6
DA:368,5
DA:370,5
DA:371,1
DA:375,4
DA:382,4
DA:383,4
DA:384,1
DA:385,1
DA:389,3
DA:390,1
DA:393,2
DA:394,2
DA:396,2
DA:400,2
DA:401,2
DA:402,2
DA:403,1
DA:404,1
DA:406,1
DA:420,1
DA:422,2
DA:426,1
DA:429,0
DA:430,0
DA:435,1
DA:436,2
DA:438,2
DA:456,2
DA:457,2
DA:458,1
DA:460,1
DA:462,1
DA:481,1
DA:486,3
DA:487,3
DA:489,3
DA:491,2
DA:496,2
DA:497,1
DA:500,1
DA:502,1
DA:503,1
DA:505,1
DA:507,1
DA:512,1
DA:520,1
DA:521,1
DA:522,1
DA:525,1
DA:527,0
DA:528,0
DA:534,1
DA:535,7
DA:536,7
DA:537,7
DA:539,7
DA:540,1
DA:543,6
DA:545,6
DA:556,5
DA:558,4
DA:559,4
DA:560,3
DA:561,1
DA:565,2
DA:568,2
DA:569,2
DA:570,2
DA:572,2
DA:577,2
DA:578,1
DA:579,1
DA:580,1
DA:583,1
DA:588,1
DA:589,1
DA:591,1
DA:593,0
DA:594,0
DA:595,0
DA:596,0
DA:599,1
DA:600,1
DA:606,1
DA:611,0
DA:612,0
DA:616,1
DA:617,4
DA:618,4
DA:619,4
DA:621,3
DA:622,2
DA:623,1
DA:626,1
DA:628,1
DA:634,1
DA:641,1
DA:643,1
DA:644,1
DA:649,1
DA:650,3
DA:651,3
DA:652,3
DA:653,2
DA:655,2
DA:657,1
DA:658,1
DA:663,1
DA:664,5
DA:665,5
DA:666,5
DA:668,4
DA:671,4
DA:683,4
DA:685,3
DA:686,3
DA:687,2
DA:689,1
DA:691,0
DA:692,0
DA:696,1
LF:255
LH:223
BRDA:89,0,0,1
BRDA:89,0,1,4
BRDA:89,1,0,5
BRDA:89,1,1,4
BRDA:89,1,2,4
BRDA:89,1,3,4
BRDA:105,2,0,1
BRDA:105,2,1,3
BRDA:106,3,0,1
BRDA:106,3,1,0
BRDA:115,4,0,3
BRDA:115,4,1,0
BRDA:121,5,0,1
BRDA:121,5,1,2
BRDA:153,6,0,1
BRDA:153,6,1,7
BRDA:153,7,0,8
BRDA:153,7,1,7
BRDA:162,8,0,1
BRDA:162,8,1,6
BRDA:163,9,0,1
BRDA:163,9,1,5
BRDA:166,10,0,1
BRDA:166,10,1,4
BRDA:166,11,0,5
BRDA:166,11,1,4
BRDA:172,12,0,1
BRDA:172,12,1,3
BRDA:175,13,0,1
BRDA:175,13,1,2
BRDA:183,14,0,1
BRDA:183,14,1,1
BRDA:199,15,0,0
BRDA:199,15,1,1
BRDA:214,16,0,1
BRDA:214,16,1,1
BRDA:216,17,0,1
BRDA:216,17,1,1
BRDA:217,18,0,1
BRDA:217,18,1,1
BRDA:218,19,0,1
BRDA:218,19,1,1
BRDA:240,20,0,1
BRDA:240,20,1,6
BRDA:243,21,0,1
BRDA:243,21,1,5
BRDA:244,22,0,1
BRDA:244,22,1,4
BRDA:245,23,0,1
BRDA:245,23,1,3
BRDA:248,24,0,3
BRDA:248,24,1,0
BRDA:254,25,0,1
BRDA:254,25,1,2
BRDA:279,26,0,1
BRDA:279,26,1,4
BRDA:283,27,0,1
BRDA:283,27,1,3
BRDA:283,28,0,4
BRDA:283,28,1,4
BRDA:288,29,0,1
BRDA:288,29,1,2
BRDA:295,30,0,1
BRDA:295,30,1,1
BRDA:310,31,0,0
BRDA:310,31,1,1
BRDA:326,32,0,1
BRDA:326,32,1,1
BRDA:328,33,0,1
BRDA:328,33,1,1
BRDA:329,34,0,1
BRDA:329,34,1,1
BRDA:338,35,0,8
BRDA:338,35,1,0
BRDA:339,36,0,1
BRDA:339,36,1,7
BRDA:341,37,0,0
BRDA:341,37,1,7
BRDA:358,38,0,1
BRDA:358,38,1,5
BRDA:370,39,0,1
BRDA:370,39,1,4
BRDA:370,40,0,5
BRDA:370,40,1,5
BRDA:383,41,0,1
BRDA:383,41,1,3
BRDA:389,42,0,1
BRDA:389,42,1,2
BRDA:389,43,0,3
BRDA:389,43,1,3
BRDA:400,44,0,2
BRDA:400,44,1,0
BRDA:400,44,2,0
BRDA:400,45,0,2
BRDA:400,45,1,0
BRDA:402,46,0,1
BRDA:402,46,1,1
BRDA:408,47,0,1
BRDA:408,47,1,0
BRDA:408,47,2,0
BRDA:409,48,0,1
BRDA:409,48,1,0
BRDA:457,49,0,1
BRDA:457,49,1,1
BRDA:457,50,0,2
BRDA:457,50,1,2
BRDA:472,51,0,1
BRDA:472,51,1,1
BRDA:473,52,0,1
BRDA:473,52,1,1
BRDA:474,53,0,1
BRDA:474,53,1,1
BRDA:475,54,0,1
BRDA:475,54,1,0
BRDA:487,55,0,3
BRDA:487,55,1,1
BRDA:489,56,0,1
BRDA:489,56,1,2
BRDA:496,57,0,1
BRDA:496,57,1,1
BRDA:496,58,0,2
BRDA:496,58,1,2
BRDA:505,59,0,1
BRDA:505,59,1,0
BRDA:521,60,0,1
BRDA:521,60,1,0
BRDA:536,61,0,7
BRDA:536,61,1,1
BRDA:537,62,0,7
BRDA:537,62,1,0
BRDA:539,63,0,1
BRDA:539,63,1,6
BRDA:539,64,0,7
BRDA:539,64,1,6
BRDA:556,65,0,1
BRDA:556,65,1,4
BRDA:559,66,0,1
BRDA:559,66,1,3
BRDA:560,67,0,1
BRDA:560,67,1,2
BRDA:577,68,0,1
BRDA:577,68,1,1
BRDA:618,69,0,4
BRDA:618,69,1,0
BRDA:619,70,0,1
BRDA:619,70,1,3
BRDA:622,71,0,1
BRDA:622,71,1,1
BRDA:651,72,0,3
BRDA:651,72,1,0
BRDA:652,73,0,2
BRDA:652,73,1,1
BRDA:665,74,0,5
BRDA:665,74,1,1
BRDA:666,75,0,1
BRDA:666,75,1,4
BRDA:683,76,0,1
BRDA:683,76,1,3
BRDA:686,77,0,1
BRDA:686,77,1,2
BRDA:687,78,0,1
BRDA:687,78,1,1
BRF:162
BRH:143
end_of_record
TN:
SF:routes\chat.js
FN:8,(anonymous_0)
FN:17,(anonymous_1)
FN:29,(anonymous_2)
FN:89,(anonymous_3)
FN:124,(anonymous_4)
FN:139,(anonymous_5)
FN:157,(anonymous_6)
FN:173,(anonymous_7)
FN:196,(anonymous_8)
FN:204,(anonymous_9)
FN:293,(anonymous_10)
FN:305,(anonymous_11)
FN:316,(anonymous_12)
FN:340,(anonymous_13)
FNF:14
FNH:14
FNDA:5,(anonymous_0)
FNDA:5,(anonymous_1)
FNDA:7,(anonymous_2)
FNDA:4,(anonymous_3)
FNDA:5,(anonymous_4)
FNDA:5,(anonymous_5)
FNDA:4,(anonymous_6)
FNDA:3,(anonymous_7)
FNDA:2,(anonymous_8)
FNDA:2,(anonymous_9)
FNDA:3,(anonymous_10)
FNDA:2,(anonymous_11)
FNDA:4,(anonymous_12)
FNDA:3,(anonymous_13)
DA:1,1
DA:2,1
DA:3,1
DA:4,1
DA:5,1
DA:8,1
DA:9,5
DA:10,5
DA:11,5
DA:17,5
DA:18,5
DA:19,3
DA:20,3
DA:21,1
DA:23,2
DA:24,2
DA:29,1
DA:30,7
DA:31,7
DA:32,7
DA:34,6
DA:35,6
DA:36,6
DA:38,6
DA:39,6
DA:40,6
DA:41,1
DA:42,1
DA:46,6
DA:79,6
DA:80,6
DA:81,5
DA:82,5
DA:83,5
DA:84,5
DA:86,5
DA:88,5
DA:89,5
DA:90,4
DA:92,4
DA:93,1
DA:98,3
DA:99,0
DA:102,4
DA:103,1
DA:108,3
DA:109,0
DA:112,56
DA:114,4
DA:115,1
DA:117,4
DA:121,5
DA:127,5
DA:129,0
DA:130,0
DA:133,1
DA:134,1
DA:139,1
DA:140,5
DA:141,5
DA:142,5
DA:144,5
DA:146,4
DA:148,4
DA:157,4
DA:158,4
DA:159,3
DA:161,2
DA:164,2
DA:165,1
DA:168,1
DA:173,1
DA:174,3
DA:175,3
DA:177,3
DA:178,1
DA:181,2
DA:182,2
DA:184,2
DA:193,2
DA:197,2
DA:198,1
DA:204,1
DA:205,2
DA:207,2
DA:208,2
DA:209,2
DA:211,2
DA:271,2
DA:273,2
DA:274,2
DA:275,1
DA:276,1
DA:277,1
DA:278,1
DA:280,1
DA:281,1
DA:283,0
DA:284,0
DA:287,1
DA:288,1
DA:293,1
DA:294,3
DA:295,3
DA:296,3
DA:298,2
DA:303,2
DA:305,2
DA:306,2
DA:307,1
DA:308,1
DA:310,1
DA:311,1
DA:316,1
DA:317,4
DA:318,4
DA:320,4
DA:321,1
DA:326,3
DA:330,3
DA:338,3
DA:340,3
DA:341,3
DA:342,1
DA:343,1
DA:345,2
DA:349,1
LF:127
LH:121
BRDA:18,0,0,2
BRDA:18,0,1,3
BRDA:18,1,0,5
BRDA:18,1,1,4
BRDA:20,2,0,1
BRDA:20,2,1,2
BRDA:20,3,0,3
BRDA:20,3,1,1
BRDA:23,4,0,1
BRDA:23,4,1,1
BRDA:32,5,0,1
BRDA:32,5,1,6
BRDA:34,6,0,6
BRDA:34,6,1,6
BRDA:35,7,0,6
BRDA:35,7,1,6
BRDA:40,8,0,1
BRDA:40,8,1,5
BRDA:88,9,0,5
BRDA:88,9,1,0
BRDA:92,10,0,1
BRDA:92,10,1,3
BRDA:92,11,0,4
BRDA:92,11,1,1
BRDA:98,12,0,0
BRDA:98,12,1,3
BRDA:102,13,0,1
BRDA:102,13,1,3
BRDA:102,14,0,4
BRDA:102,14,1,1
BRDA:108,15,0,0
BRDA:108,15,1,3
BRDA:114,16,0,1
BRDA:114,16,1,3
BRDA:123,17,0,5
BRDA:123,17,1,4
BRDA:123,18,0,5
BRDA:123,18,1,4
BRDA:140,19,0,5
BRDA:140,19,1,0
BRDA:144,20,0,1
BRDA:144,20,1,4
BRDA:144,21,0,5
BRDA:144,21,1,5
BRDA:146,22,0,4
BRDA:146,22,1,0
BRDA:146,23,0,4
BRDA:146,23,1,0
BRDA:158,24,0,1
BRDA:158,24,1,3
BRDA:159,25,0,1
BRDA:159,25,1,2
BRDA:164,26,0,1
BRDA:164,26,1,1
BRDA:164,27,0,2
BRDA:164,27,1,1
BRDA:168,28,0,1
BRDA:168,28,1,1
BRDA:174,29,0,3
BRDA:174,29,1,0
BRDA:177,30,0,1
BRDA:177,30,1,2
BRDA:177,31,0,3
BRDA:177,31,1,3
BRDA:177,31,2,2
BRDA:182,32,0,2
BRDA:182,32,1,0
BRDA:195,33,0,2
BRDA:195,33,1,0
BRDA:195,34,0,2
BRDA:195,34,1,2
BRDA:197,35,0,1
BRDA:197,35,1,1
BRDA:207,36,0,2
BRDA:207,36,1,2
BRDA:208,37,0,2
BRDA:208,37,1,2
BRDA:296,38,0,1
BRDA:296,38,1,2
BRDA:303,39,0,2
BRDA:303,39,1,2
BRDA:306,40,0,1
BRDA:306,40,1,1
BRDA:320,41,0,1
BRDA:320,41,1,3
BRDA:326,42,0,3
BRDA:326,42,1,0
BRDA:326,43,0,3
BRDA:326,43,1,1
BRDA:326,43,2,1
BRDA:341,44,0,1
BRDA:341,44,1,2
BRDA:345,45,0,2
BRDA:345,45,1,0
BRF:94
BRH:83
end_of_record
TN:
SF:routes\favorites.js
FN:7,(anonymous_0)
FN:32,(anonymous_1)
FN:54,(anonymous_2)
FN:86,(anonymous_3)
FN:111,(anonymous_4)
FNF:5
FNH:5
FNDA:4,(anonymous_0)
FNDA:3,(anonymous_1)
FNDA:3,(anonymous_2)
FNDA:2,(anonymous_3)
FNDA:3,(anonymous_4)
DA:1,1
DA:2,1
DA:3,1
DA:4,1
DA:7,1
DA:8,4
DA:9,4
DA:10,4
DA:12,4
DA:13,1
DA:16,3
DA:21,1
DA:23,2
DA:24,1
DA:26,1
DA:27,1
DA:32,1
DA:33,3
DA:34,3
DA:35,3
DA:37,3
DA:42,2
DA:43,1
DA:46,1
DA:48,1
DA:49,1
DA:54,1
DA:55,3
DA:56,3
DA:58,3
DA:86,2
DA:103,2
DA:105,1
DA:106,1
DA:111,1
DA:112,3
DA:113,3
DA:114,3
DA:116,3
DA:121,2
DA:123,1
DA:124,1
DA:128,1
LF:43
LH:43
BRDA:10,0,0,4
BRDA:10,0,1,0
BRDA:12,1,0,1
BRDA:12,1,1,3
BRDA:23,2,0,1
BRDA:23,2,1,1
BRDA:42,3,0,1
BRDA:42,3,1,1
BRDA:96,4,0,1
BRDA:96,4,1,1
BRF:10
BRH:9
end_of_record
TN:
SF:routes\findAgent.js
FN:8,(anonymous_0)
FN:9,(anonymous_1)
FN:10,(anonymous_2)
FN:17,(anonymous_3)
FN:36,similarityScore
FN:88,(anonymous_5)
FN:100,(anonymous_6)
FN:155,(anonymous_7)
FN:162,(anonymous_8)
FN:173,(anonymous_9)
FN:206,(anonymous_10)
FN:263,(anonymous_11)
FN:291,(anonymous_12)
FN:358,(anonymous_13)
FN:398,(anonymous_14)
FN:462,(anonymous_15)
FN:496,(anonymous_16)
FN:499,(anonymous_17)
FN:502,(anonymous_18)
FN:519,(anonymous_19)
FN:609,(anonymous_20)
FNF:21
FNH:15
FNDA:42,(anonymous_0)
FNDA:42,(anonymous_1)
FNDA:42,(anonymous_2)
FNDA:2,(anonymous_3)
FNDA:6,similarityScore
FNDA:102,(anonymous_5)
FNDA:5,(anonymous_6)
FNDA:6,(anonymous_7)
FNDA:6,(anonymous_8)
FNDA:0,(anonymous_9)
FNDA:3,(anonymous_10)
FNDA:2,(anonymous_11)
FNDA:3,(anonymous_12)
FNDA:0,(anonymous_13)
FNDA:3,(anonymous_14)
FNDA:0,(anonymous_15)
FNDA:0,(anonymous_16)
FNDA:0,(anonymous_17)
FNDA:0,(anonymous_18)
FNDA:3,(anonymous_19)
FNDA:3,(anonymous_20)
DA:1,1
DA:2,1
DA:3,1
DA:4,1
DA:5,1
DA:8,1
DA:9,42
DA:10,42
DA:17,1
DA:18,2
DA:19,2
DA:20,2
DA:21,1
DA:22,1
DA:23,1
DA:25,0
DA:26,0
DA:37,6
DA:38,6
DA:41,6
DA:42,6
DA:43,6
DA:44,6
DA:48,6
DA:49,0
DA:50,0
DA:51,0
DA:55,6
DA:56,6
DA:57,6
DA:58,6
DA:59,3
DA:60,3
DA:64,6
DA:65,6
DA:66,6
DA:67,6
DA:68,3
DA:69,3
DA:73,6
DA:74,6
DA:75,6
DA:76,6
DA:77,6
DA:78,5
DA:82,6
DA:88,102
DA:89,6
DA:90,0
DA:91,0
DA:92,0
DA:93,0
DA:97,6
DA:100,1
DA:101,5
DA:102,5
DA:103,5
DA:105,5
DA:106,1
DA:109,4
DA:112,4
DA:125,3
DA:126,1
DA:130,2
DA:155,6
DA:162,6
DA:163,2
DA:164,2
DA:167,2
DA:168,2
DA:169,2
DA:170,6
DA:171,6
DA:173,2
DA:176,2
DA:177,2
DA:178,1
DA:181,2
DA:182,2
DA:183,2
DA:184,2
DA:186,2
DA:187,2
DA:189,2
DA:197,1
DA:198,1
DA:206,1
DA:207,3
DA:208,3
DA:209,3
DA:212,3
DA:218,2
DA:219,1
DA:223,1
DA:224,1
DA:225,1
DA:226,1
DA:227,5
DA:229,1
DA:231,1
DA:252,1
DA:254,1
DA:255,1
DA:263,1
DA:264,2
DA:265,2
DA:266,2
DA:268,1
DA:280,1
DA:282,0
DA:283,0
DA:291,1
DA:292,3
DA:293,3
DA:294,3
DA:296,3
DA:297,1
DA:301,2
DA:305,2
DA:308,2
DA:312,2
DA:313,1
DA:317,1
DA:323,1
DA:324,0
DA:328,1
DA:335,1
DA:336,0
DA:339,1
DA:354,1
DA:357,1
DA:358,0
DA:359,0
DA:367,1
DA:368,1
DA:369,1
DA:370,1
DA:373,1
DA:380,1
DA:387,1
DA:389,0
DA:390,0
DA:398,1
DA:399,3
DA:400,3
DA:403,3
DA:404,2
DA:407,2
DA:409,1
DA:433,1
DA:448,1
DA:458,1
DA:459,1
DA:460,0
DA:461,0
DA:462,0
DA:463,0
DA:481,0
DA:482,0
DA:483,0
DA:484,0
DA:494,1
DA:496,1
DA:499,1
DA:502,1
DA:508,2
DA:510,1
DA:511,1
DA:519,1
DA:520,3
DA:521,3
DA:522,3
DA:523,3
DA:525,3
DA:526,1
DA:530,2
DA:534,2
DA:537,2
DA:541,2
DA:543,2
DA:545,1
DA:549,1
DA:550,0
DA:554,1
DA:559,1
DA:562,1
DA:570,1
DA:576,1
DA:583,1
DA:585,1
DA:588,1
DA:593,1
DA:594,1
DA:597,1
DA:600,0
DA:601,0
DA:609,1
DA:610,3
DA:611,3
DA:612,3
DA:615,3
DA:619,3
DA:622,2
DA:626,2
DA:628,1
DA:632,1
DA:635,1
DA:640,1
DA:673,0
DA:674,0
DA:678,1
LF:211
LH:181
BRDA:10,0,0,3
BRDA:10,0,1,39
BRDA:20,1,0,1
BRDA:20,1,1,1
BRDA:20,2,0,2
BRDA:20,2,1,1
BRDA:23,3,0,1
BRDA:23,3,1,0
BRDA:41,4,0,6
BRDA:41,4,1,0
BRDA:41,5,0,6
BRDA:41,5,1,6
BRDA:48,6,0,0
BRDA:48,6,1,6
BRDA:48,7,0,6
BRDA:48,7,1,0
BRDA:55,8,0,6
BRDA:55,8,1,0
BRDA:55,9,0,6
BRDA:55,9,1,6
BRDA:58,10,0,3
BRDA:58,10,1,3
BRDA:59,11,0,0
BRDA:59,11,1,3
BRDA:64,12,0,6
BRDA:64,12,1,0
BRDA:64,13,0,6
BRDA:64,13,1,6
BRDA:67,14,0,3
BRDA:67,14,1,3
BRDA:68,15,0,0
BRDA:68,15,1,3
BRDA:73,16,0,6
BRDA:73,16,1,0
BRDA:73,17,0,6
BRDA:73,17,1,6
BRDA:76,18,0,0
BRDA:76,18,1,6
BRDA:77,19,0,1
BRDA:77,19,1,5
BRDA:89,20,0,0
BRDA:89,20,1,6
BRDA:93,21,0,0
BRDA:93,21,1,0
BRDA:97,22,0,6
BRDA:97,22,1,0
BRDA:105,23,0,1
BRDA:105,23,1,4
BRDA:105,24,0,5
BRDA:105,24,1,4
BRDA:105,24,2,4
BRDA:125,25,0,1
BRDA:125,25,1,2
BRDA:132,26,0,2
BRDA:132,26,1,2
BRDA:133,27,0,2
BRDA:133,27,1,1
BRDA:134,28,0,2
BRDA:134,28,1,1
BRDA:135,29,0,2
BRDA:135,29,1,2
BRDA:173,30,0,2
BRDA:173,30,1,0
BRDA:176,31,0,2
BRDA:176,31,1,1
BRDA:177,32,0,1
BRDA:177,32,1,1
BRDA:178,33,0,0
BRDA:178,33,1,1
BRDA:182,34,0,0
BRDA:182,34,1,2
BRDA:183,35,0,0
BRDA:183,35,1,2
BRDA:184,36,0,0
BRDA:184,36,1,2
BRDA:218,37,0,1
BRDA:218,37,1,1
BRDA:223,38,0,1
BRDA:223,38,1,0
BRDA:227,39,0,4
BRDA:227,39,1,1
BRDA:245,40,0,1
BRDA:245,40,1,0
BRDA:245,41,0,1
BRDA:245,41,1,0
BRDA:245,42,0,0
BRDA:245,42,1,1
BRDA:246,43,0,1
BRDA:246,43,1,0
BRDA:246,44,0,1
BRDA:246,44,1,0
BRDA:246,45,0,0
BRDA:246,45,1,1
BRDA:247,46,0,0
BRDA:247,46,1,1
BRDA:247,47,0,0
BRDA:247,47,1,1
BRDA:247,48,0,0
BRDA:247,48,1,1
BRDA:266,49,0,1
BRDA:266,49,1,1
BRDA:296,50,0,1
BRDA:296,50,1,2
BRDA:296,51,0,3
BRDA:296,51,1,2
BRDA:305,52,0,0
BRDA:305,52,1,2
BRDA:312,53,0,1
BRDA:312,53,1,1
BRDA:323,54,0,0
BRDA:323,54,1,1
BRDA:335,55,0,0
BRDA:335,55,1,1
BRDA:357,56,0,0
BRDA:357,56,1,1
BRDA:357,57,0,1
BRDA:357,57,1,0
BRDA:367,58,0,1
BRDA:367,58,1,0
BRDA:368,59,0,1
BRDA:368,59,1,0
BRDA:369,60,0,1
BRDA:369,60,1,0
BRDA:370,61,0,1
BRDA:370,61,1,0
BRDA:370,62,0,1
BRDA:370,62,1,0
BRDA:370,63,0,1
BRDA:370,63,1,0
BRDA:404,64,0,2
BRDA:404,64,1,2
BRDA:404,65,0,2
BRDA:404,65,1,0
BRDA:407,66,0,1
BRDA:407,66,1,1
BRDA:461,67,0,0
BRDA:461,67,1,0
BRDA:462,68,0,0
BRDA:462,68,1,0
BRDA:462,68,2,0
BRDA:464,69,0,0
BRDA:464,69,1,0
BRDA:474,70,0,0
BRDA:474,70,1,0
BRDA:483,71,0,0
BRDA:483,71,1,0
BRDA:525,72,0,1
BRDA:525,72,1,2
BRDA:534,73,0,0
BRDA:534,73,1,2
BRDA:541,74,0,0
BRDA:541,74,1,2
BRDA:543,75,0,1
BRDA:543,75,1,1
BRDA:549,76,0,0
BRDA:549,76,1,1
BRDA:593,77,0,1
BRDA:593,77,1,0
BRDA:619,78,0,1
BRDA:619,78,1,2
BRDA:626,79,0,1
BRDA:626,79,1,1
BRDA:632,80,0,0
BRDA:632,80,1,1
BRDA:642,81,0,1
BRDA:642,81,1,0
BRF:166
BRH:108
end_of_record
TN:
SF:routes\leads.js
FN:10,(anonymous_0)
FN:41,(anonymous_1)
FN:91,(anonymous_2)
FN:107,(anonymous_3)
FN:130,(anonymous_4)
FN:161,(anonymous_5)
FN:163,(anonymous_6)
FN:165,(anonymous_7)
FN:176,(anonymous_8)
FN:183,(anonymous_9)
FNF:10
FNH:7
FNDA:4,(anonymous_0)
FNDA:4,(anonymous_1)
FNDA:1,(anonymous_2)
FNDA:1,(anonymous_3)
FNDA:1,(anonymous_4)
FNDA:0,(anonymous_5)
FNDA:0,(anonymous_6)
FNDA:0,(anonymous_7)
FNDA:4,(anonymous_8)
FNDA:3,(anonymous_9)
DA:1,1
DA:2,1
DA:3,1
DA:4,1
DA:5,1
DA:7,1
DA:10,1
DA:11,4
DA:12,4
DA:13,4
DA:15,4
DA:16,1
DA:19,3
DA:20,3
DA:22,3
DA:23,1
DA:26,2
DA:31,1
DA:33,1
DA:35,1
DA:36,1
DA:41,1
DA:42,4
DA:43,4
DA:46,4
DA:51,3
DA:52,1
DA:56,2
DA:90,2
DA:91,1
DA:93,2
DA:94,2
DA:95,1
DA:101,1
DA:102,1
DA:107,2
DA:108,1
DA:111,1
DA:112,1
DA:114,1
DA:115,1
DA:116,1
DA:117,1
DA:118,1
DA:120,1
DA:123,1
DA:124,0
DA:125,0
DA:128,1
DA:129,1
DA:131,1
DA:132,1
DA:136,1
DA:138,1
DA:159,2
DA:160,2
DA:161,1
DA:162,1
DA:163,1
DA:164,0
DA:165,0
DA:168,2
DA:170,1
DA:171,1
DA:176,1
DA:177,4
DA:178,4
DA:179,4
DA:180,1
DA:183,3
DA:184,3
DA:185,1
DA:188,2
DA:193,2
DA:217,1
DA:218,1
DA:220,1
DA:221,1
DA:223,1
DA:224,1
DA:226,1
DA:227,1
DA:228,1
DA:235,1
DA:237,1
DA:238,1
DA:242,1
LF:87
LH:83
BRDA:13,0,0,4
BRDA:13,0,1,0
BRDA:15,1,0,1
BRDA:15,1,1,3
BRDA:22,2,0,1
BRDA:22,2,1,2
BRDA:51,3,0,1
BRDA:51,3,1,2
BRDA:51,4,0,3
BRDA:51,4,1,3
BRDA:91,5,0,1
BRDA:91,5,1,0
BRDA:94,6,0,1
BRDA:94,6,1,1
BRDA:111,7,0,1
BRDA:111,7,1,0
BRDA:111,8,0,1
BRDA:111,8,1,0
BRDA:111,8,2,0
BRDA:114,9,0,1
BRDA:114,9,1,0
BRDA:115,10,0,1
BRDA:115,10,1,0
BRDA:115,11,0,1
BRDA:115,11,1,0
BRDA:116,12,0,1
BRDA:116,12,1,0
BRDA:116,13,0,1
BRDA:116,13,1,0
BRDA:117,14,0,1
BRDA:117,14,1,0
BRDA:117,15,0,1
BRDA:117,15,1,1
BRDA:118,16,0,1
BRDA:118,16,1,0
BRDA:120,17,0,0
BRDA:120,17,1,1
BRDA:123,18,0,1
BRDA:123,18,1,0
BRDA:124,19,0,0
BRDA:124,19,1,0
BRDA:128,20,0,1
BRDA:128,20,1,0
BRDA:132,21,0,1
BRDA:132,21,1,0
BRDA:144,22,0,1
BRDA:144,22,1,0
BRDA:145,23,0,1
BRDA:145,23,1,0
BRDA:148,24,0,1
BRDA:148,24,1,0
BRDA:152,25,0,1
BRDA:152,25,1,0
BRDA:159,26,0,2
BRDA:159,26,1,1
BRDA:160,27,0,1
BRDA:160,27,1,1
BRDA:162,28,0,1
BRDA:162,28,1,0
BRDA:164,29,0,0
BRDA:164,29,1,0
BRDA:165,30,0,0
BRDA:165,30,1,0
BRDA:165,31,0,0
BRDA:165,31,1,0
BRDA:179,32,0,1
BRDA:179,32,1,3
BRDA:184,33,0,1
BRDA:184,33,1,2
BRDA:229,34,0,1
BRDA:229,34,1,0
BRDA:230,35,0,1
BRDA:230,35,1,0
BRDA:231,36,0,1
BRDA:231,36,1,0
BRF:75
BRH:43
end_of_record
TN:
SF:routes\misc.js
FN:14,(anonymous_0)
FN:62,(anonymous_1)
FN:72,(anonymous_2)
FN:86,(anonymous_3)
FN:97,(anonymous_4)
FN:136,(anonymous_5)
FN:150,(anonymous_6)
FN:192,(anonymous_7)
FN:202,(anonymous_8)
FN:210,(anonymous_9)
FN:223,(anonymous_10)
FN:287,(anonymous_11)
FN:302,(anonymous_12)
FN:322,(anonymous_13)
FN:327,(anonymous_14)
FN:345,(anonymous_15)
FN:387,(anonymous_16)
FN:431,(anonymous_17)
FN:465,(anonymous_18)
FN:490,(anonymous_19)
FN:491,(anonymous_20)
FN:492,(anonymous_21)
FN:527,(anonymous_22)
FN:577,(anonymous_23)
FN:647,(anonymous_24)
FN:673,(anonymous_25)
FNF:26
FNH:23
FNDA:5,(anonymous_0)
FNDA:2,(anonymous_1)
FNDA:4,(anonymous_2)
FNDA:3,(anonymous_3)
FNDA:3,(anonymous_4)
FNDA:2,(anonymous_5)
FNDA:2,(anonymous_6)
FNDA:2,(anonymous_7)
FNDA:4,(anonymous_8)
FNDA:3,(anonymous_9)
FNDA:4,(anonymous_10)
FNDA:3,(anonymous_11)
FNDA:4,(anonymous_12)
FNDA:2,(anonymous_13)
FNDA:1,(anonymous_14)
FNDA:6,(anonymous_15)
FNDA:5,(anonymous_16)
FNDA:5,(anonymous_17)
FNDA:3,(anonymous_18)
FNDA:0,(anonymous_19)
FNDA:0,(anonymous_20)
FNDA:0,(anonymous_21)
FNDA:6,(anonymous_22)
FNDA:9,(anonymous_23)
FNDA:4,(anonymous_24)
FNDA:4,(anonymous_25)
DA:1,1
DA:2,1
DA:3,1
DA:4,1
DA:5,1
DA:6,1
DA:11,1
DA:14,1
DA:24,5
DA:26,5
DA:27,1
DA:29,4
DA:30,1
DA:32,3
DA:33,1
DA:36,2
DA:51,2
DA:62,2
DA:63,2
DA:64,1
DA:65,1
DA:67,1
DA:72,1
DA:73,4
DA:74,4
DA:75,1
DA:78,3
DA:86,3
DA:87,3
DA:88,1
DA:89,1
DA:91,2
DA:92,1
DA:97,1
DA:98,3
DA:99,3
DA:101,3
DA:102,1
DA:105,2
DA:107,2
DA:113,1
DA:128,1
DA:130,1
DA:131,1
DA:136,1
DA:137,2
DA:138,2
DA:139,2
DA:141,1
DA:146,1
DA:150,1
DA:151,2
DA:161,2
DA:163,2
DA:182,2
DA:193,2
DA:194,1
DA:195,1
DA:197,1
DA:202,1
DA:203,4
DA:204,4
DA:205,1
DA:207,3
DA:211,3
DA:212,1
DA:213,1
DA:215,2
DA:216,1
DA:217,1
DA:223,1
DA:224,4
DA:225,4
DA:235,4
DA:238,4
DA:239,4
DA:241,4
DA:242,0
DA:243,0
DA:245,4
DA:246,0
DA:247,0
DA:249,4
DA:250,0
DA:251,0
DA:253,4
DA:254,0
DA:255,0
DA:257,4
DA:258,0
DA:259,0
DA:261,4
DA:262,3
DA:263,3
DA:265,4
DA:266,0
DA:267,0
DA:269,4
DA:270,0
DA:271,0
DA:274,4
DA:275,1
DA:278,3
DA:281,3
DA:287,3
DA:288,3
DA:289,1
DA:290,1
DA:292,2
DA:293,1
DA:295,1
DA:299,1
DA:302,1
DA:303,4
DA:304,4
DA:305,4
DA:307,3
DA:308,3
DA:309,3
DA:311,2
DA:312,2
DA:313,2
DA:314,2
DA:315,2
DA:316,2
DA:318,2
DA:319,1
DA:321,1
DA:323,2
DA:324,2
DA:328,1
DA:329,1
DA:330,1
DA:331,1
DA:332,1
DA:335,1
DA:336,1
DA:337,1
DA:339,1
DA:340,1
DA:345,1
DA:346,6
DA:347,6
DA:348,6
DA:350,5
DA:351,5
DA:352,5
DA:355,4
DA:356,4
DA:357,3
DA:359,3
DA:360,3
DA:361,3
DA:362,3
DA:363,3
DA:365,3
DA:366,2
DA:368,2
DA:370,1
DA:371,1
DA:378,1
DA:379,1
DA:381,1
DA:382,1
DA:387,1
DA:388,5
DA:389,5
DA:390,5
DA:391,5
DA:393,4
DA:394,4
DA:395,4
DA:397,3
DA:398,3
DA:399,3
DA:400,3
DA:401,3
DA:402,3
DA:404,3
DA:405,2
DA:407,2
DA:408,1
DA:409,1
DA:410,1
DA:413,1
DA:414,1
DA:422,1
DA:423,1
DA:425,1
DA:426,1
DA:431,1
DA:432,5
DA:433,5
DA:434,5
DA:435,5
DA:437,4
DA:438,4
DA:439,4
DA:441,3
DA:442,3
DA:443,3
DA:444,3
DA:445,3
DA:446,3
DA:448,3
DA:449,2
DA:451,2
DA:452,1
DA:455,1
DA:456,1
DA:457,1
DA:459,1
DA:460,1
DA:465,1
DA:466,3
DA:475,3
DA:478,3
DA:481,3
DA:482,1
DA:485,2
DA:486,2
DA:487,2
DA:488,2
DA:490,2
DA:491,2
DA:492,2
DA:494,2
DA:495,2
DA:497,2
DA:499,2
DA:509,2
DA:511,2
DA:527,1
DA:528,6
DA:529,6
DA:531,6
DA:532,1
DA:535,5
DA:536,5
DA:537,5
DA:540,5
DA:541,5
DA:542,1
DA:543,1
DA:546,4
DA:547,4
DA:550,4
DA:555,3
DA:557,3
DA:558,2
DA:564,1
DA:571,1
DA:572,1
DA:577,1
DA:578,9
DA:579,9
DA:580,9
DA:582,9
DA:583,1
DA:586,8
DA:587,1
DA:590,7
DA:591,1
DA:595,6
DA:596,1
DA:600,5
DA:601,3
DA:605,2
DA:606,1
DA:611,3
DA:612,2
DA:616,2
DA:617,1
DA:622,2
DA:635,2
DA:641,1
DA:642,1
DA:647,1
DA:648,4
DA:649,4
DA:652,4
DA:653,1
DA:656,3
DA:661,2
DA:662,1
DA:665,1
DA:667,1
DA:668,1
DA:673,1
DA:674,4
DA:688,4
DA:691,4
DA:692,1
DA:696,3
DA:697,1
DA:701,2
DA:722,2
DA:737,1
DA:739,1
DA:740,1
DA:744,1
LF:301
LH:287
BRDA:26,0,0,1
BRDA:26,0,1,4
BRDA:29,1,0,1
BRDA:29,1,1,3
BRDA:32,2,0,1
BRDA:32,2,1,2
BRDA:32,3,0,3
BRDA:32,3,1,2
BRDA:53,4,0,2
BRDA:53,4,1,2
BRDA:54,5,0,2
BRDA:54,5,1,2
BRDA:55,6,0,2
BRDA:55,6,1,2
BRDA:56,7,0,2
BRDA:56,7,1,2
BRDA:57,8,0,2
BRDA:57,8,1,2
BRDA:58,9,0,2
BRDA:58,9,1,2
BRDA:59,10,0,2
BRDA:59,10,1,0
BRDA:63,11,0,1
BRDA:63,11,1,1
BRDA:74,12,0,1
BRDA:74,12,1,3
BRDA:87,13,0,1
BRDA:87,13,1,2
BRDA:91,14,0,1
BRDA:91,14,1,1
BRDA:99,15,0,3
BRDA:99,15,1,0
BRDA:101,16,0,1
BRDA:101,16,1,2
BRDA:101,17,0,3
BRDA:101,17,1,2
BRDA:125,18,0,1
BRDA:125,18,1,1
BRDA:138,19,0,2
BRDA:138,19,1,0
BRDA:139,20,0,1
BRDA:139,20,1,1
BRDA:184,21,0,2
BRDA:184,21,1,1
BRDA:185,22,0,2
BRDA:185,22,1,2
BRDA:186,23,0,2
BRDA:186,23,1,2
BRDA:187,24,0,0
BRDA:187,24,1,2
BRDA:188,25,0,0
BRDA:188,25,1,2
BRDA:189,26,0,2
BRDA:189,26,1,1
BRDA:190,27,0,0
BRDA:190,27,1,2
BRDA:191,28,0,2
BRDA:191,28,1,2
BRDA:193,29,0,1
BRDA:193,29,1,1
BRDA:204,30,0,1
BRDA:204,30,1,3
BRDA:211,31,0,1
BRDA:211,31,1,2
BRDA:215,32,0,1
BRDA:215,32,1,1
BRDA:241,33,0,0
BRDA:241,33,1,4
BRDA:243,34,0,0
BRDA:243,34,1,0
BRDA:245,35,0,0
BRDA:245,35,1,4
BRDA:247,36,0,0
BRDA:247,36,1,0
BRDA:249,37,0,0
BRDA:249,37,1,4
BRDA:251,38,0,0
BRDA:251,38,1,0
BRDA:253,39,0,0
BRDA:253,39,1,4
BRDA:255,40,0,0
BRDA:255,40,1,0
BRDA:257,41,0,0
BRDA:257,41,1,4
BRDA:259,42,0,0
BRDA:259,42,1,0
BRDA:261,43,0,3
BRDA:261,43,1,1
BRDA:263,44,0,3
BRDA:263,44,1,0
BRDA:265,45,0,0
BRDA:265,45,1,4
BRDA:267,46,0,0
BRDA:267,46,1,0
BRDA:269,47,0,0
BRDA:269,47,1,4
BRDA:271,48,0,0
BRDA:271,48,1,0
BRDA:274,49,0,1
BRDA:274,49,1,3
BRDA:288,50,0,1
BRDA:288,50,1,2
BRDA:292,51,0,1
BRDA:292,51,1,1
BRDA:304,52,0,4
BRDA:304,52,1,1
BRDA:305,53,0,1
BRDA:305,53,1,3
BRDA:309,54,0,1
BRDA:309,54,1,2
BRDA:321,55,0,1
BRDA:321,55,1,0
BRDA:323,56,0,2
BRDA:323,56,1,0
BRDA:324,57,0,2
BRDA:324,57,1,1
BRDA:329,58,0,1
BRDA:329,58,1,0
BRDA:348,59,0,1
BRDA:348,59,1,5
BRDA:352,60,0,1
BRDA:352,60,1,4
BRDA:356,61,0,1
BRDA:356,61,1,3
BRDA:368,62,0,1
BRDA:368,62,1,1
BRDA:389,63,0,5
BRDA:389,63,1,1
BRDA:390,64,0,5
BRDA:390,64,1,5
BRDA:391,65,0,1
BRDA:391,65,1,4
BRDA:395,66,0,1
BRDA:395,66,1,3
BRDA:407,67,0,1
BRDA:407,67,1,1
BRDA:435,68,0,1
BRDA:435,68,1,4
BRDA:435,69,0,5
BRDA:435,69,1,5
BRDA:439,70,0,1
BRDA:439,70,1,3
BRDA:451,71,0,1
BRDA:451,71,1,1
BRDA:468,72,0,0
BRDA:469,73,0,3
BRDA:471,74,0,3
BRDA:472,75,0,3
BRDA:473,76,0,3
BRDA:474,77,0,3
BRDA:475,78,0,3
BRDA:475,78,1,0
BRDA:478,79,0,2
BRDA:478,79,1,1
BRDA:481,80,0,1
BRDA:481,80,1,2
BRDA:485,81,0,2
BRDA:485,81,1,0
BRDA:486,82,0,0
BRDA:486,82,1,2
BRDA:487,83,0,2
BRDA:487,83,1,2
BRDA:490,84,0,2
BRDA:490,84,1,0
BRDA:490,85,0,0
BRDA:490,85,1,0
BRDA:492,86,0,0
BRDA:492,86,1,2
BRDA:494,87,0,2
BRDA:494,87,1,0
BRDA:495,88,0,0
BRDA:495,88,1,2
BRDA:503,89,0,0
BRDA:503,89,1,2
BRDA:504,90,0,0
BRDA:504,90,1,2
BRDA:505,91,0,2
BRDA:505,91,1,0
BRDA:506,92,0,2
BRDA:506,92,1,0
BRDA:519,93,0,2
BRDA:519,93,1,2
BRDA:520,94,0,2
BRDA:520,94,1,2
BRDA:529,95,0,6
BRDA:531,96,0,1
BRDA:531,96,1,5
BRDA:536,97,0,5
BRDA:536,97,1,0
BRDA:537,98,0,0
BRDA:537,98,1,5
BRDA:541,99,0,1
BRDA:541,99,1,4
BRDA:541,100,0,5
BRDA:541,100,1,5
BRDA:557,101,0,2
BRDA:557,101,1,1
BRDA:557,102,0,3
BRDA:557,102,1,2
BRDA:561,103,0,1
BRDA:561,103,1,1
BRDA:582,104,0,1
BRDA:582,104,1,8
BRDA:582,105,0,9
BRDA:582,105,1,8
BRDA:582,105,2,8
BRDA:586,106,0,1
BRDA:586,106,1,7
BRDA:586,107,0,8
BRDA:586,107,1,4
BRDA:590,108,0,1
BRDA:590,108,1,6
BRDA:590,109,0,7
BRDA:590,109,1,4
BRDA:595,110,0,1
BRDA:595,110,1,5
BRDA:595,111,0,6
BRDA:595,111,1,3
BRDA:600,112,0,3
BRDA:600,112,1,2
BRDA:605,113,0,1
BRDA:605,113,1,1
BRDA:611,114,0,2
BRDA:611,114,1,1
BRDA:616,115,0,1
BRDA:616,115,1,1
BRDA:628,116,0,1
BRDA:628,116,1,1
BRDA:629,117,0,1
BRDA:629,117,1,1
BRDA:652,118,0,1
BRDA:652,118,1,3
BRDA:661,119,0,1
BRDA:661,119,1,1
BRDA:661,120,0,2
BRDA:661,120,1,2
BRDA:691,121,0,1
BRDA:691,121,1,3
BRDA:696,122,0,1
BRDA:696,122,1,2
BRDA:696,123,0,3
BRDA:696,123,1,2
BRDA:726,124,0,2
BRDA:726,124,1,2
BRDA:727,125,0,2
BRDA:727,125,1,2
BRDA:728,126,0,2
BRDA:728,126,1,2
BRDA:729,127,0,2
BRDA:729,127,1,2
BRDA:730,128,0,2
BRDA:730,128,1,2
BRF:252
BRH:205
end_of_record
TN:
SF:routes\payments.js
FN:11,(anonymous_0)
FN:65,(anonymous_1)
FN:132,(anonymous_2)
FNF:3
FNH:3
FNDA:5,(anonymous_0)
FNDA:7,(anonymous_1)
FNDA:7,(anonymous_2)
DA:1,1
DA:2,1
DA:3,1
DA:4,1
DA:6,1
DA:7,1
DA:11,1
DA:12,5
DA:13,5
DA:16,5
DA:17,5
DA:19,1
DA:20,1
DA:23,4
DA:24,4
DA:25,3
DA:26,3
DA:30,2
DA:31,2
DA:32,1
DA:36,1
DA:47,3
DA:48,1
DA:49,1
DA:55,3
DA:57,1
DA:58,1
DA:65,1
DA:66,7
DA:67,7
DA:68,7
DA:69,7
DA:72,6
DA:77,5
DA:81,5
DA:82,5
DA:83,1
DA:85,4
DA:86,4
DA:87,3
DA:88,1
DA:92,2
DA:93,2
DA:94,2
DA:99,2
DA:102,2
DA:114,1
DA:119,1
DA:121,2
DA:122,2
DA:123,1
DA:125,1
DA:132,1
DA:133,7
DA:134,7
DA:135,7
DA:136,7
DA:137,1
DA:141,6
DA:142,5
DA:143,1
DA:147,4
DA:151,4
DA:152,4
DA:153,1
DA:155,3
DA:156,1
DA:160,2
DA:161,1
DA:165,1
DA:169,1
DA:178,1
DA:180,1
DA:181,1
DA:185,1
LF:75
LH:75
BRDA:24,0,0,3
BRDA:24,0,1,1
BRDA:30,1,0,2
BRDA:30,1,1,2
BRDA:31,2,0,1
BRDA:31,2,1,1
BRDA:47,3,0,1
BRDA:47,3,1,2
BRDA:68,4,0,7
BRDA:68,4,1,0
BRDA:69,5,0,1
BRDA:69,5,1,6
BRDA:81,6,0,5
BRDA:81,6,1,5
BRDA:82,7,0,1
BRDA:82,7,1,4
BRDA:82,8,0,5
BRDA:82,8,1,1
BRDA:85,9,0,4
BRDA:85,9,1,4
BRDA:86,10,0,1
BRDA:86,10,1,3
BRDA:87,11,0,1
BRDA:87,11,1,2
BRDA:122,12,0,1
BRDA:122,12,1,1
BRDA:135,13,0,7
BRDA:135,13,1,0
BRDA:136,14,0,1
BRDA:136,14,1,6
BRDA:142,15,0,1
BRDA:142,15,1,4
BRDA:151,16,0,4
BRDA:151,16,1,4
BRDA:152,17,0,1
BRDA:152,17,1,3
BRDA:155,18,0,1
BRDA:155,18,1,2
BRDA:160,19,0,1
BRDA:160,19,1,1
BRF:40
BRH:38
end_of_record
TN:
SF:routes\properties.js
FN:7,(anonymous_0)
FN:213,(anonymous_1)
FN:216,(anonymous_2)
FN:220,(anonymous_3)
FN:222,(anonymous_4)
FN:241,(anonymous_5)
FN:312,(anonymous_6)
FN:339,(anonymous_7)
FN:344,(anonymous_8)
FN:346,(anonymous_9)
FN:351,(anonymous_10)
FN:354,(anonymous_11)
FN:356,(anonymous_12)
FN:358,(anonymous_13)
FN:362,(anonymous_14)
FN:365,(anonymous_15)
FN:402,(anonymous_16)
FN:412,(anonymous_17)
FN:424,(anonymous_18)
FN:469,(anonymous_19)
FN:481,(anonymous_20)
FN:499,(anonymous_21)
FN:519,(anonymous_22)
FN:527,(anonymous_23)
FN:529,(anonymous_24)
FN:536,(anonymous_25)
FN:555,(anonymous_26)
FN:563,(anonymous_27)
FN:568,(anonymous_28)
FN:575,(anonymous_29)
FN:597,(anonymous_30)
FN:607,(anonymous_31)
FN:646,(anonymous_32)
FN:657,(anonymous_33)
FN:663,(anonymous_34)
FN:676,(anonymous_35)
FNF:36
FNH:35
FNDA:4,(anonymous_0)
FNDA:1,(anonymous_1)
FNDA:0,(anonymous_2)
FNDA:2,(anonymous_3)
FNDA:2,(anonymous_4)
FNDA:5,(anonymous_5)
FNDA:3,(anonymous_6)
FNDA:4,(anonymous_7)
FNDA:3,(anonymous_8)
FNDA:1,(anonymous_9)
FNDA:1,(anonymous_10)
FNDA:3,(anonymous_11)
FNDA:1,(anonymous_12)
FNDA:1,(anonymous_13)
FNDA:3,(anonymous_14)
FNDA:3,(anonymous_15)
FNDA:2,(anonymous_16)
FNDA:1,(anonymous_17)
FNDA:4,(anonymous_18)
FNDA:3,(anonymous_19)
FNDA:2,(anonymous_20)
FNDA:2,(anonymous_21)
FNDA:2,(anonymous_22)
FNDA:1,(anonymous_23)
FNDA:1,(anonymous_24)
FNDA:4,(anonymous_25)
FNDA:4,(anonymous_26)
FNDA:2,(anonymous_27)
FNDA:1,(anonymous_28)
FNDA:2,(anonymous_29)
FNDA:2,(anonymous_30)
FNDA:2,(anonymous_31)
FNDA:2,(anonymous_32)
FNDA:3,(anonymous_33)
FNDA:3,(anonymous_34)
FNDA:5,(anonymous_35)
DA:1,1
DA:2,1
DA:3,1
DA:4,1
DA:7,1
DA:8,4
DA:64,4
DA:66,4
DA:68,4
DA:78,3
DA:79,1
DA:85,2
DA:86,2
DA:88,2
DA:128,2
DA:206,2
DA:207,2
DA:210,2
DA:211,1
DA:212,1
DA:214,1
DA:216,0
DA:220,2
DA:221,2
DA:222,2
DA:223,1
DA:228,2
DA:235,1
DA:236,1
DA:241,1
DA:242,5
DA:243,5
DA:245,5
DA:246,1
DA:250,4
DA:251,4
DA:254,4
DA:309,4
DA:310,4
DA:312,4
DA:314,3
DA:315,3
DA:317,3
DA:318,1
DA:319,1
DA:320,0
DA:321,0
DA:322,0
DA:323,0
DA:325,0
DA:329,4
DA:330,5
DA:331,3
DA:332,2
DA:333,2
DA:334,2
DA:338,4
DA:339,4
DA:340,4
DA:341,4
DA:344,3
DA:345,3
DA:346,1
DA:347,1
DA:351,1
DA:354,3
DA:355,3
DA:356,1
DA:357,1
DA:358,1
DA:362,3
DA:363,3
DA:365,3
DA:366,3
DA:369,3
DA:370,3
DA:371,1
DA:376,2
DA:378,1
DA:380,1
DA:386,1
DA:391,1
DA:394,1
DA:399,1
DA:402,2
DA:403,2
DA:404,0
DA:405,0
DA:407,2
DA:408,0
DA:411,2
DA:412,1
DA:416,2
DA:424,1
DA:425,4
DA:426,4
DA:430,1
DA:433,3
DA:434,3
DA:435,3
DA:437,3
DA:439,3
DA:447,3
DA:469,3
DA:470,3
DA:471,1
DA:472,1
DA:475,2
DA:476,2
DA:478,2
DA:482,2
DA:483,1
DA:484,1
DA:486,1
DA:499,1
DA:500,2
DA:501,2
DA:503,2
DA:519,2
DA:520,2
DA:521,2
DA:523,1
DA:524,1
DA:528,1
DA:529,1
DA:536,1
DA:537,4
DA:539,4
DA:555,4
DA:556,4
DA:557,3
DA:559,2
DA:560,2
DA:564,2
DA:565,1
DA:566,1
DA:568,1
DA:575,1
DA:576,2
DA:578,2
DA:597,2
DA:598,2
DA:599,1
DA:600,1
DA:602,1
DA:607,1
DA:608,2
DA:609,2
DA:611,2
DA:646,2
DA:647,2
DA:648,0
DA:649,0
DA:651,2
DA:652,1
DA:657,1
DA:658,3
DA:659,3
DA:661,3
DA:663,3
DA:664,3
DA:665,1
DA:666,1
DA:668,2
DA:669,1
DA:671,1
DA:676,1
DA:677,5
DA:678,5
DA:679,5
DA:682,5
DA:690,4
DA:691,1
DA:694,3
DA:697,3
DA:698,1
DA:702,2
DA:703,1
DA:710,1
DA:721,1
DA:728,1
DA:729,1
DA:733,1
LF:183
LH:172
BRDA:64,0,0,4
BRDA:64,0,1,0
BRDA:78,1,0,1
BRDA:78,1,1,2
BRDA:78,2,0,3
BRDA:78,2,1,3
BRDA:129,3,0,2
BRDA:129,3,1,0
BRDA:130,4,0,2
BRDA:130,4,1,0
BRDA:131,5,0,2
BRDA:131,5,1,0
BRDA:133,6,0,2
BRDA:133,6,1,2
BRDA:133,6,2,0
BRDA:134,7,0,2
BRDA:134,7,1,2
BRDA:136,8,0,2
BRDA:136,8,1,1
BRDA:137,9,0,2
BRDA:137,9,1,1
BRDA:138,10,0,2
BRDA:138,10,1,2
BRDA:140,11,0,2
BRDA:140,11,1,1
BRDA:141,12,0,2
BRDA:141,12,1,1
BRDA:142,13,0,2
BRDA:142,13,1,2
BRDA:144,14,0,2
BRDA:144,14,1,2
BRDA:145,15,0,2
BRDA:145,15,1,2
BRDA:146,16,0,2
BRDA:146,16,1,0
BRDA:148,17,0,2
BRDA:148,17,1,2
BRDA:149,18,0,2
BRDA:149,18,1,2
BRDA:151,19,0,0
BRDA:151,19,1,2
BRDA:152,20,0,0
BRDA:152,20,1,2
BRDA:154,21,0,0
BRDA:154,21,1,2
BRDA:155,22,0,0
BRDA:155,22,1,2
BRDA:157,23,0,0
BRDA:157,23,1,2
BRDA:158,24,0,0
BRDA:158,24,1,2
BRDA:160,25,0,0
BRDA:160,25,1,2
BRDA:161,26,0,0
BRDA:161,26,1,2
BRDA:162,27,0,0
BRDA:162,27,1,2
BRDA:164,28,0,2
BRDA:164,28,1,1
BRDA:165,29,0,2
BRDA:165,29,1,1
BRDA:172,30,0,0
BRDA:172,30,1,2
BRDA:173,31,0,0
BRDA:173,31,1,2
BRDA:175,32,0,0
BRDA:175,32,1,2
BRDA:176,33,0,0
BRDA:176,33,1,2
BRDA:177,34,0,0
BRDA:177,34,1,2
BRDA:178,35,0,0
BRDA:178,35,1,2
BRDA:180,36,0,0
BRDA:180,36,1,2
BRDA:181,37,0,0
BRDA:181,37,1,2
BRDA:182,38,0,0
BRDA:182,38,1,2
BRDA:183,39,0,0
BRDA:183,39,1,2
BRDA:184,40,0,0
BRDA:184,40,1,2
BRDA:185,41,0,0
BRDA:185,41,1,2
BRDA:186,42,0,0
BRDA:186,42,1,2
BRDA:187,43,0,0
BRDA:187,43,1,2
BRDA:189,44,0,2
BRDA:189,44,1,2
BRDA:191,45,0,0
BRDA:191,45,1,2
BRDA:192,46,0,0
BRDA:192,46,1,2
BRDA:193,47,0,0
BRDA:193,47,1,2
BRDA:194,48,0,0
BRDA:194,48,1,2
BRDA:195,49,0,0
BRDA:195,49,1,2
BRDA:196,50,0,0
BRDA:196,50,1,2
BRDA:197,51,0,0
BRDA:197,51,1,2
BRDA:198,52,0,0
BRDA:198,52,1,2
BRDA:199,53,0,0
BRDA:199,53,1,2
BRDA:202,54,0,0
BRDA:202,54,1,2
BRDA:203,55,0,0
BRDA:203,55,1,2
BRDA:210,56,0,1
BRDA:210,56,1,1
BRDA:210,57,0,2
BRDA:210,57,1,1
BRDA:214,58,0,1
BRDA:214,58,1,0
BRDA:220,59,0,1
BRDA:220,59,1,1
BRDA:220,60,0,2
BRDA:220,60,1,0
BRDA:221,61,0,1
BRDA:221,61,1,1
BRDA:243,62,0,5
BRDA:243,62,1,0
BRDA:245,63,0,1
BRDA:245,63,1,4
BRDA:245,64,0,5
BRDA:245,64,1,5
BRDA:250,65,0,1
BRDA:250,65,1,3
BRDA:251,66,0,1
BRDA:251,66,1,3
BRDA:314,67,0,0
BRDA:314,67,1,3
BRDA:314,68,0,3
BRDA:314,68,1,3
BRDA:314,68,2,3
BRDA:315,69,0,0
BRDA:315,69,1,3
BRDA:315,70,0,3
BRDA:315,70,1,2
BRDA:317,71,0,2
BRDA:317,71,1,1
BRDA:318,72,0,0
BRDA:318,72,1,1
BRDA:318,73,0,0
BRDA:318,73,1,0
BRDA:319,74,0,1
BRDA:319,74,1,0
BRDA:319,75,0,1
BRDA:319,75,1,1
BRDA:319,76,0,1
BRDA:319,76,1,0
BRDA:320,77,0,0
BRDA:320,77,1,0
BRDA:321,78,0,0
BRDA:321,78,1,0
BRDA:321,79,0,0
BRDA:321,79,1,0
BRDA:321,79,2,0
BRDA:321,79,3,0
BRDA:322,80,0,0
BRDA:322,80,1,0
BRDA:322,81,0,0
BRDA:322,81,1,0
BRDA:322,81,2,0
BRDA:322,81,3,0
BRDA:323,82,0,0
BRDA:323,82,1,0
BRDA:330,83,0,2
BRDA:330,83,1,3
BRDA:331,84,0,1
BRDA:331,84,1,2
BRDA:340,85,0,0
BRDA:340,85,1,4
BRDA:341,86,0,1
BRDA:341,86,1,3
BRDA:341,87,0,4
BRDA:341,87,1,4
BRDA:345,88,0,2
BRDA:345,88,1,1
BRDA:355,89,0,2
BRDA:355,89,1,1
BRDA:363,90,0,0
BRDA:363,90,1,3
BRDA:366,91,0,0
BRDA:366,91,1,3
BRDA:370,92,0,1
BRDA:370,92,1,2
BRDA:370,93,0,3
BRDA:370,93,1,2
BRDA:376,94,0,1
BRDA:376,94,1,1
BRDA:388,95,0,0
BRDA:388,95,1,1
BRDA:403,96,0,0
BRDA:403,96,1,2
BRDA:407,97,0,0
BRDA:407,97,1,2
BRDA:413,98,0,1
BRDA:413,98,1,1
BRDA:426,99,0,1
BRDA:426,99,1,3
BRDA:427,100,0,4
BRDA:427,100,1,3
BRDA:427,100,2,3
BRDA:427,100,3,3
BRDA:433,101,0,3
BRDA:433,101,1,3
BRDA:434,102,0,3
BRDA:434,102,1,3
BRDA:470,103,0,1
BRDA:470,103,1,2
BRDA:482,104,0,1
BRDA:482,104,1,1
BRDA:520,105,0,0
BRDA:520,105,1,2
BRDA:521,106,0,1
BRDA:521,106,1,1
BRDA:527,107,0,0
BRDA:528,108,0,0
BRDA:528,108,1,1
BRDA:556,109,0,1
BRDA:556,109,1,3
BRDA:557,110,0,1
BRDA:557,110,1,2
BRDA:563,111,0,1
BRDA:564,112,0,1
BRDA:564,112,1,1
BRDA:598,113,0,1
BRDA:598,113,1,1
BRDA:647,114,0,0
BRDA:647,114,1,2
BRDA:651,115,0,1
BRDA:651,115,1,1
BRDA:664,116,0,1
BRDA:664,116,1,2
BRDA:668,117,0,1
BRDA:668,117,1,1
BRDA:690,118,0,1
BRDA:690,118,1,3
BRDA:697,119,0,1
BRDA:697,119,1,2
BRDA:697,120,0,3
BRDA:697,120,1,1
BRDA:702,121,0,1
BRDA:702,121,1,1
BRF:250
BRH:174
end_of_record
TN:
SF:routes\savedSearches.js
FN:7,(anonymous_0)
FN:44,(anonymous_1)
FN:61,(anonymous_2)
FNF:3
FNH:3
FNDA:2,(anonymous_0)
FNDA:2,(anonymous_1)
FNDA:3,(anonymous_2)
DA:1,1
DA:2,1
DA:3,1
DA:4,1
DA:7,1
DA:8,2
DA:9,2
DA:11,2
DA:15,1
DA:17,1
DA:36,1
DA:38,1
DA:39,1
DA:44,1
DA:45,2
DA:46,2
DA:48,2
DA:53,1
DA:55,1
DA:56,1
DA:61,1
DA:62,3
DA:63,3
DA:64,3
DA:67,3
DA:72,2
DA:74,1
DA:80,1
DA:86,2
DA:88,1
DA:89,1
DA:93,1
LF:32
LH:32
BRDA:15,0,0,1
BRDA:15,0,1,0
BRDA:72,1,0,1
BRDA:72,1,1,1
BRF:4
BRH:3
end_of_record
TN:
SF:routes\users.js
FN:14,(anonymous_0)
FN:26,(anonymous_1)
FN:35,(anonymous_2)
FN:66,(anonymous_3)
FN:124,(anonymous_4)
FN:145,(anonymous_5)
FN:193,(anonymous_6)
FN:231,(anonymous_7)
FN:289,(anonymous_8)
FN:311,(anonymous_9)
FN:314,(anonymous_10)
FN:326,(anonymous_11)
FN:333,(anonymous_12)
FN:333,(anonymous_13)
FN:338,(anonymous_14)
FN:338,(anonymous_15)
FN:352,(anonymous_16)
FN:387,(anonymous_17)
FN:409,(anonymous_18)
FN:409,(anonymous_19)
FN:419,(anonymous_20)
FN:419,(anonymous_21)
FN:433,(anonymous_22)
FN:433,(anonymous_23)
FN:435,(anonymous_24)
FN:435,(anonymous_25)
FN:444,(anonymous_26)
FN:444,(anonymous_27)
FNF:28
FNH:26
FNDA:4,(anonymous_0)
FNDA:4,(anonymous_1)
FNDA:9,(anonymous_2)
FNDA:20,(anonymous_3)
FNDA:4,(anonymous_4)
FNDA:3,(anonymous_5)
FNDA:4,(anonymous_6)
FNDA:4,(anonymous_7)
FNDA:4,(anonymous_8)
FNDA:3,(anonymous_9)
FNDA:2,(anonymous_10)
FNDA:8,(anonymous_11)
FNDA:7,(anonymous_12)
FNDA:7,(anonymous_13)
FNDA:6,(anonymous_14)
FNDA:6,(anonymous_15)
FNDA:0,(anonymous_16)
FNDA:0,(anonymous_17)
FNDA:1,(anonymous_18)
FNDA:1,(anonymous_19)
FNDA:1,(anonymous_20)
FNDA:1,(anonymous_21)
FNDA:2,(anonymous_22)
FNDA:2,(anonymous_23)
FNDA:1,(anonymous_24)
FNDA:1,(anonymous_25)
FNDA:1,(anonymous_26)
FNDA:1,(anonymous_27)
DA:1,1
DA:2,1
DA:3,1
DA:4,1
DA:5,1
DA:6,1
DA:10,1
DA:11,1
DA:14,1
DA:15,4
DA:16,4
DA:19,4
DA:23,4
DA:27,4
DA:28,3
DA:29,2
DA:35,1
DA:36,9
DA:37,9
DA:39,8
DA:42,8
DA:43,1
DA:48,7
DA:49,7
DA:56,6
DA:57,5
DA:59,1
DA:62,5
DA:63,5
DA:66,20
DA:67,5
DA:68,5
DA:70,5
DA:71,5
DA:73,5
DA:74,5
DA:76,5
DA:78,5
DA:79,1
DA:80,0
DA:81,0
DA:82,0
DA:85,4
DA:86,4
DA:88,4
DA:89,4
DA:91,4
DA:93,4
DA:94,1
DA:95,1
DA:96,1
DA:97,1
DA:100,4
DA:102,3
DA:104,3
DA:105,3
DA:110,2
DA:116,2
DA:118,1
DA:119,1
DA:124,1
DA:125,4
DA:126,4
DA:128,4
DA:133,3
DA:134,1
DA:137,2
DA:139,1
DA:140,1
DA:145,1
DA:146,3
DA:147,3
DA:148,3
DA:150,3
DA:151,1
DA:154,2
DA:156,2
DA:157,2
DA:158,2
DA:160,2
DA:161,2
DA:162,1
DA:165,1
DA:173,1
DA:175,1
DA:187,0
DA:188,0
DA:193,1
DA:194,4
DA:195,4
DA:196,4
DA:198,4
DA:199,1
DA:203,3
DA:204,1
DA:208,2
DA:209,2
DA:210,1
DA:218,2
DA:223,1
DA:225,1
DA:226,1
DA:231,1
DA:232,4
DA:233,4
DA:236,4
DA:241,3
DA:242,1
DA:245,2
DA:248,2
DA:249,1
DA:251,1
DA:252,1
DA:253,1
DA:255,1
DA:257,1
DA:259,1
DA:260,1
DA:266,1
DA:267,1
DA:270,0
DA:276,2
DA:281,2
DA:283,1
DA:284,1
DA:289,1
DA:290,4
DA:291,4
DA:293,3
DA:301,3
DA:311,3
DA:312,3
DA:314,2
DA:315,2
DA:316,1
DA:320,1
DA:326,1
DA:327,8
DA:328,8
DA:332,7
DA:333,7
DA:335,1
DA:336,1
DA:338,6
DA:339,6
DA:340,1
DA:341,1
DA:344,5
DA:346,5
DA:352,4
DA:354,4
DA:361,4
DA:368,4
DA:375,4
DA:382,4
DA:384,0
DA:385,0
DA:386,0
DA:387,0
DA:388,0
DA:397,4
DA:405,4
DA:406,4
DA:408,1
DA:409,1
DA:410,1
DA:411,1
DA:415,3
DA:416,3
DA:418,1
DA:419,1
DA:420,1
DA:421,1
DA:425,2
DA:433,2
DA:434,2
DA:435,1
DA:436,1
DA:437,1
DA:440,1
DA:441,1
DA:443,1
DA:444,1
DA:445,1
DA:446,1
DA:450,1
LF:186
LH:175
BRDA:19,0,0,2
BRDA:19,0,1,2
BRDA:27,1,0,1
BRDA:27,1,1,3
BRDA:28,2,0,1
BRDA:28,2,1,2
BRDA:37,3,0,1
BRDA:37,3,1,8
BRDA:39,4,0,8
BRDA:39,4,1,0
BRDA:42,5,0,1
BRDA:42,5,1,7
BRDA:56,6,0,1
BRDA:56,6,1,5
BRDA:66,7,0,9
BRDA:66,7,1,11
BRDA:66,8,0,20
BRDA:66,8,1,11
BRDA:67,9,0,5
BRDA:67,9,1,0
BRDA:68,10,0,5
BRDA:68,10,1,0
BRDA:73,11,0,5
BRDA:73,11,1,1
BRDA:74,12,0,5
BRDA:74,12,1,0
BRDA:76,13,0,2
BRDA:76,13,1,3
BRDA:76,14,0,2
BRDA:76,14,1,0
BRDA:78,15,0,1
BRDA:78,15,1,4
BRDA:79,16,0,1
BRDA:79,16,1,0
BRDA:85,17,0,0
BRDA:85,17,1,4
BRDA:85,18,0,0
BRDA:85,18,1,0
BRDA:86,19,0,0
BRDA:86,19,1,4
BRDA:86,20,0,0
BRDA:86,20,1,0
BRDA:88,21,0,1
BRDA:88,21,1,3
BRDA:89,22,0,0
BRDA:89,22,1,4
BRDA:93,23,0,1
BRDA:93,23,1,3
BRDA:93,24,0,4
BRDA:93,24,1,1
BRDA:93,24,2,0
BRDA:100,25,0,1
BRDA:100,25,1,3
BRDA:116,26,0,2
BRDA:116,26,1,0
BRDA:133,27,0,1
BRDA:133,27,1,2
BRDA:133,28,0,3
BRDA:133,28,1,3
BRDA:137,29,0,2
BRDA:137,29,1,1
BRDA:148,30,0,3
BRDA:148,30,1,0
BRDA:150,31,0,1
BRDA:150,31,1,2
BRDA:156,32,0,2
BRDA:156,32,1,0
BRDA:157,33,0,0
BRDA:157,33,1,2
BRDA:161,34,0,1
BRDA:161,34,1,1
BRDA:198,35,0,1
BRDA:198,35,1,3
BRDA:198,36,0,4
BRDA:198,36,1,3
BRDA:203,37,0,1
BRDA:203,37,1,2
BRDA:208,38,0,0
BRDA:208,38,1,2
BRDA:209,39,0,1
BRDA:209,39,1,1
BRDA:241,40,0,1
BRDA:241,40,1,2
BRDA:241,41,0,3
BRDA:241,41,1,3
BRDA:248,42,0,1
BRDA:248,42,1,1
BRDA:248,43,0,2
BRDA:248,43,1,1
BRDA:253,44,0,1
BRDA:253,44,1,0
BRDA:253,45,0,1
BRDA:253,45,1,1
BRDA:291,46,0,1
BRDA:291,46,1,3
BRDA:311,47,0,1
BRDA:312,48,0,1
BRDA:312,48,1,2
BRDA:314,49,0,1
BRDA:315,50,0,1
BRDA:315,50,1,1
BRDA:316,51,0,1
BRDA:316,51,1,0
BRDA:328,52,0,1
BRDA:328,52,1,7
BRDA:333,53,0,1
BRDA:333,53,1,6
BRDA:339,54,0,1
BRDA:339,54,1,5
BRDA:382,55,0,0
BRDA:382,55,1,4
BRDA:434,56,0,1
BRDA:434,56,1,1
BRF:113
BRH:91
end_of_record
TN:
SF:sockets\index.js
FN:3,initSockets
FN:7,(anonymous_1)
FN:13,(anonymous_2)
FN:17,(anonymous_3)
FN:22,(anonymous_4)
FN:62,(anonymous_5)
FN:137,(anonymous_6)
FN:185,(anonymous_7)
FN:196,(anonymous_8)
FN:211,(anonymous_9)
FNF:10
FNH:10
FNDA:18,initSockets
FNDA:19,(anonymous_1)
FNDA:1,(anonymous_2)
FNDA:1,(anonymous_3)
FNDA:9,(anonymous_4)
FNDA:6,(anonymous_5)
FNDA:5,(anonymous_6)
FNDA:5,(anonymous_7)
FNDA:4,(anonymous_8)
FNDA:1,(anonymous_9)
DA:1,1
DA:3,1
DA:4,18
DA:6,18
DA:7,18
DA:9,19
DA:10,19
DA:11,19
DA:13,19
DA:14,1
DA:17,19
DA:18,1
DA:22,19
DA:24,9
DA:25,9
DA:26,9
DA:27,9
DA:28,9
DA:39,9
DA:40,8
DA:41,7
DA:43,6
DA:44,6
DA:45,6
DA:47,6
DA:51,6
DA:62,6
DA:63,6
DA:64,1
DA:65,1
DA:66,1
DA:69,5
DA:83,5
DA:84,1
DA:85,1
DA:93,1
DA:103,0
DA:104,0
DA:109,5
DA:110,1
DA:111,1
DA:117,1
DA:127,0
DA:128,0
DA:133,5
DA:138,5
DA:143,5
DA:144,1
DA:148,5
DA:149,5
DA:152,5
DA:153,5
DA:154,5
DA:156,5
DA:157,1
DA:163,4
DA:179,0
DA:185,19
DA:186,5
DA:187,5
DA:189,4
DA:196,4
DA:197,4
DA:198,2
DA:201,2
DA:205,1
DA:208,1
DA:212,1
DA:213,1
DA:214,1
LF:70
LH:65
BRDA:25,0,0,9
BRDA:25,0,1,0
BRDA:27,1,0,3
BRDA:27,1,1,6
BRDA:36,2,0,9
BRDA:36,2,1,7
BRDA:39,3,0,1
BRDA:39,3,1,8
BRDA:39,4,0,9
BRDA:39,4,1,9
BRDA:40,5,0,1
BRDA:40,5,1,7
BRDA:40,6,0,8
BRDA:40,6,1,6
BRDA:40,6,2,3
BRDA:41,7,0,1
BRDA:41,7,1,6
BRDA:41,8,0,7
BRDA:41,8,1,5
BRDA:41,8,2,2
BRDA:43,9,0,3
BRDA:43,9,1,3
BRDA:44,10,0,6
BRDA:44,10,1,5
BRDA:45,11,0,6
BRDA:45,11,1,5
BRDA:52,12,0,6
BRDA:52,12,1,5
BRDA:59,13,0,2
BRDA:59,13,1,4
BRDA:59,14,0,6
BRDA:59,14,1,5
BRDA:63,15,0,1
BRDA:63,15,1,5
BRDA:78,16,0,2
BRDA:78,16,1,3
BRDA:78,17,0,5
BRDA:78,17,1,4
BRDA:83,18,0,1
BRDA:83,18,1,4
BRDA:93,19,0,1
BRDA:93,19,1,0
BRDA:109,20,0,1
BRDA:109,20,1,4
BRDA:117,21,0,1
BRDA:117,21,1,0
BRDA:136,22,0,5
BRDA:136,22,1,4
BRDA:138,23,0,0
BRDA:138,23,1,5
BRDA:143,24,0,1
BRDA:143,24,1,4
BRDA:153,25,0,5
BRDA:153,25,1,4
BRDA:156,26,0,1
BRDA:156,26,1,4
BRDA:166,27,0,1
BRDA:166,27,1,3
BRDA:167,28,0,0
BRDA:167,28,1,1
BRDA:168,29,0,1
BRDA:168,29,1,2
BRDA:173,30,0,1
BRDA:173,30,1,3
BRDA:187,31,0,1
BRDA:187,31,1,4
BRDA:187,32,0,5
BRDA:187,32,1,4
BRDA:197,33,0,2
BRDA:197,33,1,2
BRDA:197,34,0,4
BRDA:197,34,1,3
BRDA:201,35,0,1
BRDA:201,35,1,1
BRDA:202,36,0,2
BRDA:202,36,1,1
BRDA:212,37,0,0
BRDA:212,37,1,1
BRF:78
BRH:72
end_of_record
TN:
SF:utils\ai.js
FN:12,(anonymous_0)
FN:13,(anonymous_1)
FN:14,(anonymous_2)
FN:26,cacheKey
FN:31,getCache
FN:38,setCache
FN:45,checkGeminiRateLimit
FN:66,recordGeminiRequest
FN:86,fetchWithTimeout
FN:88,(anonymous_9)
FN:98,callGemini
FN:136,callGroq
FN:168,callGroqMessages
FN:200,callGeminiMessages
FN:258,aiGenerate
FN:299,(anonymous_15)
FN:307,aiGenerateMessages
FN:342,(anonymous_17)
FNF:18
FNH:17
FNDA:15,(anonymous_0)
FNDA:12,(anonymous_1)
FNDA:13,(anonymous_2)
FNDA:10,cacheKey
FNDA:6,getCache
FNDA:3,setCache
FNDA:12,checkGeminiRateLimit
FNDA:3,recordGeminiRequest
FNDA:23,fetchWithTimeout
FNDA:0,(anonymous_9)
FNDA:10,callGemini
FNDA:8,callGroq
FNDA:4,callGroqMessages
FNDA:5,callGeminiMessages
FNDA:8,aiGenerate
FNDA:4,(anonymous_15)
FNDA:5,aiGenerateMessages
FNDA:2,(anonymous_17)
DA:6,1
DA:7,1
DA:10,1
DA:11,1
DA:12,15
DA:13,12
DA:14,13
DA:16,1
DA:17,1
DA:20,1
DA:21,1
DA:22,1
DA:23,1
DA:27,10
DA:28,10
DA:32,6
DA:33,6
DA:34,5
DA:35,1
DA:39,3
DA:40,3
DA:46,12
DA:47,12
DA:50,12
DA:51,12
DA:52,12
DA:53,12
DA:56,11
DA:57,11
DA:58,11
DA:60,11
DA:62,0
DA:67,3
DA:68,3
DA:69,3
DA:70,3
DA:72,3
DA:73,3
DA:74,3
DA:75,3
DA:77,3
DA:78,3
DA:79,3
DA:80,3
DA:87,23
DA:88,23
DA:89,23
DA:90,23
DA:91,23
DA:93,23
DA:99,10
DA:100,10
DA:102,7
DA:103,7
DA:105,6
DA:111,6
DA:117,6
DA:118,4
DA:119,4
DA:120,4
DA:121,0
DA:122,4
DA:123,4
DA:124,4
DA:127,2
DA:129,2
DA:130,2
DA:131,2
DA:132,2
DA:137,8
DA:138,8
DA:140,8
DA:150,8
DA:159,8
DA:161,2
DA:162,2
DA:163,2
DA:164,2
DA:169,4
DA:170,4
DA:172,4
DA:182,4
DA:191,4
DA:193,1
DA:194,1
DA:195,1
DA:196,1
DA:201,5
DA:202,5
DA:204,5
DA:205,5
DA:209,5
DA:210,5
DA:211,10
DA:212,10
DA:213,10
DA:215,0
DA:217,10
DA:221,5
DA:222,0
DA:224,5
DA:225,0
DA:228,5
DA:234,5
DA:240,5
DA:241,4
DA:242,4
DA:243,4
DA:244,0
DA:245,4
DA:246,4
DA:249,1
DA:251,1
DA:252,1
DA:253,1
DA:254,1
DA:259,8
DA:262,7
DA:263,2
DA:264,2
DA:265,2
DA:271,6
DA:273,10
DA:274,10
DA:275,2
DA:276,1
DA:277,1
DA:279,2
DA:281,8
DA:286,8
DA:287,8
DA:288,2
DA:289,0
DA:290,0
DA:292,2
DA:294,6
DA:298,6
DA:299,4
DA:303,2
DA:308,5
DA:310,4
DA:311,1
DA:312,1
DA:313,1
DA:318,3
DA:319,5
DA:320,5
DA:321,1
DA:322,0
DA:323,0
DA:325,1
DA:327,4
DA:330,4
DA:331,4
DA:332,1
DA:333,0
DA:334,0
DA:336,1
DA:338,3
DA:341,3
DA:342,2
DA:346,1
DA:349,1
LF:163
LH:151
BRDA:34,0,0,3
BRDA:34,0,1,2
BRDA:53,1,0,1
BRDA:53,1,1,11
BRDA:57,2,0,11
BRDA:57,2,1,11
BRDA:58,3,0,0
BRDA:58,3,1,11
BRDA:75,4,0,3
BRDA:75,4,1,0
BRDA:86,5,0,23
BRDA:100,6,0,3
BRDA:100,6,1,7
BRDA:103,7,0,1
BRDA:103,7,1,6
BRDA:117,8,0,4
BRDA:117,8,1,2
BRDA:120,9,0,4
BRDA:120,9,1,0
BRDA:123,10,0,0
BRDA:123,10,1,4
BRDA:131,11,0,0
BRDA:131,11,1,2
BRDA:138,12,0,0
BRDA:138,12,1,8
BRDA:159,13,0,6
BRDA:159,13,1,2
BRDA:163,14,0,0
BRDA:163,14,1,2
BRDA:170,15,0,0
BRDA:170,15,1,4
BRDA:191,16,0,3
BRDA:191,16,1,1
BRDA:195,17,0,0
BRDA:195,17,1,1
BRDA:202,18,0,0
BRDA:202,18,1,5
BRDA:205,19,0,0
BRDA:205,19,1,5
BRDA:211,20,0,5
BRDA:211,20,1,5
BRDA:213,21,0,0
BRDA:213,21,1,10
BRDA:213,22,0,10
BRDA:213,22,1,5
BRDA:221,23,0,0
BRDA:221,23,1,5
BRDA:221,24,0,5
BRDA:221,24,1,5
BRDA:224,25,0,0
BRDA:224,25,1,5
BRDA:240,26,0,4
BRDA:240,26,1,1
BRDA:243,27,0,4
BRDA:243,27,1,0
BRDA:245,28,0,0
BRDA:245,28,1,4
BRDA:253,29,0,0
BRDA:253,29,1,1
BRDA:258,30,0,6
BRDA:258,31,0,6
BRDA:258,32,0,7
BRDA:259,33,0,1
BRDA:259,33,1,7
BRDA:262,34,0,2
BRDA:262,34,1,5
BRDA:265,35,0,1
BRDA:265,35,1,1
BRDA:275,36,0,1
BRDA:275,36,1,1
BRDA:288,37,0,0
BRDA:288,37,1,2
BRDA:298,38,0,4
BRDA:298,38,1,2
BRDA:303,39,0,2
BRDA:303,39,1,0
BRDA:307,40,0,4
BRDA:307,41,0,4
BRDA:307,42,0,5
BRDA:308,43,0,1
BRDA:308,43,1,4
BRDA:310,44,0,1
BRDA:310,44,1,3
BRDA:313,45,0,1
BRDA:313,45,1,0
BRDA:321,46,0,0
BRDA:321,46,1,1
BRDA:332,47,0,0
BRDA:332,47,1,1
BRDA:341,48,0,2
BRDA:341,48,1,1
BRDA:346,49,0,1
BRDA:346,49,1,0
BRF:93
BRH:70
end_of_record
TN:
SF:utils\extractCity.js
FN:3,cityKey
FN:9,extractCityFromCoords
FNF:2
FNH:2
FNDA:10,cityKey
FNDA:13,extractCityFromCoords
DA:1,1
DA:4,10
DA:5,10
DA:6,10
DA:10,13
DA:12,10
DA:13,10
DA:14,10
DA:16,9
DA:18,9
DA:19,9
DA:23,9
DA:25,8
DA:26,8
DA:27,8
DA:30,8
DA:32,8
DA:33,8
DA:36,1
LF:19
LH:19
BRDA:10,0,0,3
BRDA:10,0,1,10
BRDA:10,1,0,13
BRDA:10,1,1,11
BRDA:14,2,0,1
BRDA:14,2,1,9
BRDA:23,3,0,1
BRDA:23,3,1,8
BRDA:26,4,0,8
BRDA:26,4,1,1
BRDA:27,5,0,8
BRDA:27,5,1,6
BRDA:27,5,2,5
BRDA:27,5,3,3
BRDA:27,5,4,2
BRDA:30,6,0,6
BRDA:30,6,1,2
BRDA:32,7,0,6
BRDA:32,7,1,2
BRF:19
BRH:19
end_of_record
TN:
SF:utils\geoCache.js
FN:5,getCached
FN:11,setCache
FN:19,waitForNominatimSlot
FN:30,(anonymous_3)
FN:39,autocompleteKey
FN:43,geocodeKey
FN:47,reverseGeocodeKey
FN:53,detailsKey
FNF:8
FNH:8
FNDA:3,getCached
FNDA:1,setCache
FNDA:3,waitForNominatimSlot
FNDA:2,(anonymous_3)
FNDA:1,autocompleteKey
FNDA:1,geocodeKey
FNDA:1,reverseGeocodeKey
FNDA:1,detailsKey
DA:1,1
DA:6,3
DA:7,3
DA:8,2
DA:12,1
DA:17,1
DA:21,3
DA:22,5
DA:24,5
DA:25,5
DA:28,2
DA:29,2
DA:30,2
DA:36,1
DA:37,1
DA:40,1
DA:44,1
DA:48,1
DA:49,1
DA:50,1
DA:54,1
DA:57,1
LF:22
LH:22
BRDA:7,0,0,1
BRDA:7,0,1,2
BRDA:25,1,0,3
BRDA:25,1,1,2
BRDA:29,2,0,1
BRDA:29,2,1,1
BRF:6
BRH:6
end_of_record
TN:
SF:utils\helpers.js
FN:23,extFromFilename
FN:28,signedDeliveryUrlFromSecure
FN:55,parseCloudinary
FN:63,buildDeliveryUrlFromSecure
FN:90,gen6
FN:95,sendVerificationEmail
FN:130,sendResetPasswordEmail
FN:169,getPublicWebBaseUrl
FN:173,buildResetWebUrl
FN:179,isExpoToken
FN:183,sendPushToUser
FN:184,(anonymous_11)
FN:199,(anonymous_12)
FN:209,(anonymous_13)
FN:210,(anonymous_14)
FN:217,(anonymous_15)
FN:240,(anonymous_16)
FN:249,(anonymous_17)
FN:250,(anonymous_18)
FN:257,(anonymous_19)
FN:272,q
FN:273,(anonymous_21)
FN:274,(anonymous_22)
FN:286,isMutedForReceiver
FN:287,(anonymous_24)
FN:296,(anonymous_25)
FN:311,getActivePushTokens
FN:312,(anonymous_27)
FN:321,(anonymous_28)
FN:323,(anonymous_29)
FN:330,generateRefreshToken
FN:347,consumeRefreshToken
FN:376,revokeRefreshToken
FN:382,issueToken
FN:424,(anonymous_34)
FN:425,(anonymous_35)
FN:429,createEmailCooldown
FN:430,emailCooldown
FNF:38
FNH:36
FNDA:8,extFromFilename
FNDA:3,signedDeliveryUrlFromSecure
FNDA:14,parseCloudinary
FNDA:4,buildDeliveryUrlFromSecure
FNDA:11,gen6
FNDA:3,sendVerificationEmail
FNDA:3,sendResetPasswordEmail
FNDA:4,getPublicWebBaseUrl
FNDA:2,buildResetWebUrl
FNDA:8,isExpoToken
FNDA:7,sendPushToUser
FNDA:7,(anonymous_11)
FNDA:7,(anonymous_12)
FNDA:5,(anonymous_13)
FNDA:5,(anonymous_14)
FNDA:4,(anonymous_15)
FNDA:3,(anonymous_16)
FNDA:3,(anonymous_17)
FNDA:2,(anonymous_18)
FNDA:2,(anonymous_19)
FNDA:2,q
FNDA:2,(anonymous_21)
FNDA:2,(anonymous_22)
FNDA:6,isMutedForReceiver
FNDA:6,(anonymous_24)
FNDA:6,(anonymous_25)
FNDA:2,getActivePushTokens
FNDA:2,(anonymous_27)
FNDA:2,(anonymous_28)
FNDA:2,(anonymous_29)
FNDA:4,generateRefreshToken
FNDA:4,consumeRefreshToken
FNDA:1,revokeRefreshToken
FNDA:2,issueToken
FNDA:0,(anonymous_34)
FNDA:0,(anonymous_35)
FNDA:6,createEmailCooldown
FNDA:5,emailCooldown
DA:1,1
DA:2,1
DA:3,1
DA:4,1
DA:5,1
DA:6,1
DA:7,1
DA:8,1
DA:9,1
DA:11,1
DA:12,1
DA:13,1
DA:15,1
DA:16,1
DA:18,1
DA:24,8
DA:25,8
DA:33,3
DA:34,3
DA:36,2
DA:37,2
DA:38,2
DA:41,2
DA:43,2
DA:56,14
DA:57,14
DA:58,14
DA:59,9
DA:60,9
DA:64,4
DA:65,4
DA:67,3
DA:68,3
DA:77,3
DA:78,1
DA:79,1
DA:83,2
DA:92,11
DA:96,3
DA:97,3
DA:99,3
DA:109,3
DA:110,3
DA:118,2
DA:119,1
DA:120,1
DA:123,1
DA:125,2
DA:126,2
DA:131,3
DA:132,3
DA:134,3
DA:148,3
DA:149,3
DA:157,2
DA:158,1
DA:159,1
DA:162,1
DA:164,2
DA:165,2
DA:170,4
DA:174,2
DA:175,2
DA:176,1
DA:180,8
DA:184,7
DA:185,7
DA:191,7
DA:200,7
DA:201,1
DA:202,1
DA:205,6
DA:207,6
DA:208,6
DA:209,5
DA:210,5
DA:212,6
DA:213,2
DA:214,2
DA:217,4
DA:227,4
DA:228,4
DA:231,4
DA:233,4
DA:234,4
DA:236,3
DA:237,3
DA:238,3
DA:240,3
DA:241,3
DA:245,3
DA:248,3
DA:249,3
DA:250,2
DA:252,3
DA:254,2
DA:258,2
DA:259,1
DA:260,2
DA:264,1
DA:265,1
DA:273,2
DA:274,2
DA:275,2
DA:277,1
DA:278,1
DA:279,1
DA:281,1
DA:287,6
DA:288,6
DA:296,6
DA:297,6
DA:298,5
DA:300,4
DA:301,4
DA:303,3
DA:304,1
DA:306,2
DA:312,2
DA:313,2
DA:321,2
DA:322,2
DA:323,2
DA:331,4
DA:332,4
DA:333,4
DA:335,4
DA:343,4
DA:344,4
DA:348,4
DA:350,4
DA:351,4
DA:354,1
DA:357,3
DA:360,3
DA:361,3
DA:362,1
DA:366,2
DA:367,2
DA:369,1
DA:370,1
DA:373,1
DA:377,1
DA:378,1
DA:383,2
DA:389,2
DA:395,2
DA:396,2
DA:398,2
DA:419,1
DA:424,0
DA:425,0
DA:430,6
DA:431,5
DA:432,5
DA:434,3
DA:435,3
DA:436,3
DA:437,2
DA:438,1
DA:440,1
DA:441,1
DA:443,1
DA:447,1
DA:449,1
LF:165
LH:163
BRDA:11,0,0,1
BRDA:11,0,1,1
BRDA:12,1,0,1
BRDA:12,1,1,1
BRDA:24,2,0,8
BRDA:24,2,1,3
BRDA:25,3,0,4
BRDA:25,3,1,4
BRDA:30,4,0,1
BRDA:30,5,0,1
BRDA:30,5,1,1
BRDA:34,6,0,1
BRDA:34,6,1,2
BRDA:36,7,0,2
BRDA:36,7,1,0
BRDA:41,8,0,2
BRDA:41,8,1,1
BRDA:50,9,0,2
BRDA:50,9,1,0
BRDA:57,10,0,14
BRDA:57,10,1,2
BRDA:58,11,0,5
BRDA:58,11,1,9
BRDA:60,12,0,8
BRDA:60,12,1,1
BRDA:63,13,0,4
BRDA:65,14,0,1
BRDA:65,14,1,3
BRDA:67,15,0,3
BRDA:67,15,1,0
BRDA:69,16,0,3
BRDA:69,16,1,0
BRDA:77,17,0,1
BRDA:77,17,1,2
BRDA:86,18,0,2
BRDA:86,18,1,0
BRDA:96,19,0,3
BRDA:96,19,1,3
BRDA:97,20,0,3
BRDA:97,20,1,3
BRDA:118,21,0,1
BRDA:118,21,1,1
BRDA:120,22,0,1
BRDA:120,22,1,0
BRDA:131,23,0,3
BRDA:131,23,1,3
BRDA:132,24,0,3
BRDA:132,24,1,3
BRDA:157,25,0,1
BRDA:157,25,1,1
BRDA:159,26,0,1
BRDA:159,26,1,0
BRDA:170,27,0,4
BRDA:170,27,1,2
BRDA:175,28,0,1
BRDA:175,28,1,1
BRDA:180,29,0,8
BRDA:180,29,1,6
BRDA:188,30,0,7
BRDA:188,30,1,0
BRDA:200,31,0,1
BRDA:200,31,1,6
BRDA:207,32,0,6
BRDA:207,32,1,0
BRDA:212,33,0,2
BRDA:212,33,1,4
BRDA:222,34,0,4
BRDA:222,34,1,3
BRDA:241,35,0,3
BRDA:241,35,1,0
BRDA:249,36,0,3
BRDA:249,36,1,2
BRDA:252,37,0,1
BRDA:252,37,1,2
BRDA:258,38,0,1
BRDA:258,38,1,1
BRDA:275,39,0,1
BRDA:275,39,1,1
BRDA:297,40,0,1
BRDA:297,40,1,5
BRDA:298,41,0,1
BRDA:298,41,1,4
BRDA:301,42,0,1
BRDA:301,42,1,3
BRDA:303,43,0,1
BRDA:303,43,1,2
BRDA:303,44,0,3
BRDA:303,44,1,2
BRDA:322,45,0,1
BRDA:322,45,1,1
BRDA:331,46,0,4
BRDA:331,46,1,3
BRDA:351,47,0,1
BRDA:351,47,1,3
BRDA:361,48,0,1
BRDA:361,48,1,2
BRDA:367,49,0,1
BRDA:367,49,1,1
BRDA:396,50,0,2
BRDA:396,50,1,0
BRDA:410,51,0,2
BRDA:410,51,1,1
BRDA:412,52,0,2
BRDA:412,52,1,2
BRDA:414,53,0,2
BRDA:414,53,1,1
BRDA:429,54,0,4
BRDA:429,55,0,4
BRDA:431,56,0,5
BRDA:431,56,1,1
BRDA:432,57,0,2
BRDA:432,57,1,3
BRDA:432,58,0,5
BRDA:432,58,1,4
BRDA:437,59,0,1
BRDA:437,59,1,1
BRF:116
BRH:105
end_of_record
TN:
SF:utils\sentry.js
FN:8,(anonymous_0)
FNF:1
FNH:1
FNDA:4,(anonymous_0)
DA:1,6
DA:3,6
DA:9,4
DA:10,4
DA:11,2
DA:15,6
LF:6
LH:6
BRDA:7,0,0,0
BRDA:7,0,1,6
BRDA:9,1,0,4
BRDA:9,1,1,1
BRDA:10,2,0,2
BRDA:10,2,1,2
BRF:6
BRH:5
end_of_record
